ARM GAS  /tmp/ccpK8pDU.s 			page 1


   1              		.cpu cortex-m7
   2              		.eabi_attribute 28, 1
   3              		.eabi_attribute 20, 1
   4              		.eabi_attribute 21, 1
   5              		.eabi_attribute 23, 3
   6              		.eabi_attribute 24, 1
   7              		.eabi_attribute 25, 1
   8              		.eabi_attribute 26, 1
   9              		.eabi_attribute 30, 1
  10              		.eabi_attribute 34, 1
  11              		.eabi_attribute 18, 4
  12              		.file	"arm_mat_trans_q31.c"
  13              		.text
  14              	.Ltext0:
  15              		.cfi_sections	.debug_frame
  16              		.section	.text.arm_mat_trans_q31,"ax",%progbits
  17              		.align	1
  18              		.global	arm_mat_trans_q31
  19              		.arch armv7e-m
  20              		.syntax unified
  21              		.thumb
  22              		.thumb_func
  23              		.fpu fpv5-d16
  25              	arm_mat_trans_q31:
  26              	.LVL0:
  27              	.LFB145:
  28              		.file 1 "Drivers/CMSIS/DSP/Source/MatrixFunctions/arm_mat_trans_q31.c"
   1:Drivers/CMSIS/DSP/Source/MatrixFunctions/arm_mat_trans_q31.c **** /* ----------------------------------------------------------------------
   2:Drivers/CMSIS/DSP/Source/MatrixFunctions/arm_mat_trans_q31.c ****  * Project:      CMSIS DSP Library
   3:Drivers/CMSIS/DSP/Source/MatrixFunctions/arm_mat_trans_q31.c ****  * Title:        arm_mat_trans_q31.c
   4:Drivers/CMSIS/DSP/Source/MatrixFunctions/arm_mat_trans_q31.c ****  * Description:  Q31 matrix transpose
   5:Drivers/CMSIS/DSP/Source/MatrixFunctions/arm_mat_trans_q31.c ****  *
   6:Drivers/CMSIS/DSP/Source/MatrixFunctions/arm_mat_trans_q31.c ****  * $Date:        18. March 2019
   7:Drivers/CMSIS/DSP/Source/MatrixFunctions/arm_mat_trans_q31.c ****  * $Revision:    V1.6.0
   8:Drivers/CMSIS/DSP/Source/MatrixFunctions/arm_mat_trans_q31.c ****  *
   9:Drivers/CMSIS/DSP/Source/MatrixFunctions/arm_mat_trans_q31.c ****  * Target Processor: Cortex-M cores
  10:Drivers/CMSIS/DSP/Source/MatrixFunctions/arm_mat_trans_q31.c ****  * -------------------------------------------------------------------- */
  11:Drivers/CMSIS/DSP/Source/MatrixFunctions/arm_mat_trans_q31.c **** /*
  12:Drivers/CMSIS/DSP/Source/MatrixFunctions/arm_mat_trans_q31.c ****  * Copyright (C) 2010-2019 ARM Limited or its affiliates. All rights reserved.
  13:Drivers/CMSIS/DSP/Source/MatrixFunctions/arm_mat_trans_q31.c ****  *
  14:Drivers/CMSIS/DSP/Source/MatrixFunctions/arm_mat_trans_q31.c ****  * SPDX-License-Identifier: Apache-2.0
  15:Drivers/CMSIS/DSP/Source/MatrixFunctions/arm_mat_trans_q31.c ****  *
  16:Drivers/CMSIS/DSP/Source/MatrixFunctions/arm_mat_trans_q31.c ****  * Licensed under the Apache License, Version 2.0 (the License); you may
  17:Drivers/CMSIS/DSP/Source/MatrixFunctions/arm_mat_trans_q31.c ****  * not use this file except in compliance with the License.
  18:Drivers/CMSIS/DSP/Source/MatrixFunctions/arm_mat_trans_q31.c ****  * You may obtain a copy of the License at
  19:Drivers/CMSIS/DSP/Source/MatrixFunctions/arm_mat_trans_q31.c ****  *
  20:Drivers/CMSIS/DSP/Source/MatrixFunctions/arm_mat_trans_q31.c ****  * www.apache.org/licenses/LICENSE-2.0
  21:Drivers/CMSIS/DSP/Source/MatrixFunctions/arm_mat_trans_q31.c ****  *
  22:Drivers/CMSIS/DSP/Source/MatrixFunctions/arm_mat_trans_q31.c ****  * Unless required by applicable law or agreed to in writing, software
  23:Drivers/CMSIS/DSP/Source/MatrixFunctions/arm_mat_trans_q31.c ****  * distributed under the License is distributed on an AS IS BASIS, WITHOUT
  24:Drivers/CMSIS/DSP/Source/MatrixFunctions/arm_mat_trans_q31.c ****  * WARRANTIES OR CONDITIONS OF ANY KIND, either express or implied.
  25:Drivers/CMSIS/DSP/Source/MatrixFunctions/arm_mat_trans_q31.c ****  * See the License for the specific language governing permissions and
  26:Drivers/CMSIS/DSP/Source/MatrixFunctions/arm_mat_trans_q31.c ****  * limitations under the License.
  27:Drivers/CMSIS/DSP/Source/MatrixFunctions/arm_mat_trans_q31.c ****  */
  28:Drivers/CMSIS/DSP/Source/MatrixFunctions/arm_mat_trans_q31.c **** 
  29:Drivers/CMSIS/DSP/Source/MatrixFunctions/arm_mat_trans_q31.c **** #include "arm_math.h"
  30:Drivers/CMSIS/DSP/Source/MatrixFunctions/arm_mat_trans_q31.c **** 
ARM GAS  /tmp/ccpK8pDU.s 			page 2


  31:Drivers/CMSIS/DSP/Source/MatrixFunctions/arm_mat_trans_q31.c **** /**
  32:Drivers/CMSIS/DSP/Source/MatrixFunctions/arm_mat_trans_q31.c ****   @ingroup groupMatrix
  33:Drivers/CMSIS/DSP/Source/MatrixFunctions/arm_mat_trans_q31.c ****  */
  34:Drivers/CMSIS/DSP/Source/MatrixFunctions/arm_mat_trans_q31.c **** 
  35:Drivers/CMSIS/DSP/Source/MatrixFunctions/arm_mat_trans_q31.c **** /**
  36:Drivers/CMSIS/DSP/Source/MatrixFunctions/arm_mat_trans_q31.c ****   @addtogroup MatrixTrans
  37:Drivers/CMSIS/DSP/Source/MatrixFunctions/arm_mat_trans_q31.c ****   @{
  38:Drivers/CMSIS/DSP/Source/MatrixFunctions/arm_mat_trans_q31.c ****  */
  39:Drivers/CMSIS/DSP/Source/MatrixFunctions/arm_mat_trans_q31.c **** 
  40:Drivers/CMSIS/DSP/Source/MatrixFunctions/arm_mat_trans_q31.c **** /**
  41:Drivers/CMSIS/DSP/Source/MatrixFunctions/arm_mat_trans_q31.c ****   @brief         Q31 matrix transpose.
  42:Drivers/CMSIS/DSP/Source/MatrixFunctions/arm_mat_trans_q31.c ****   @param[in]     pSrc      points to input matrix
  43:Drivers/CMSIS/DSP/Source/MatrixFunctions/arm_mat_trans_q31.c ****   @param[out]    pDst      points to output matrix
  44:Drivers/CMSIS/DSP/Source/MatrixFunctions/arm_mat_trans_q31.c ****   @return        execution status
  45:Drivers/CMSIS/DSP/Source/MatrixFunctions/arm_mat_trans_q31.c ****                    - \ref ARM_MATH_SUCCESS       : Operation successful
  46:Drivers/CMSIS/DSP/Source/MatrixFunctions/arm_mat_trans_q31.c ****                    - \ref ARM_MATH_SIZE_MISMATCH : Matrix size check failed
  47:Drivers/CMSIS/DSP/Source/MatrixFunctions/arm_mat_trans_q31.c ****  */
  48:Drivers/CMSIS/DSP/Source/MatrixFunctions/arm_mat_trans_q31.c **** 
  49:Drivers/CMSIS/DSP/Source/MatrixFunctions/arm_mat_trans_q31.c **** arm_status arm_mat_trans_q31(
  50:Drivers/CMSIS/DSP/Source/MatrixFunctions/arm_mat_trans_q31.c ****   const arm_matrix_instance_q31 * pSrc,
  51:Drivers/CMSIS/DSP/Source/MatrixFunctions/arm_mat_trans_q31.c ****         arm_matrix_instance_q31 * pDst)
  52:Drivers/CMSIS/DSP/Source/MatrixFunctions/arm_mat_trans_q31.c **** {
  29              		.loc 1 52 1 view -0
  30              		.cfi_startproc
  31              		@ args = 0, pretend = 0, frame = 0
  32              		@ frame_needed = 0, uses_anonymous_args = 0
  33              		.loc 1 52 1 is_stmt 0 view .LVU1
  34 0000 70B5     		push	{r4, r5, r6, lr}
  35              	.LCFI0:
  36              		.cfi_def_cfa_offset 16
  37              		.cfi_offset 4, -16
  38              		.cfi_offset 5, -12
  39              		.cfi_offset 6, -8
  40              		.cfi_offset 14, -4
  53:Drivers/CMSIS/DSP/Source/MatrixFunctions/arm_mat_trans_q31.c ****   q31_t *pIn = pSrc->pData;                      /* input data matrix pointer */
  41              		.loc 1 53 3 is_stmt 1 view .LVU2
  42              		.loc 1 53 10 is_stmt 0 view .LVU3
  43 0002 4368     		ldr	r3, [r0, #4]
  44              	.LVL1:
  54:Drivers/CMSIS/DSP/Source/MatrixFunctions/arm_mat_trans_q31.c ****   q31_t *pOut = pDst->pData;                     /* output data matrix pointer */
  45              		.loc 1 54 3 is_stmt 1 view .LVU4
  46              		.loc 1 54 10 is_stmt 0 view .LVU5
  47 0004 4E68     		ldr	r6, [r1, #4]
  48              	.LVL2:
  55:Drivers/CMSIS/DSP/Source/MatrixFunctions/arm_mat_trans_q31.c ****   q31_t *px;                                     /* Temporary output data matrix pointer */
  49              		.loc 1 55 3 is_stmt 1 view .LVU6
  56:Drivers/CMSIS/DSP/Source/MatrixFunctions/arm_mat_trans_q31.c ****   uint16_t nRows = pSrc->numRows;                /* number of rows */
  50              		.loc 1 56 3 view .LVU7
  51              		.loc 1 56 12 is_stmt 0 view .LVU8
  52 0006 B0F800C0 		ldrh	ip, [r0]
  53              	.LVL3:
  57:Drivers/CMSIS/DSP/Source/MatrixFunctions/arm_mat_trans_q31.c ****   uint16_t nCols = pSrc->numCols;                /* number of columns */
  54              		.loc 1 57 3 is_stmt 1 view .LVU9
  55              		.loc 1 57 12 is_stmt 0 view .LVU10
  56 000a 4588     		ldrh	r5, [r0, #2]
  57              	.LVL4:
  58:Drivers/CMSIS/DSP/Source/MatrixFunctions/arm_mat_trans_q31.c ****   uint32_t col, row = nRows, i = 0U;             /* Loop counters */
ARM GAS  /tmp/ccpK8pDU.s 			page 3


  58              		.loc 1 58 3 is_stmt 1 view .LVU11
  59              		.loc 1 58 17 is_stmt 0 view .LVU12
  60 000c 6446     		mov	r4, ip
  61              		.loc 1 58 30 view .LVU13
  62 000e 4FF0000E 		mov	lr, #0
  63 0012 0BE0     		b	.L4
  64              	.LVL5:
  65              	.L3:
  59:Drivers/CMSIS/DSP/Source/MatrixFunctions/arm_mat_trans_q31.c ****   arm_status status;                             /* status of matrix transpose */
  60:Drivers/CMSIS/DSP/Source/MatrixFunctions/arm_mat_trans_q31.c **** 
  61:Drivers/CMSIS/DSP/Source/MatrixFunctions/arm_mat_trans_q31.c **** #ifdef ARM_MATH_MATRIX_CHECK
  62:Drivers/CMSIS/DSP/Source/MatrixFunctions/arm_mat_trans_q31.c **** 
  63:Drivers/CMSIS/DSP/Source/MatrixFunctions/arm_mat_trans_q31.c ****   /* Check for matrix mismatch condition */
  64:Drivers/CMSIS/DSP/Source/MatrixFunctions/arm_mat_trans_q31.c ****   if ((pSrc->numRows != pDst->numCols) ||
  65:Drivers/CMSIS/DSP/Source/MatrixFunctions/arm_mat_trans_q31.c ****       (pSrc->numCols != pDst->numRows)   )
  66:Drivers/CMSIS/DSP/Source/MatrixFunctions/arm_mat_trans_q31.c ****   {
  67:Drivers/CMSIS/DSP/Source/MatrixFunctions/arm_mat_trans_q31.c ****     /* Set status as ARM_MATH_SIZE_MISMATCH */
  68:Drivers/CMSIS/DSP/Source/MatrixFunctions/arm_mat_trans_q31.c ****     status = ARM_MATH_SIZE_MISMATCH;
  69:Drivers/CMSIS/DSP/Source/MatrixFunctions/arm_mat_trans_q31.c ****   }
  70:Drivers/CMSIS/DSP/Source/MatrixFunctions/arm_mat_trans_q31.c ****   else
  71:Drivers/CMSIS/DSP/Source/MatrixFunctions/arm_mat_trans_q31.c **** 
  72:Drivers/CMSIS/DSP/Source/MatrixFunctions/arm_mat_trans_q31.c **** #endif /* #ifdef ARM_MATH_MATRIX_CHECK */
  73:Drivers/CMSIS/DSP/Source/MatrixFunctions/arm_mat_trans_q31.c **** 
  74:Drivers/CMSIS/DSP/Source/MatrixFunctions/arm_mat_trans_q31.c ****   {
  75:Drivers/CMSIS/DSP/Source/MatrixFunctions/arm_mat_trans_q31.c ****     /* Matrix transpose by exchanging the rows with columns */
  76:Drivers/CMSIS/DSP/Source/MatrixFunctions/arm_mat_trans_q31.c ****     /* row loop */
  77:Drivers/CMSIS/DSP/Source/MatrixFunctions/arm_mat_trans_q31.c ****     do
  78:Drivers/CMSIS/DSP/Source/MatrixFunctions/arm_mat_trans_q31.c ****     {
  79:Drivers/CMSIS/DSP/Source/MatrixFunctions/arm_mat_trans_q31.c ****       /* Pointer px is set to starting address of column being processed */
  80:Drivers/CMSIS/DSP/Source/MatrixFunctions/arm_mat_trans_q31.c ****       px = pOut + i;
  81:Drivers/CMSIS/DSP/Source/MatrixFunctions/arm_mat_trans_q31.c **** 
  82:Drivers/CMSIS/DSP/Source/MatrixFunctions/arm_mat_trans_q31.c **** #if defined (ARM_MATH_LOOPUNROLL)
  83:Drivers/CMSIS/DSP/Source/MatrixFunctions/arm_mat_trans_q31.c **** 
  84:Drivers/CMSIS/DSP/Source/MatrixFunctions/arm_mat_trans_q31.c ****       /* Loop unrolling: Compute 4 outputs at a time */
  85:Drivers/CMSIS/DSP/Source/MatrixFunctions/arm_mat_trans_q31.c ****       col = nCols >> 2U;
  86:Drivers/CMSIS/DSP/Source/MatrixFunctions/arm_mat_trans_q31.c **** 
  87:Drivers/CMSIS/DSP/Source/MatrixFunctions/arm_mat_trans_q31.c ****       while (col > 0U)        /* column loop */
  88:Drivers/CMSIS/DSP/Source/MatrixFunctions/arm_mat_trans_q31.c ****       {
  89:Drivers/CMSIS/DSP/Source/MatrixFunctions/arm_mat_trans_q31.c ****         /* Read and store input element in destination */
  90:Drivers/CMSIS/DSP/Source/MatrixFunctions/arm_mat_trans_q31.c ****         *px = *pIn++;
  91:Drivers/CMSIS/DSP/Source/MatrixFunctions/arm_mat_trans_q31.c ****         /* Update pointer px to point to next row of transposed matrix */
  92:Drivers/CMSIS/DSP/Source/MatrixFunctions/arm_mat_trans_q31.c ****         px += nRows;
  93:Drivers/CMSIS/DSP/Source/MatrixFunctions/arm_mat_trans_q31.c **** 
  94:Drivers/CMSIS/DSP/Source/MatrixFunctions/arm_mat_trans_q31.c ****         *px = *pIn++;
  95:Drivers/CMSIS/DSP/Source/MatrixFunctions/arm_mat_trans_q31.c ****         px += nRows;
  96:Drivers/CMSIS/DSP/Source/MatrixFunctions/arm_mat_trans_q31.c **** 
  97:Drivers/CMSIS/DSP/Source/MatrixFunctions/arm_mat_trans_q31.c ****         *px = *pIn++;
  98:Drivers/CMSIS/DSP/Source/MatrixFunctions/arm_mat_trans_q31.c ****         px += nRows;
  99:Drivers/CMSIS/DSP/Source/MatrixFunctions/arm_mat_trans_q31.c **** 
 100:Drivers/CMSIS/DSP/Source/MatrixFunctions/arm_mat_trans_q31.c ****         *px = *pIn++;
 101:Drivers/CMSIS/DSP/Source/MatrixFunctions/arm_mat_trans_q31.c ****         px += nRows;
 102:Drivers/CMSIS/DSP/Source/MatrixFunctions/arm_mat_trans_q31.c **** 
 103:Drivers/CMSIS/DSP/Source/MatrixFunctions/arm_mat_trans_q31.c ****         /* Decrement column loop counter */
 104:Drivers/CMSIS/DSP/Source/MatrixFunctions/arm_mat_trans_q31.c ****         col--;
 105:Drivers/CMSIS/DSP/Source/MatrixFunctions/arm_mat_trans_q31.c ****       }
 106:Drivers/CMSIS/DSP/Source/MatrixFunctions/arm_mat_trans_q31.c **** 
 107:Drivers/CMSIS/DSP/Source/MatrixFunctions/arm_mat_trans_q31.c ****       /* Loop unrolling: Compute remaining outputs */
ARM GAS  /tmp/ccpK8pDU.s 			page 4


 108:Drivers/CMSIS/DSP/Source/MatrixFunctions/arm_mat_trans_q31.c ****       col = nCols % 0x4U;
 109:Drivers/CMSIS/DSP/Source/MatrixFunctions/arm_mat_trans_q31.c **** 
 110:Drivers/CMSIS/DSP/Source/MatrixFunctions/arm_mat_trans_q31.c **** #else
 111:Drivers/CMSIS/DSP/Source/MatrixFunctions/arm_mat_trans_q31.c **** 
 112:Drivers/CMSIS/DSP/Source/MatrixFunctions/arm_mat_trans_q31.c ****       /* Initialize col with number of samples */
 113:Drivers/CMSIS/DSP/Source/MatrixFunctions/arm_mat_trans_q31.c ****       col = nCols;
 114:Drivers/CMSIS/DSP/Source/MatrixFunctions/arm_mat_trans_q31.c **** 
 115:Drivers/CMSIS/DSP/Source/MatrixFunctions/arm_mat_trans_q31.c **** #endif /* #if defined (ARM_MATH_LOOPUNROLL) */
 116:Drivers/CMSIS/DSP/Source/MatrixFunctions/arm_mat_trans_q31.c **** 
 117:Drivers/CMSIS/DSP/Source/MatrixFunctions/arm_mat_trans_q31.c ****       while (col > 0U)
 118:Drivers/CMSIS/DSP/Source/MatrixFunctions/arm_mat_trans_q31.c ****       {
 119:Drivers/CMSIS/DSP/Source/MatrixFunctions/arm_mat_trans_q31.c ****         /* Read and store input element in destination */
 120:Drivers/CMSIS/DSP/Source/MatrixFunctions/arm_mat_trans_q31.c ****         *px = *pIn++;
  66              		.loc 1 120 9 is_stmt 1 view .LVU14
  67              		.loc 1 120 15 is_stmt 0 view .LVU15
  68 0014 53F8040B 		ldr	r0, [r3], #4
  69              	.LVL6:
  70              		.loc 1 120 13 view .LVU16
  71 0018 0860     		str	r0, [r1]
 121:Drivers/CMSIS/DSP/Source/MatrixFunctions/arm_mat_trans_q31.c **** 
 122:Drivers/CMSIS/DSP/Source/MatrixFunctions/arm_mat_trans_q31.c ****         /* Update pointer px to point to next row of transposed matrix */
 123:Drivers/CMSIS/DSP/Source/MatrixFunctions/arm_mat_trans_q31.c ****         px += nRows;
  72              		.loc 1 123 9 is_stmt 1 view .LVU17
  73              		.loc 1 123 12 is_stmt 0 view .LVU18
  74 001a 01EB8C01 		add	r1, r1, ip, lsl #2
  75              	.LVL7:
 124:Drivers/CMSIS/DSP/Source/MatrixFunctions/arm_mat_trans_q31.c **** 
 125:Drivers/CMSIS/DSP/Source/MatrixFunctions/arm_mat_trans_q31.c ****         /* Decrement column loop counter */
 126:Drivers/CMSIS/DSP/Source/MatrixFunctions/arm_mat_trans_q31.c ****         col--;
  76              		.loc 1 126 9 is_stmt 1 view .LVU19
  77              		.loc 1 126 12 is_stmt 0 view .LVU20
  78 001e 013A     		subs	r2, r2, #1
  79              	.LVL8:
  80              	.L2:
 117:Drivers/CMSIS/DSP/Source/MatrixFunctions/arm_mat_trans_q31.c ****       {
  81              		.loc 1 117 13 is_stmt 1 view .LVU21
  82 0020 002A     		cmp	r2, #0
  83 0022 F7D1     		bne	.L3
 127:Drivers/CMSIS/DSP/Source/MatrixFunctions/arm_mat_trans_q31.c ****       }
 128:Drivers/CMSIS/DSP/Source/MatrixFunctions/arm_mat_trans_q31.c **** 
 129:Drivers/CMSIS/DSP/Source/MatrixFunctions/arm_mat_trans_q31.c ****       i++;
  84              		.loc 1 129 7 view .LVU22
  85              		.loc 1 129 8 is_stmt 0 view .LVU23
  86 0024 0EF1010E 		add	lr, lr, #1
  87              	.LVL9:
 130:Drivers/CMSIS/DSP/Source/MatrixFunctions/arm_mat_trans_q31.c **** 
 131:Drivers/CMSIS/DSP/Source/MatrixFunctions/arm_mat_trans_q31.c ****       /* Decrement row loop counter */
 132:Drivers/CMSIS/DSP/Source/MatrixFunctions/arm_mat_trans_q31.c ****       row--;
  88              		.loc 1 132 7 is_stmt 1 view .LVU24
 133:Drivers/CMSIS/DSP/Source/MatrixFunctions/arm_mat_trans_q31.c **** 
 134:Drivers/CMSIS/DSP/Source/MatrixFunctions/arm_mat_trans_q31.c ****     } while (row > 0U);          /* row loop end */
  89              		.loc 1 134 13 view .LVU25
  90              		.loc 1 134 5 is_stmt 0 view .LVU26
  91 0028 013C     		subs	r4, r4, #1
  92              	.LVL10:
  93              		.loc 1 134 5 view .LVU27
  94 002a 03D0     		beq	.L6
ARM GAS  /tmp/ccpK8pDU.s 			page 5


  95              	.LVL11:
  96              	.L4:
  59:Drivers/CMSIS/DSP/Source/MatrixFunctions/arm_mat_trans_q31.c **** 
  97              		.loc 1 59 3 is_stmt 1 view .LVU28
  77:Drivers/CMSIS/DSP/Source/MatrixFunctions/arm_mat_trans_q31.c ****     {
  98              		.loc 1 77 5 view .LVU29
  80:Drivers/CMSIS/DSP/Source/MatrixFunctions/arm_mat_trans_q31.c **** 
  99              		.loc 1 80 7 view .LVU30
  80:Drivers/CMSIS/DSP/Source/MatrixFunctions/arm_mat_trans_q31.c **** 
 100              		.loc 1 80 10 is_stmt 0 view .LVU31
 101 002c 06EB8E01 		add	r1, r6, lr, lsl #2
 102              	.LVL12:
 113:Drivers/CMSIS/DSP/Source/MatrixFunctions/arm_mat_trans_q31.c **** 
 103              		.loc 1 113 7 is_stmt 1 view .LVU32
 113:Drivers/CMSIS/DSP/Source/MatrixFunctions/arm_mat_trans_q31.c **** 
 104              		.loc 1 113 11 is_stmt 0 view .LVU33
 105 0030 2A46     		mov	r2, r5
 106              	.LVL13:
 117:Drivers/CMSIS/DSP/Source/MatrixFunctions/arm_mat_trans_q31.c ****       {
 107              		.loc 1 117 7 is_stmt 1 view .LVU34
 117:Drivers/CMSIS/DSP/Source/MatrixFunctions/arm_mat_trans_q31.c ****       {
 108              		.loc 1 117 13 is_stmt 0 view .LVU35
 109 0032 F5E7     		b	.L2
 110              	.L6:
 135:Drivers/CMSIS/DSP/Source/MatrixFunctions/arm_mat_trans_q31.c **** 
 136:Drivers/CMSIS/DSP/Source/MatrixFunctions/arm_mat_trans_q31.c ****     /* Set status as ARM_MATH_SUCCESS */
 137:Drivers/CMSIS/DSP/Source/MatrixFunctions/arm_mat_trans_q31.c ****     status = ARM_MATH_SUCCESS;
 111              		.loc 1 137 5 is_stmt 1 view .LVU36
 112              	.LVL14:
 138:Drivers/CMSIS/DSP/Source/MatrixFunctions/arm_mat_trans_q31.c ****   }
 139:Drivers/CMSIS/DSP/Source/MatrixFunctions/arm_mat_trans_q31.c **** 
 140:Drivers/CMSIS/DSP/Source/MatrixFunctions/arm_mat_trans_q31.c ****   /* Return to application */
 141:Drivers/CMSIS/DSP/Source/MatrixFunctions/arm_mat_trans_q31.c ****   return (status);
 113              		.loc 1 141 3 view .LVU37
 142:Drivers/CMSIS/DSP/Source/MatrixFunctions/arm_mat_trans_q31.c **** }
 114              		.loc 1 142 1 is_stmt 0 view .LVU38
 115 0034 0020     		movs	r0, #0
 116 0036 70BD     		pop	{r4, r5, r6, pc}
 117              		.loc 1 142 1 view .LVU39
 118              		.cfi_endproc
 119              	.LFE145:
 121              		.text
 122              	.Letext0:
 123              		.file 2 "/usr/lib/gcc/arm-none-eabi/10.3.1/include/stdint.h"
 124              		.file 3 "Drivers/CMSIS/DSP/Include/arm_math.h"
ARM GAS  /tmp/ccpK8pDU.s 			page 6


DEFINED SYMBOLS
                            *ABS*:0000000000000000 arm_mat_trans_q31.c
     /tmp/ccpK8pDU.s:17     .text.arm_mat_trans_q31:0000000000000000 $t
     /tmp/ccpK8pDU.s:25     .text.arm_mat_trans_q31:0000000000000000 arm_mat_trans_q31

NO UNDEFINED SYMBOLS
