ARM GAS  /tmp/ccB8Jy7R.s 			page 1


   1              		.cpu cortex-m7
   2              		.eabi_attribute 28, 1
   3              		.eabi_attribute 20, 1
   4              		.eabi_attribute 21, 1
   5              		.eabi_attribute 23, 3
   6              		.eabi_attribute 24, 1
   7              		.eabi_attribute 25, 1
   8              		.eabi_attribute 26, 1
   9              		.eabi_attribute 30, 1
  10              		.eabi_attribute 34, 1
  11              		.eabi_attribute 18, 4
  12              		.file	"bmp_280.c"
  13              		.text
  14              	.Ltext0:
  15              		.cfi_sections	.debug_frame
  16              		.section	.rodata.bmp280_init.str1.4,"aMS",%progbits,1
  17              		.align	2
  18              	.LC0:
  19 0000 44657669 		.ascii	"Device identified successfully\012\015\000"
  19      63652069 
  19      64656E74 
  19      69666965 
  19      64207375 
  20 0021 000000   		.align	2
  21              	.LC1:
  22 0024 6300     		.ascii	"c\000"
  23 0026 0000     		.align	2
  24              	.LC2:
  25 0028 44657669 		.ascii	"Device could not be identified\012\015\000"
  25      63652063 
  25      6F756C64 
  25      206E6F74 
  25      20626520 
  26 0049 000000   		.align	2
  27              	.LC3:
  28 004c 57726974 		.ascii	"Writing to Control Measurement register\012\015\000"
  28      696E6720 
  28      746F2043 
  28      6F6E7472 
  28      6F6C204D 
  29 0076 0000     		.align	2
  30              	.LC4:
  31 0078 4661696C 		.ascii	"Failed writing to Control Measurement register\012\015"
  31      65642077 
  31      72697469 
  31      6E672074 
  31      6F20436F 
  32 00a8 00       		.ascii	"\000"
  33 00a9 000000   		.align	2
  34              	.LC5:
  35 00ac 57726974 		.ascii	"Writing to Configuration register\012\015\000"
  35      696E6720 
  35      746F2043 
  35      6F6E6669 
  35      67757261 
  36              		.align	2
  37              	.LC6:
ARM GAS  /tmp/ccB8Jy7R.s 			page 2


  38 00d0 4661696C 		.ascii	"Failed writing to Configuration register\012\015\000"
  38      65642077 
  38      72697469 
  38      6E672074 
  38      6F20436F 
  39 00fb 00       		.align	2
  40              	.LC7:
  41 00fc 52656164 		.ascii	"Reading Trimming Parameters\012\015\000"
  41      696E6720 
  41      5472696D 
  41      6D696E67 
  41      20506172 
  42 011a 0000     		.align	2
  43              	.LC8:
  44 011c 4661696C 		.ascii	"Failed reading Trimming Parameters\012\015\000"
  44      65642072 
  44      65616469 
  44      6E672054 
  44      72696D6D 
  45 0141 000000   		.align	2
  46              	.LC9:
  47 0144 436F6E66 		.ascii	"Configuration completed!\012\015\000"
  47      69677572 
  47      6174696F 
  47      6E20636F 
  47      6D706C65 
  48              		.section	.text.bmp280_init,"ax",%progbits
  49              		.align	1
  50              		.global	bmp280_init
  51              		.arch armv7e-m
  52              		.syntax unified
  53              		.thumb
  54              		.thumb_func
  55              		.fpu fpv5-d16
  57              	bmp280_init:
  58              	.LVL0:
  59              	.LFB353:
  60              		.file 1 "Core/Src/bmp_280.c"
   1:Core/Src/bmp_280.c **** /*****************************************Custom driver for the BMP280 barometric pressure eHsensor
   2:Core/Src/bmp_280.c **** 
   3:Core/Src/bmp_280.c **** #include "init.h"
   4:Core/Src/bmp_280.c **** #include "math.h"
   5:Core/Src/bmp_280.c **** #include "stdio.h"
   6:Core/Src/bmp_280.c **** #include "RingBuf.h"
   7:Core/Src/bmp_280.c **** #include "BMP_280.h"
   8:Core/Src/bmp_280.c **** #include "DefFuncs.h"
   9:Core/Src/bmp_280.c **** 
  10:Core/Src/bmp_280.c **** extern SPI_HandleTypeDef hspi3;
  11:Core/Src/bmp_280.c **** 
  12:Core/Src/bmp_280.c **** void bmp280_init(bmp280* bmp)
  13:Core/Src/bmp_280.c **** {
  61              		.loc 1 13 1 view -0
  62              		.cfi_startproc
  63              		@ args = 0, pretend = 0, frame = 64
  64              		@ frame_needed = 0, uses_anonymous_args = 0
  65              		.loc 1 13 1 is_stmt 0 view .LVU1
  66 0000 70B5     		push	{r4, r5, r6, lr}
ARM GAS  /tmp/ccB8Jy7R.s 			page 3


  67              	.LCFI0:
  68              		.cfi_def_cfa_offset 16
  69              		.cfi_offset 4, -16
  70              		.cfi_offset 5, -12
  71              		.cfi_offset 6, -8
  72              		.cfi_offset 14, -4
  73 0002 92B0     		sub	sp, sp, #72
  74              	.LCFI1:
  75              		.cfi_def_cfa_offset 88
  76 0004 0446     		mov	r4, r0
  14:Core/Src/bmp_280.c **** 	HAL_GPIO_WritePin(GPIOD, GPIO_PIN_0, GPIO_PIN_RESET);
  77              		.loc 1 14 2 is_stmt 1 view .LVU2
  78 0006 0022     		movs	r2, #0
  79 0008 0121     		movs	r1, #1
  80 000a 7B48     		ldr	r0, .L12
  81              	.LVL1:
  82              		.loc 1 14 2 is_stmt 0 view .LVU3
  83 000c FFF7FEFF 		bl	HAL_GPIO_WritePin
  84              	.LVL2:
  15:Core/Src/bmp_280.c **** 
  16:Core/Src/bmp_280.c **** 	uint8_t temp[2]; 
  85              		.loc 1 16 2 is_stmt 1 view .LVU4
  17:Core/Src/bmp_280.c **** 	temp[0] = REG_WHO_AM_I_BMP | 0x80;
  86              		.loc 1 17 2 view .LVU5
  87              		.loc 1 17 10 is_stmt 0 view .LVU6
  88 0010 D023     		movs	r3, #208
  89 0012 8DF84430 		strb	r3, [sp, #68]
  18:Core/Src/bmp_280.c **** 	temp[1] = 0x00;	
  90              		.loc 1 18 2 is_stmt 1 view .LVU7
  91              		.loc 1 18 10 is_stmt 0 view .LVU8
  92 0016 0023     		movs	r3, #0
  93 0018 8DF84530 		strb	r3, [sp, #69]
  19:Core/Src/bmp_280.c **** 	uint8_t WhoAmI[2];
  94              		.loc 1 19 2 is_stmt 1 view .LVU9
  20:Core/Src/bmp_280.c **** 	HAL_SPI_TransmitReceive(&hspi3, (uint8_t *) &temp, (uint8_t *) &WhoAmI, 2, HAL_MAX_DELAY);
  95              		.loc 1 20 2 view .LVU10
  96 001c 4FF0FF33 		mov	r3, #-1
  97 0020 0093     		str	r3, [sp]
  98 0022 0223     		movs	r3, #2
  99 0024 10AA     		add	r2, sp, #64
 100 0026 11A9     		add	r1, sp, #68
 101 0028 7448     		ldr	r0, .L12+4
 102 002a FFF7FEFF 		bl	HAL_SPI_TransmitReceive
 103              	.LVL3:
  21:Core/Src/bmp_280.c **** 	if (WhoAmI[1] == WHO_AM_I_RETURN_BMP)
 104              		.loc 1 21 2 view .LVU11
 105              		.loc 1 21 12 is_stmt 0 view .LVU12
 106 002e 9DF84130 		ldrb	r3, [sp, #65]	@ zero_extendqisi2
 107              		.loc 1 21 5 view .LVU13
 108 0032 602B     		cmp	r3, #96
 109 0034 00F0CB80 		beq	.L11
  22:Core/Src/bmp_280.c **** 	{
  23:Core/Src/bmp_280.c **** 		sendS("c", "Device identified successfully\n\r");
  24:Core/Src/bmp_280.c **** 	} else
  25:Core/Src/bmp_280.c **** 	{
  26:Core/Src/bmp_280.c **** 		sendS("c", "Device could not be identified\n\r");
 110              		.loc 1 26 3 is_stmt 1 view .LVU14
ARM GAS  /tmp/ccB8Jy7R.s 			page 4


 111 0038 7149     		ldr	r1, .L12+8
 112 003a 7248     		ldr	r0, .L12+12
 113 003c FFF7FEFF 		bl	sendS
 114              	.LVL4:
 115              	.L3:
  27:Core/Src/bmp_280.c **** 	}
  28:Core/Src/bmp_280.c **** 
  29:Core/Src/bmp_280.c **** 	HAL_Delay(1000);
 116              		.loc 1 29 2 view .LVU15
 117 0040 4FF47A70 		mov	r0, #1000
 118 0044 FFF7FEFF 		bl	HAL_Delay
 119              	.LVL5:
  30:Core/Src/bmp_280.c **** 	
  31:Core/Src/bmp_280.c **** 	HAL_GPIO_WritePin(GPIOD, GPIO_PIN_0, GPIO_PIN_SET);
 120              		.loc 1 31 2 view .LVU16
 121 0048 6B4D     		ldr	r5, .L12
 122 004a 0122     		movs	r2, #1
 123 004c 1146     		mov	r1, r2
 124 004e 2846     		mov	r0, r5
 125 0050 FFF7FEFF 		bl	HAL_GPIO_WritePin
 126              	.LVL6:
  32:Core/Src/bmp_280.c **** 
  33:Core/Src/bmp_280.c **** 	HAL_GPIO_WritePin(GPIOD, GPIO_PIN_0, GPIO_PIN_RESET);
 127              		.loc 1 33 2 view .LVU17
 128 0054 0022     		movs	r2, #0
 129 0056 0121     		movs	r1, #1
 130 0058 2846     		mov	r0, r5
 131 005a FFF7FEFF 		bl	HAL_GPIO_WritePin
 132              	.LVL7:
  34:Core/Src/bmp_280.c **** 
  35:Core/Src/bmp_280.c **** 	temp[0] = REG_CTRLMES_BMP & 0x7F;
 133              		.loc 1 35 2 view .LVU18
 134              		.loc 1 35 10 is_stmt 0 view .LVU19
 135 005e 7423     		movs	r3, #116
 136 0060 8DF84430 		strb	r3, [sp, #68]
  36:Core/Src/bmp_280.c **** 	temp[1] = CTRLMES;
 137              		.loc 1 36 2 is_stmt 1 view .LVU20
 138              		.loc 1 36 10 is_stmt 0 view .LVU21
 139 0064 2F23     		movs	r3, #47
 140 0066 8DF84530 		strb	r3, [sp, #69]
  37:Core/Src/bmp_280.c **** 	HAL_StatusTypeDef ret = HAL_SPI_Transmit(&hspi3, (uint8_t *) &temp, 2, HAL_MAX_DELAY);
 141              		.loc 1 37 2 is_stmt 1 view .LVU22
 142              		.loc 1 37 26 is_stmt 0 view .LVU23
 143 006a 4FF0FF33 		mov	r3, #-1
 144 006e 0222     		movs	r2, #2
 145 0070 11A9     		add	r1, sp, #68
 146 0072 6248     		ldr	r0, .L12+4
 147 0074 FFF7FEFF 		bl	HAL_SPI_Transmit
 148              	.LVL8:
  38:Core/Src/bmp_280.c **** 	if (ret == HAL_OK)
 149              		.loc 1 38 2 is_stmt 1 view .LVU24
 150              		.loc 1 38 5 is_stmt 0 view .LVU25
 151 0078 0028     		cmp	r0, #0
 152 007a 40F0AD80 		bne	.L4
  39:Core/Src/bmp_280.c **** 	{
  40:Core/Src/bmp_280.c **** 		sendS("c", "Writing to Control Measurement register\n\r");
 153              		.loc 1 40 3 is_stmt 1 view .LVU26
ARM GAS  /tmp/ccB8Jy7R.s 			page 5


 154 007e 6249     		ldr	r1, .L12+16
 155 0080 6048     		ldr	r0, .L12+12
 156              	.LVL9:
 157              		.loc 1 40 3 is_stmt 0 view .LVU27
 158 0082 FFF7FEFF 		bl	sendS
 159              	.LVL10:
 160              	.L5:
  41:Core/Src/bmp_280.c **** 	} else
  42:Core/Src/bmp_280.c **** 	{
  43:Core/Src/bmp_280.c **** 		sendS("c", "Failed writing to Control Measurement register\n\r");
  44:Core/Src/bmp_280.c **** 	}
  45:Core/Src/bmp_280.c **** 
  46:Core/Src/bmp_280.c **** 	HAL_Delay(1000);
 161              		.loc 1 46 2 is_stmt 1 view .LVU28
 162 0086 4FF47A70 		mov	r0, #1000
 163 008a FFF7FEFF 		bl	HAL_Delay
 164              	.LVL11:
  47:Core/Src/bmp_280.c **** 
  48:Core/Src/bmp_280.c **** 	HAL_GPIO_WritePin(GPIOD, GPIO_PIN_0, GPIO_PIN_SET);
 165              		.loc 1 48 2 view .LVU29
 166 008e 5A4D     		ldr	r5, .L12
 167 0090 0122     		movs	r2, #1
 168 0092 1146     		mov	r1, r2
 169 0094 2846     		mov	r0, r5
 170 0096 FFF7FEFF 		bl	HAL_GPIO_WritePin
 171              	.LVL12:
  49:Core/Src/bmp_280.c **** 
  50:Core/Src/bmp_280.c **** 	HAL_GPIO_WritePin(GPIOD, GPIO_PIN_0, GPIO_PIN_RESET);
 172              		.loc 1 50 2 view .LVU30
 173 009a 0022     		movs	r2, #0
 174 009c 0121     		movs	r1, #1
 175 009e 2846     		mov	r0, r5
 176 00a0 FFF7FEFF 		bl	HAL_GPIO_WritePin
 177              	.LVL13:
  51:Core/Src/bmp_280.c **** 
  52:Core/Src/bmp_280.c **** 	temp[0] = REG_CONFIG_BMP & 0x7F;
 178              		.loc 1 52 2 view .LVU31
 179              		.loc 1 52 10 is_stmt 0 view .LVU32
 180 00a4 7523     		movs	r3, #117
 181 00a6 8DF84430 		strb	r3, [sp, #68]
  53:Core/Src/bmp_280.c **** 	temp[1] = CONFIG;
 182              		.loc 1 53 2 is_stmt 1 view .LVU33
 183              		.loc 1 53 10 is_stmt 0 view .LVU34
 184 00aa 3C23     		movs	r3, #60
 185 00ac 8DF84530 		strb	r3, [sp, #69]
  54:Core/Src/bmp_280.c **** 	ret = HAL_SPI_Transmit(&hspi3, (uint8_t *) &temp, 2, HAL_MAX_DELAY);
 186              		.loc 1 54 2 is_stmt 1 view .LVU35
 187              		.loc 1 54 8 is_stmt 0 view .LVU36
 188 00b0 4FF0FF33 		mov	r3, #-1
 189 00b4 0222     		movs	r2, #2
 190 00b6 11A9     		add	r1, sp, #68
 191 00b8 5048     		ldr	r0, .L12+4
 192 00ba FFF7FEFF 		bl	HAL_SPI_Transmit
 193              	.LVL14:
  55:Core/Src/bmp_280.c **** 	if (ret == HAL_OK)
 194              		.loc 1 55 2 is_stmt 1 view .LVU37
 195              		.loc 1 55 5 is_stmt 0 view .LVU38
ARM GAS  /tmp/ccB8Jy7R.s 			page 6


 196 00be 0646     		mov	r6, r0
 197 00c0 0028     		cmp	r0, #0
 198 00c2 40F08E80 		bne	.L6
  56:Core/Src/bmp_280.c **** 	{
  57:Core/Src/bmp_280.c **** 		sendS("c", "Writing to Configuration register\n\r");
 199              		.loc 1 57 3 is_stmt 1 view .LVU39
 200 00c6 5149     		ldr	r1, .L12+20
 201 00c8 4E48     		ldr	r0, .L12+12
 202              	.LVL15:
 203              		.loc 1 57 3 is_stmt 0 view .LVU40
 204 00ca FFF7FEFF 		bl	sendS
 205              	.LVL16:
 206              	.L7:
  58:Core/Src/bmp_280.c **** 	} else
  59:Core/Src/bmp_280.c **** 	{
  60:Core/Src/bmp_280.c **** 		sendS("c", "Failed writing to Configuration register\n\r");
  61:Core/Src/bmp_280.c **** 	}
  62:Core/Src/bmp_280.c **** 
  63:Core/Src/bmp_280.c **** 	HAL_Delay(1000);
 207              		.loc 1 63 2 is_stmt 1 view .LVU41
 208 00ce 4FF47A70 		mov	r0, #1000
 209 00d2 FFF7FEFF 		bl	HAL_Delay
 210              	.LVL17:
  64:Core/Src/bmp_280.c **** 	
  65:Core/Src/bmp_280.c **** 	HAL_GPIO_WritePin(GPIOD, GPIO_PIN_0, GPIO_PIN_SET);
 211              		.loc 1 65 2 view .LVU42
 212 00d6 484D     		ldr	r5, .L12
 213 00d8 0122     		movs	r2, #1
 214 00da 1146     		mov	r1, r2
 215 00dc 2846     		mov	r0, r5
 216 00de FFF7FEFF 		bl	HAL_GPIO_WritePin
 217              	.LVL18:
  66:Core/Src/bmp_280.c **** 
  67:Core/Src/bmp_280.c **** 	HAL_GPIO_WritePin(GPIOD, GPIO_PIN_0, GPIO_PIN_RESET);
 218              		.loc 1 67 2 view .LVU43
 219 00e2 0022     		movs	r2, #0
 220 00e4 0121     		movs	r1, #1
 221 00e6 2846     		mov	r0, r5
 222 00e8 FFF7FEFF 		bl	HAL_GPIO_WritePin
 223              	.LVL19:
  68:Core/Src/bmp_280.c **** 
  69:Core/Src/bmp_280.c **** 	uint8_t rawTrimTx[25]; 
 224              		.loc 1 69 2 view .LVU44
  70:Core/Src/bmp_280.c **** 	rawTrimTx[0] = REG_TRIMPAR_BMP | 0x80;
 225              		.loc 1 70 2 view .LVU45
 226              		.loc 1 70 15 is_stmt 0 view .LVU46
 227 00ec 8823     		movs	r3, #136
 228 00ee 8DF82430 		strb	r3, [sp, #36]
  71:Core/Src/bmp_280.c **** 	uint8_t rawTrim[25];
 229              		.loc 1 71 2 is_stmt 1 view .LVU47
  72:Core/Src/bmp_280.c **** 	HAL_SPI_TransmitReceive(&hspi3, (uint8_t *) &rawTrimTx, (uint8_t *) &rawTrim, 25, HAL_MAX_DELAY);
 230              		.loc 1 72 2 view .LVU48
 231 00f2 4FF0FF33 		mov	r3, #-1
 232 00f6 0093     		str	r3, [sp]
 233 00f8 1923     		movs	r3, #25
 234 00fa 02AA     		add	r2, sp, #8
 235 00fc 09A9     		add	r1, sp, #36
ARM GAS  /tmp/ccB8Jy7R.s 			page 7


 236 00fe 3F48     		ldr	r0, .L12+4
 237 0100 FFF7FEFF 		bl	HAL_SPI_TransmitReceive
 238              	.LVL20:
  73:Core/Src/bmp_280.c **** 	if (ret == HAL_OK)
 239              		.loc 1 73 2 view .LVU49
 240              		.loc 1 73 5 is_stmt 0 view .LVU50
 241 0104 002E     		cmp	r6, #0
 242 0106 71D1     		bne	.L8
  74:Core/Src/bmp_280.c **** 	{
  75:Core/Src/bmp_280.c **** 		sendS("c", "Reading Trimming Parameters\n\r");
 243              		.loc 1 75 3 is_stmt 1 view .LVU51
 244 0108 4149     		ldr	r1, .L12+24
 245 010a 3E48     		ldr	r0, .L12+12
 246 010c FFF7FEFF 		bl	sendS
 247              	.LVL21:
 248              	.L9:
  76:Core/Src/bmp_280.c **** 	} else 
  77:Core/Src/bmp_280.c **** 	{
  78:Core/Src/bmp_280.c **** 		sendS("c", "Failed reading Trimming Parameters\n\r");
  79:Core/Src/bmp_280.c **** 	} 
  80:Core/Src/bmp_280.c **** 	bmp->trimPar[0] = (rawTrim[2] << 8) | rawTrim[1];
 249              		.loc 1 80 2 view .LVU52
 250              		.loc 1 80 28 is_stmt 0 view .LVU53
 251 0110 9DF80A20 		ldrb	r2, [sp, #10]	@ zero_extendqisi2
 252              		.loc 1 80 47 view .LVU54
 253 0114 9DF80930 		ldrb	r3, [sp, #9]	@ zero_extendqisi2
 254              		.loc 1 80 38 view .LVU55
 255 0118 43EA0223 		orr	r3, r3, r2, lsl #8
 256              		.loc 1 80 18 view .LVU56
 257 011c 2380     		strh	r3, [r4]	@ movhi
  81:Core/Src/bmp_280.c ****         bmp->trimPar[1] = (rawTrim[4] << 8) | rawTrim[3];
 258              		.loc 1 81 9 is_stmt 1 view .LVU57
 259              		.loc 1 81 35 is_stmt 0 view .LVU58
 260 011e 9DF80C20 		ldrb	r2, [sp, #12]	@ zero_extendqisi2
 261              		.loc 1 81 54 view .LVU59
 262 0122 9DF80B30 		ldrb	r3, [sp, #11]	@ zero_extendqisi2
 263              		.loc 1 81 45 view .LVU60
 264 0126 43EA0223 		orr	r3, r3, r2, lsl #8
 265              		.loc 1 81 25 view .LVU61
 266 012a 6380     		strh	r3, [r4, #2]	@ movhi
  82:Core/Src/bmp_280.c ****         bmp->trimPar[2] = (rawTrim[6] << 8) | rawTrim[5];
 267              		.loc 1 82 9 is_stmt 1 view .LVU62
 268              		.loc 1 82 35 is_stmt 0 view .LVU63
 269 012c 9DF80E20 		ldrb	r2, [sp, #14]	@ zero_extendqisi2
 270              		.loc 1 82 54 view .LVU64
 271 0130 9DF80D30 		ldrb	r3, [sp, #13]	@ zero_extendqisi2
 272              		.loc 1 82 45 view .LVU65
 273 0134 43EA0223 		orr	r3, r3, r2, lsl #8
 274              		.loc 1 82 25 view .LVU66
 275 0138 A380     		strh	r3, [r4, #4]	@ movhi
  83:Core/Src/bmp_280.c ****         bmp->trimPar[3] = (rawTrim[8] << 8) | rawTrim[7];
 276              		.loc 1 83 9 is_stmt 1 view .LVU67
 277              		.loc 1 83 35 is_stmt 0 view .LVU68
 278 013a 9DF81020 		ldrb	r2, [sp, #16]	@ zero_extendqisi2
 279              		.loc 1 83 54 view .LVU69
 280 013e 9DF80F30 		ldrb	r3, [sp, #15]	@ zero_extendqisi2
 281              		.loc 1 83 45 view .LVU70
ARM GAS  /tmp/ccB8Jy7R.s 			page 8


 282 0142 43EA0223 		orr	r3, r3, r2, lsl #8
 283              		.loc 1 83 25 view .LVU71
 284 0146 E380     		strh	r3, [r4, #6]	@ movhi
  84:Core/Src/bmp_280.c **** 	bmp->trimPar[4] = (rawTrim[10] << 8) | rawTrim[9];
 285              		.loc 1 84 2 is_stmt 1 view .LVU72
 286              		.loc 1 84 28 is_stmt 0 view .LVU73
 287 0148 9DF81220 		ldrb	r2, [sp, #18]	@ zero_extendqisi2
 288              		.loc 1 84 48 view .LVU74
 289 014c 9DF81130 		ldrb	r3, [sp, #17]	@ zero_extendqisi2
 290              		.loc 1 84 39 view .LVU75
 291 0150 43EA0223 		orr	r3, r3, r2, lsl #8
 292              		.loc 1 84 18 view .LVU76
 293 0154 2381     		strh	r3, [r4, #8]	@ movhi
  85:Core/Src/bmp_280.c ****         bmp->trimPar[5] = (rawTrim[12] << 8) | rawTrim[11];
 294              		.loc 1 85 9 is_stmt 1 view .LVU77
 295              		.loc 1 85 35 is_stmt 0 view .LVU78
 296 0156 9DF81420 		ldrb	r2, [sp, #20]	@ zero_extendqisi2
 297              		.loc 1 85 55 view .LVU79
 298 015a 9DF81330 		ldrb	r3, [sp, #19]	@ zero_extendqisi2
 299              		.loc 1 85 46 view .LVU80
 300 015e 43EA0223 		orr	r3, r3, r2, lsl #8
 301              		.loc 1 85 25 view .LVU81
 302 0162 6381     		strh	r3, [r4, #10]	@ movhi
  86:Core/Src/bmp_280.c **** 	bmp->trimPar[6] = (rawTrim[14] << 8) | rawTrim[13];
 303              		.loc 1 86 2 is_stmt 1 view .LVU82
 304              		.loc 1 86 28 is_stmt 0 view .LVU83
 305 0164 9DF81620 		ldrb	r2, [sp, #22]	@ zero_extendqisi2
 306              		.loc 1 86 48 view .LVU84
 307 0168 9DF81530 		ldrb	r3, [sp, #21]	@ zero_extendqisi2
 308              		.loc 1 86 39 view .LVU85
 309 016c 43EA0223 		orr	r3, r3, r2, lsl #8
 310              		.loc 1 86 18 view .LVU86
 311 0170 A381     		strh	r3, [r4, #12]	@ movhi
  87:Core/Src/bmp_280.c **** 	bmp->trimPar[7] = (rawTrim[16] << 8) | rawTrim[15];
 312              		.loc 1 87 2 is_stmt 1 view .LVU87
 313              		.loc 1 87 28 is_stmt 0 view .LVU88
 314 0172 9DF81820 		ldrb	r2, [sp, #24]	@ zero_extendqisi2
 315              		.loc 1 87 48 view .LVU89
 316 0176 9DF81730 		ldrb	r3, [sp, #23]	@ zero_extendqisi2
 317              		.loc 1 87 39 view .LVU90
 318 017a 43EA0223 		orr	r3, r3, r2, lsl #8
 319              		.loc 1 87 18 view .LVU91
 320 017e E381     		strh	r3, [r4, #14]	@ movhi
  88:Core/Src/bmp_280.c **** 	bmp->trimPar[8] = (rawTrim[18] << 8) | rawTrim[17];
 321              		.loc 1 88 2 is_stmt 1 view .LVU92
 322              		.loc 1 88 28 is_stmt 0 view .LVU93
 323 0180 9DF81A20 		ldrb	r2, [sp, #26]	@ zero_extendqisi2
 324              		.loc 1 88 48 view .LVU94
 325 0184 9DF81930 		ldrb	r3, [sp, #25]	@ zero_extendqisi2
 326              		.loc 1 88 39 view .LVU95
 327 0188 43EA0223 		orr	r3, r3, r2, lsl #8
 328              		.loc 1 88 18 view .LVU96
 329 018c 2382     		strh	r3, [r4, #16]	@ movhi
  89:Core/Src/bmp_280.c **** 	bmp->trimPar[9] = (rawTrim[20] << 8) | rawTrim[19];
 330              		.loc 1 89 2 is_stmt 1 view .LVU97
 331              		.loc 1 89 28 is_stmt 0 view .LVU98
 332 018e 9DF81C20 		ldrb	r2, [sp, #28]	@ zero_extendqisi2
ARM GAS  /tmp/ccB8Jy7R.s 			page 9


 333              		.loc 1 89 48 view .LVU99
 334 0192 9DF81B30 		ldrb	r3, [sp, #27]	@ zero_extendqisi2
 335              		.loc 1 89 39 view .LVU100
 336 0196 43EA0223 		orr	r3, r3, r2, lsl #8
 337              		.loc 1 89 18 view .LVU101
 338 019a 6382     		strh	r3, [r4, #18]	@ movhi
  90:Core/Src/bmp_280.c **** 	bmp->trimPar[10] = (rawTrim[22] << 8) | rawTrim[21];
 339              		.loc 1 90 2 is_stmt 1 view .LVU102
 340              		.loc 1 90 29 is_stmt 0 view .LVU103
 341 019c 9DF81E20 		ldrb	r2, [sp, #30]	@ zero_extendqisi2
 342              		.loc 1 90 49 view .LVU104
 343 01a0 9DF81D30 		ldrb	r3, [sp, #29]	@ zero_extendqisi2
 344              		.loc 1 90 40 view .LVU105
 345 01a4 43EA0223 		orr	r3, r3, r2, lsl #8
 346              		.loc 1 90 19 view .LVU106
 347 01a8 A382     		strh	r3, [r4, #20]	@ movhi
  91:Core/Src/bmp_280.c **** 	bmp->trimPar[11] = (rawTrim[24] << 8) | rawTrim[23];  
 348              		.loc 1 91 2 is_stmt 1 view .LVU107
 349              		.loc 1 91 29 is_stmt 0 view .LVU108
 350 01aa 9DF82020 		ldrb	r2, [sp, #32]	@ zero_extendqisi2
 351              		.loc 1 91 49 view .LVU109
 352 01ae 9DF81F30 		ldrb	r3, [sp, #31]	@ zero_extendqisi2
 353              		.loc 1 91 40 view .LVU110
 354 01b2 43EA0223 		orr	r3, r3, r2, lsl #8
 355              		.loc 1 91 19 view .LVU111
 356 01b6 E382     		strh	r3, [r4, #22]	@ movhi
  92:Core/Src/bmp_280.c **** 
  93:Core/Src/bmp_280.c ****         HAL_GPIO_WritePin(GPIOD, GPIO_PIN_0, GPIO_PIN_SET);
 357              		.loc 1 93 9 is_stmt 1 view .LVU112
 358 01b8 0122     		movs	r2, #1
 359 01ba 1146     		mov	r1, r2
 360 01bc 0E48     		ldr	r0, .L12
 361 01be FFF7FEFF 		bl	HAL_GPIO_WritePin
 362              	.LVL22:
  94:Core/Src/bmp_280.c **** 
  95:Core/Src/bmp_280.c **** 	sendS("c", "Configuration completed!\n\r");	
 363              		.loc 1 95 2 view .LVU113
 364 01c2 1449     		ldr	r1, .L12+28
 365 01c4 0F48     		ldr	r0, .L12+12
 366 01c6 FFF7FEFF 		bl	sendS
 367              	.LVL23:
  96:Core/Src/bmp_280.c **** 
  97:Core/Src/bmp_280.c **** }
 368              		.loc 1 97 1 is_stmt 0 view .LVU114
 369 01ca 12B0     		add	sp, sp, #72
 370              	.LCFI2:
 371              		.cfi_remember_state
 372              		.cfi_def_cfa_offset 16
 373              		@ sp needed
 374 01cc 70BD     		pop	{r4, r5, r6, pc}
 375              	.LVL24:
 376              	.L11:
 377              	.LCFI3:
 378              		.cfi_restore_state
  23:Core/Src/bmp_280.c **** 	} else
 379              		.loc 1 23 3 is_stmt 1 view .LVU115
 380 01ce 1249     		ldr	r1, .L12+32
ARM GAS  /tmp/ccB8Jy7R.s 			page 10


 381 01d0 0C48     		ldr	r0, .L12+12
 382 01d2 FFF7FEFF 		bl	sendS
 383              	.LVL25:
 384 01d6 33E7     		b	.L3
 385              	.LVL26:
 386              	.L4:
  43:Core/Src/bmp_280.c **** 	}
 387              		.loc 1 43 3 view .LVU116
 388 01d8 1049     		ldr	r1, .L12+36
 389 01da 0A48     		ldr	r0, .L12+12
 390              	.LVL27:
  43:Core/Src/bmp_280.c **** 	}
 391              		.loc 1 43 3 is_stmt 0 view .LVU117
 392 01dc FFF7FEFF 		bl	sendS
 393              	.LVL28:
 394 01e0 51E7     		b	.L5
 395              	.LVL29:
 396              	.L6:
  60:Core/Src/bmp_280.c **** 	}
 397              		.loc 1 60 3 is_stmt 1 view .LVU118
 398 01e2 0F49     		ldr	r1, .L12+40
 399 01e4 0748     		ldr	r0, .L12+12
 400              	.LVL30:
  60:Core/Src/bmp_280.c **** 	}
 401              		.loc 1 60 3 is_stmt 0 view .LVU119
 402 01e6 FFF7FEFF 		bl	sendS
 403              	.LVL31:
 404 01ea 70E7     		b	.L7
 405              	.L8:
  78:Core/Src/bmp_280.c **** 	} 
 406              		.loc 1 78 3 is_stmt 1 view .LVU120
 407 01ec 0D49     		ldr	r1, .L12+44
 408 01ee 0548     		ldr	r0, .L12+12
 409 01f0 FFF7FEFF 		bl	sendS
 410              	.LVL32:
 411 01f4 8CE7     		b	.L9
 412              	.L13:
 413 01f6 00BF     		.align	2
 414              	.L12:
 415 01f8 000C0258 		.word	1476529152
 416 01fc 00000000 		.word	hspi3
 417 0200 28000000 		.word	.LC2
 418 0204 24000000 		.word	.LC1
 419 0208 4C000000 		.word	.LC3
 420 020c AC000000 		.word	.LC5
 421 0210 FC000000 		.word	.LC7
 422 0214 44010000 		.word	.LC9
 423 0218 00000000 		.word	.LC0
 424 021c 78000000 		.word	.LC4
 425 0220 D0000000 		.word	.LC6
 426 0224 1C010000 		.word	.LC8
 427              		.cfi_endproc
 428              	.LFE353:
 430              		.section	.rodata.bmp280_PresCal.str1.4,"aMS",%progbits,1
 431              		.align	2
 432              	.LC10:
 433 0000 42656769 		.ascii	"Beginning Altitude Calibration\012\015\000"
ARM GAS  /tmp/ccB8Jy7R.s 			page 11


 433      6E6E696E 
 433      6720416C 
 433      74697475 
 433      64652043 
 434              		.global	__aeabi_ldivmod
 435              		.global	__aeabi_l2f
 436 0021 000000   		.align	2
 437              	.LC11:
 438 0024 416C7469 		.ascii	"Altitude Calibration completed\012\015\000"
 438      74756465 
 438      2043616C 
 438      69627261 
 438      74696F6E 
 439              		.section	.text.bmp280_PresCal,"ax",%progbits
 440              		.align	1
 441              		.global	bmp280_PresCal
 442              		.syntax unified
 443              		.thumb
 444              		.thumb_func
 445              		.fpu fpv5-d16
 447              	bmp280_PresCal:
 448              	.LVL33:
 449              	.LFB354:
  98:Core/Src/bmp_280.c **** 
  99:Core/Src/bmp_280.c **** void bmp280_PresCal(bmp280* bmp, uint16_t it)
 100:Core/Src/bmp_280.c **** {
 450              		.loc 1 100 1 view -0
 451              		.cfi_startproc
 452              		@ args = 0, pretend = 0, frame = 16
 453              		@ frame_needed = 0, uses_anonymous_args = 0
 454              		.loc 1 100 1 is_stmt 0 view .LVU122
 455 0000 2DE9F047 		push	{r4, r5, r6, r7, r8, r9, r10, lr}
 456              	.LCFI4:
 457              		.cfi_def_cfa_offset 32
 458              		.cfi_offset 4, -32
 459              		.cfi_offset 5, -28
 460              		.cfi_offset 6, -24
 461              		.cfi_offset 7, -20
 462              		.cfi_offset 8, -16
 463              		.cfi_offset 9, -12
 464              		.cfi_offset 10, -8
 465              		.cfi_offset 14, -4
 466 0004 2DED028B 		vpush.64	{d8}
 467              	.LCFI5:
 468              		.cfi_def_cfa_offset 40
 469              		.cfi_offset 80, -40
 470              		.cfi_offset 81, -36
 471 0008 86B0     		sub	sp, sp, #24
 472              	.LCFI6:
 473              		.cfi_def_cfa_offset 64
 474 000a 0446     		mov	r4, r0
 475 000c 0F46     		mov	r7, r1
 101:Core/Src/bmp_280.c ****         sendS("c", "Beginning Altitude Calibration\n\r");
 476              		.loc 1 101 9 is_stmt 1 view .LVU123
 477 000e AC49     		ldr	r1, .L18+16
 478              	.LVL34:
 479              		.loc 1 101 9 is_stmt 0 view .LVU124
ARM GAS  /tmp/ccB8Jy7R.s 			page 12


 480 0010 AC48     		ldr	r0, .L18+20
 481              	.LVL35:
 482              		.loc 1 101 9 view .LVU125
 483 0012 FFF7FEFF 		bl	sendS
 484              	.LVL36:
 102:Core/Src/bmp_280.c ****         uint8_t dataPTx[7];
 485              		.loc 1 102 9 is_stmt 1 view .LVU126
 103:Core/Src/bmp_280.c **** 	dataPTx[0] = REG_DATA_PRES | 0x80;
 486              		.loc 1 103 2 view .LVU127
 487              		.loc 1 103 13 is_stmt 0 view .LVU128
 488 0016 F723     		movs	r3, #247
 489 0018 8DF81030 		strb	r3, [sp, #16]
 104:Core/Src/bmp_280.c **** 	uint8_t dataPRx[7];
 490              		.loc 1 104 2 is_stmt 1 view .LVU129
 105:Core/Src/bmp_280.c **** 	uint16_t* dig_T1 = (uint16_t *) &(bmp->trimPar[0]);
 491              		.loc 1 105 2 view .LVU130
 492              	.LVL37:
 106:Core/Src/bmp_280.c **** 	int16_t* dig_T2 = &(bmp->trimPar[1]);
 493              		.loc 1 106 2 view .LVU131
 107:Core/Src/bmp_280.c **** 	int16_t* dig_T3 = &(bmp->trimPar[2]);
 494              		.loc 1 107 2 view .LVU132
 108:Core/Src/bmp_280.c **** 	uint16_t* dig_P1 = (uint16_t *) &(bmp->trimPar[3]);
 495              		.loc 1 108 2 view .LVU133
 109:Core/Src/bmp_280.c **** 	int16_t* dig_P2 = &(bmp->trimPar[4]);
 496              		.loc 1 109 2 view .LVU134
 110:Core/Src/bmp_280.c **** 	int16_t* dig_P3 = &(bmp->trimPar[5]);
 497              		.loc 1 110 2 view .LVU135
 111:Core/Src/bmp_280.c **** 	int16_t* dig_P4 = &(bmp->trimPar[6]);
 498              		.loc 1 111 2 view .LVU136
 112:Core/Src/bmp_280.c **** 	int16_t* dig_P5 = &(bmp->trimPar[7]);
 499              		.loc 1 112 2 view .LVU137
 113:Core/Src/bmp_280.c **** 	int16_t* dig_P6 = &(bmp->trimPar[8]);
 500              		.loc 1 113 2 view .LVU138
 114:Core/Src/bmp_280.c **** 	int16_t* dig_P7 = &(bmp->trimPar[9]);
 501              		.loc 1 114 2 view .LVU139
 115:Core/Src/bmp_280.c **** 	int16_t* dig_P8 = &(bmp->trimPar[10]);
 502              		.loc 1 115 2 view .LVU140
 116:Core/Src/bmp_280.c **** 	int16_t* dig_P9 = &(bmp->trimPar[11]);
 503              		.loc 1 116 2 view .LVU141
 117:Core/Src/bmp_280.c **** 
 118:Core/Src/bmp_280.c ****         float pSum = 0;
 504              		.loc 1 118 9 view .LVU142
 119:Core/Src/bmp_280.c **** 
 120:Core/Src/bmp_280.c ****         for (uint16_t i = 0; i < it; i++)
 505              		.loc 1 120 9 view .LVU143
 506              	.LBB2:
 507              		.loc 1 120 14 view .LVU144
 508              		.loc 1 120 23 is_stmt 0 view .LVU145
 509 001c 0025     		movs	r5, #0
 510              	.LBE2:
 118:Core/Src/bmp_280.c **** 
 511              		.loc 1 118 15 view .LVU146
 512 001e 9FEDAA8A 		vldr.32	s16, .L18+24
 513              	.LBB4:
 514              		.loc 1 120 9 view .LVU147
 515 0022 30E1     		b	.L15
 516              	.LVL38:
ARM GAS  /tmp/ccB8Jy7R.s 			page 13


 517              	.L16:
 518              	.LBB3:
 121:Core/Src/bmp_280.c ****         {
 122:Core/Src/bmp_280.c **** 	HAL_GPIO_WritePin(GPIOD, GPIO_PIN_0, GPIO_PIN_RESET);
 519              		.loc 1 122 2 is_stmt 1 discriminator 3 view .LVU148
 520 0024 A94E     		ldr	r6, .L18+28
 521 0026 0022     		movs	r2, #0
 522 0028 0121     		movs	r1, #1
 523 002a 3046     		mov	r0, r6
 524 002c FFF7FEFF 		bl	HAL_GPIO_WritePin
 525              	.LVL39:
 123:Core/Src/bmp_280.c **** 
 124:Core/Src/bmp_280.c **** 	HAL_SPI_TransmitReceive(&hspi3, (uint8_t *) &dataPTx, (uint8_t *) &dataPRx, 7, HAL_MAX_DELAY);
 526              		.loc 1 124 2 discriminator 3 view .LVU149
 527 0030 4FF0FF33 		mov	r3, #-1
 528 0034 0093     		str	r3, [sp]
 529 0036 0723     		movs	r3, #7
 530 0038 02AA     		add	r2, sp, #8
 531 003a 04A9     		add	r1, sp, #16
 532 003c A448     		ldr	r0, .L18+32
 533 003e FFF7FEFF 		bl	HAL_SPI_TransmitReceive
 534              	.LVL40:
 125:Core/Src/bmp_280.c **** 
 126:Core/Src/bmp_280.c **** 	HAL_GPIO_WritePin(GPIOD, GPIO_PIN_0, GPIO_PIN_SET);
 535              		.loc 1 126 2 discriminator 3 view .LVU150
 536 0042 0122     		movs	r2, #1
 537 0044 1146     		mov	r1, r2
 538 0046 3046     		mov	r0, r6
 539 0048 FFF7FEFF 		bl	HAL_GPIO_WritePin
 540              	.LVL41:
 127:Core/Src/bmp_280.c **** 
 128:Core/Src/bmp_280.c **** 
 129:Core/Src/bmp_280.c **** 	int32_t pres = (dataPRx[1] << 12) | (dataPRx[2] << 4) | (dataPRx[3] >> 4);
 541              		.loc 1 129 2 discriminator 3 view .LVU151
 542              		.loc 1 129 25 is_stmt 0 discriminator 3 view .LVU152
 543 004c 9DF80900 		ldrb	r0, [sp, #9]	@ zero_extendqisi2
 544              		.loc 1 129 46 discriminator 3 view .LVU153
 545 0050 9DF80AE0 		ldrb	lr, [sp, #10]	@ zero_extendqisi2
 546              		.loc 1 129 50 discriminator 3 view .LVU154
 547 0054 4FEA0E1E 		lsl	lr, lr, #4
 548              		.loc 1 129 36 discriminator 3 view .LVU155
 549 0058 4EEA003E 		orr	lr, lr, r0, lsl #12
 550              		.loc 1 129 66 discriminator 3 view .LVU156
 551 005c 9DF80B00 		ldrb	r0, [sp, #11]	@ zero_extendqisi2
 552              		.loc 1 129 10 discriminator 3 view .LVU157
 553 0060 4EEA101E 		orr	lr, lr, r0, lsr #4
 554              	.LVL42:
 130:Core/Src/bmp_280.c **** 
 131:Core/Src/bmp_280.c **** 	int32_t temp = (dataPRx[4] << 12) | (dataPRx[5] << 4) | (dataPRx[6] >> 4); 
 555              		.loc 1 131 2 is_stmt 1 discriminator 3 view .LVU158
 556              		.loc 1 131 25 is_stmt 0 discriminator 3 view .LVU159
 557 0064 9DF80C20 		ldrb	r2, [sp, #12]	@ zero_extendqisi2
 558              		.loc 1 131 46 discriminator 3 view .LVU160
 559 0068 9DF80D10 		ldrb	r1, [sp, #13]	@ zero_extendqisi2
 560              		.loc 1 131 50 discriminator 3 view .LVU161
 561 006c 0901     		lsls	r1, r1, #4
 562              		.loc 1 131 36 discriminator 3 view .LVU162
ARM GAS  /tmp/ccB8Jy7R.s 			page 14


 563 006e 41EA0231 		orr	r1, r1, r2, lsl #12
 564              		.loc 1 131 66 discriminator 3 view .LVU163
 565 0072 9DF80E20 		ldrb	r2, [sp, #14]	@ zero_extendqisi2
 566              		.loc 1 131 10 discriminator 3 view .LVU164
 567 0076 41EA1212 		orr	r2, r1, r2, lsr #4
 568              	.LVL43:
 132:Core/Src/bmp_280.c **** 
 133:Core/Src/bmp_280.c **** 
 134:Core/Src/bmp_280.c **** 	int64_t var1 = ((((temp>>3) - ((signed long int)*dig_T1<<1))) * ((signed long int)*dig_T2)) >> 11;
 569              		.loc 1 134 2 is_stmt 1 discriminator 3 view .LVU165
 570              		.loc 1 134 50 is_stmt 0 discriminator 3 view .LVU166
 571 007a 2188     		ldrh	r1, [r4]
 572              		.loc 1 134 57 discriminator 3 view .LVU167
 573 007c 4B00     		lsls	r3, r1, #1
 574              		.loc 1 134 30 discriminator 3 view .LVU168
 575 007e C3EBE203 		rsb	r3, r3, r2, asr #3
 576              		.loc 1 134 84 discriminator 3 view .LVU169
 577 0082 B4F90200 		ldrsh	r0, [r4, #2]
 578              		.loc 1 134 64 discriminator 3 view .LVU170
 579 0086 03FB00F0 		mul	r0, r3, r0
 580              	.LVL44:
 135:Core/Src/bmp_280.c **** 	int64_t var2 = (((((temp>>4) - ((signed long int) *dig_T1)) * ((temp>>4) - ((signed long int)*dig_
 581              		.loc 1 135 2 is_stmt 1 discriminator 3 view .LVU171
 582              		.loc 1 135 31 is_stmt 0 discriminator 3 view .LVU172
 583 008a C1EB2211 		rsb	r1, r1, r2, asr #4
 584              		.loc 1 135 62 discriminator 3 view .LVU173
 585 008e 01FB01F3 		mul	r3, r1, r1
 586              		.loc 1 135 106 discriminator 3 view .LVU174
 587 0092 1B13     		asrs	r3, r3, #12
 588              		.loc 1 135 133 discriminator 3 view .LVU175
 589 0094 B4F90410 		ldrsh	r1, [r4, #4]
 590              		.loc 1 135 113 discriminator 3 view .LVU176
 591 0098 01FB03F3 		mul	r3, r1, r3
 592              		.loc 1 135 143 discriminator 3 view .LVU177
 593 009c 9B13     		asrs	r3, r3, #14
 594              	.LVL45:
 136:Core/Src/bmp_280.c **** 	int32_t t_fine = var1 + var2;
 595              		.loc 1 136 2 is_stmt 1 discriminator 3 view .LVU178
 596              		.loc 1 136 24 is_stmt 0 discriminator 3 view .LVU179
 597 009e 03EBE023 		add	r3, r3, r0, asr #11
 598              	.LVL46:
 137:Core/Src/bmp_280.c **** 	bmp->bmpTemp = (t_fine * 5 + 128) >> 8;
 599              		.loc 1 137 2 is_stmt 1 discriminator 3 view .LVU180
 600              		.loc 1 137 25 is_stmt 0 discriminator 3 view .LVU181
 601 00a2 03EB8302 		add	r2, r3, r3, lsl #2
 602              	.LVL47:
 603              		.loc 1 137 29 discriminator 3 view .LVU182
 604 00a6 8032     		adds	r2, r2, #128
 605              		.loc 1 137 36 discriminator 3 view .LVU183
 606 00a8 1212     		asrs	r2, r2, #8
 607              		.loc 1 137 15 discriminator 3 view .LVU184
 608 00aa 07EE902A 		vmov	s15, r2	@ int
 609 00ae F8EEE77A 		vcvt.f32.s32	s15, s15
 610 00b2 C4ED067A 		vstr.32	s15, [r4, #24]
 138:Core/Src/bmp_280.c **** 	bmp->bmpTemp = bmp->bmpTemp/100.0f;
 611              		.loc 1 138 2 is_stmt 1 discriminator 3 view .LVU185
 612              		.loc 1 138 29 is_stmt 0 discriminator 3 view .LVU186
ARM GAS  /tmp/ccB8Jy7R.s 			page 15


 613 00b6 DFED876A 		vldr.32	s13, .L18+36
 614 00ba 87EEA67A 		vdiv.f32	s14, s15, s13
 615              		.loc 1 138 15 discriminator 3 view .LVU187
 616 00be 84ED067A 		vstr.32	s14, [r4, #24]
 139:Core/Src/bmp_280.c **** 
 140:Core/Src/bmp_280.c **** 	var1 = ((int64_t)t_fine) - 128000;
 617              		.loc 1 140 2 is_stmt 1 discriminator 3 view .LVU188
 618              		.loc 1 140 10 is_stmt 0 discriminator 3 view .LVU189
 619 00c2 D917     		asrs	r1, r3, #31
 620              	.LVL48:
 621              		.loc 1 140 7 discriminator 3 view .LVU190
 622 00c4 B3F5FA33 		subs	r3, r3, #128000
 623              	.LVL49:
 624              		.loc 1 140 7 discriminator 3 view .LVU191
 625 00c8 41F1FF31 		adc	r1, r1, #-1
 626              	.LVL50:
 141:Core/Src/bmp_280.c **** 	var2 = (var1) * (var1) * (int64_t)*dig_P6;
 627              		.loc 1 141 2 is_stmt 1 discriminator 3 view .LVU192
 628              		.loc 1 141 16 is_stmt 0 discriminator 3 view .LVU193
 629 00cc 03FB01F8 		mul	r8, r3, r1
 630 00d0 A3FB039A 		umull	r9, r10, r3, r3
 631 00d4 0AEB480A 		add	r10, r10, r8, lsl #1
 632              		.loc 1 141 36 discriminator 3 view .LVU194
 633 00d8 B4F91020 		ldrsh	r2, [r4, #16]
 634              		.loc 1 141 27 discriminator 3 view .LVU195
 635 00dc 4FEAE27C 		asr	ip, r2, #31
 636              		.loc 1 141 7 discriminator 3 view .LVU196
 637 00e0 09FB0CFC 		mul	ip, r9, ip
 638 00e4 02FB0ACC 		mla	ip, r2, r10, ip
 639 00e8 A9FB0202 		umull	r0, r2, r9, r2
 640 00ec 9444     		add	ip, ip, r2
 641              	.LVL51:
 142:Core/Src/bmp_280.c **** 	var2 = (var2) + (((var1)*(int64_t)*dig_P5)<<17);
 642              		.loc 1 142 2 is_stmt 1 discriminator 3 view .LVU197
 643              		.loc 1 142 36 is_stmt 0 discriminator 3 view .LVU198
 644 00ee B4F90E20 		ldrsh	r2, [r4, #14]
 645              		.loc 1 142 27 discriminator 3 view .LVU199
 646 00f2 4FEAE278 		asr	r8, r2, #31
 647              		.loc 1 142 26 discriminator 3 view .LVU200
 648 00f6 02FB01F6 		mul	r6, r2, r1
 649 00fa 03FB0866 		mla	r6, r3, r8, r6
 650 00fe A2FB0328 		umull	r2, r8, r2, r3
 651 0102 4644     		add	r6, r6, r8
 652              		.loc 1 142 44 discriminator 3 view .LVU201
 653 0104 7604     		lsls	r6, r6, #17
 654 0106 46EAD236 		orr	r6, r6, r2, lsr #15
 655 010a 5204     		lsls	r2, r2, #17
 656              		.loc 1 142 7 discriminator 3 view .LVU202
 657 010c 1218     		adds	r2, r2, r0
 658 010e 4CEB060C 		adc	ip, ip, r6
 659              	.LVL52:
 143:Core/Src/bmp_280.c **** 	var2 = (var2) + (((int64_t)*dig_P4)<<35);
 660              		.loc 1 143 2 is_stmt 1 discriminator 3 view .LVU203
 661              		.loc 1 143 29 is_stmt 0 discriminator 3 view .LVU204
 662 0112 B4F90C00 		ldrsh	r0, [r4, #12]
 663              		.loc 1 143 37 discriminator 3 view .LVU205
 664 0116 0026     		movs	r6, #0
ARM GAS  /tmp/ccB8Jy7R.s 			page 16


 665              		.loc 1 143 7 discriminator 3 view .LVU206
 666 0118 B218     		adds	r2, r6, r2
 667              	.LVL53:
 668              		.loc 1 143 7 discriminator 3 view .LVU207
 669 011a 0CEBC00C 		add	ip, ip, r0, lsl #3
 670              	.LVL54:
 144:Core/Src/bmp_280.c **** 	var1 = (((var1) * (var1) * (int64_t)*dig_P3)>>8) + (((var1) * (int64_t)*dig_P2)<<12);
 671              		.loc 1 144 2 is_stmt 1 discriminator 3 view .LVU208
 672              		.loc 1 144 38 is_stmt 0 discriminator 3 view .LVU209
 673 011e B4F90A00 		ldrsh	r0, [r4, #10]
 674              		.loc 1 144 29 discriminator 3 view .LVU210
 675 0122 4FEAE078 		asr	r8, r0, #31
 676              		.loc 1 144 27 discriminator 3 view .LVU211
 677 0126 09FB08F8 		mul	r8, r9, r8
 678 012a 00FB0A88 		mla	r8, r0, r10, r8
 679 012e A9FB0009 		umull	r0, r9, r9, r0
 680 0132 C844     		add	r8, r8, r9
 681              		.loc 1 144 46 discriminator 3 view .LVU212
 682 0134 000A     		lsrs	r0, r0, #8
 683 0136 40EA0860 		orr	r0, r0, r8, lsl #24
 684              		.loc 1 144 73 discriminator 3 view .LVU213
 685 013a B4F90890 		ldrsh	r9, [r4, #8]
 686              		.loc 1 144 64 discriminator 3 view .LVU214
 687 013e 4FEAE97A 		asr	r10, r9, #31
 688              		.loc 1 144 62 discriminator 3 view .LVU215
 689 0142 09FB01F1 		mul	r1, r9, r1
 690              	.LVL55:
 691              		.loc 1 144 62 discriminator 3 view .LVU216
 692 0146 03FB0A11 		mla	r1, r3, r10, r1
 693 014a A9FB0393 		umull	r9, r3, r9, r3
 694              	.LVL56:
 695              		.loc 1 144 62 discriminator 3 view .LVU217
 696 014e 1944     		add	r1, r1, r3
 697              		.loc 1 144 81 discriminator 3 view .LVU218
 698 0150 0903     		lsls	r1, r1, #12
 699 0152 41EA1951 		orr	r1, r1, r9, lsr #20
 700 0156 4FEA0933 		lsl	r3, r9, #12
 701              		.loc 1 144 7 discriminator 3 view .LVU219
 702 015a C318     		adds	r3, r0, r3
 703 015c 41EB2821 		adc	r1, r1, r8, asr #8
 704              	.LVL57:
 145:Core/Src/bmp_280.c **** 	var1 = (((((int64_t)1)<<47)+(var1)))*((int64_t)*dig_P1)>>33;
 705              		.loc 1 145 2 is_stmt 1 discriminator 3 view .LVU220
 706              		.loc 1 145 29 is_stmt 0 discriminator 3 view .LVU221
 707 0160 01F50041 		add	r1, r1, #32768
 708              	.LVL58:
 709              		.loc 1 145 49 discriminator 3 view .LVU222
 710 0164 B4F80680 		ldrh	r8, [r4, #6]
 711              		.loc 1 145 38 discriminator 3 view .LVU223
 712 0168 A3FB0803 		umull	r0, r3, r3, r8
 713              	.LVL59:
 714              		.loc 1 145 38 discriminator 3 view .LVU224
 715 016c 08FB0133 		mla	r3, r8, r1, r3
 716              	.LVL60:
 146:Core/Src/bmp_280.c **** 	int64_t p = 1048576-(pres);
 717              		.loc 1 146 2 is_stmt 1 discriminator 3 view .LVU225
 718              		.loc 1 146 21 is_stmt 0 discriminator 3 view .LVU226
ARM GAS  /tmp/ccB8Jy7R.s 			page 17


 719 0170 CEF58010 		rsb	r0, lr, #1048576
 720              	.LVL61:
 147:Core/Src/bmp_280.c **** 	p = (((p<<31)-(var2))*3125)/(var1);
 721              		.loc 1 147 2 is_stmt 1 discriminator 3 view .LVU227
 722              		.loc 1 147 10 is_stmt 0 discriminator 3 view .LVU228
 723 0174 4110     		asrs	r1, r0, #1
 724 0176 C007     		lsls	r0, r0, #31
 725              	.LVL62:
 726              		.loc 1 147 15 discriminator 3 view .LVU229
 727 0178 801A     		subs	r0, r0, r2
 728 017a 61EB0C0C 		sbc	ip, r1, ip
 729              	.LVL63:
 730              		.loc 1 147 23 discriminator 3 view .LVU230
 731 017e 0218     		adds	r2, r0, r0
 732              		.loc 1 147 23 discriminator 3 view .LVU231
 733 0180 4CEB0C01 		adc	r1, ip, ip
 734 0184 1218     		adds	r2, r2, r0
 735 0186 4CEB0101 		adc	r1, ip, r1
 736 018a 4FEA811E 		lsl	lr, r1, #6
 737              	.LVL64:
 738              		.loc 1 147 23 discriminator 3 view .LVU232
 739 018e 4EEA926E 		orr	lr, lr, r2, lsr #26
 740 0192 4FEA8218 		lsl	r8, r2, #6
 741 0196 12EB0802 		adds	r2, r2, r8
 742 019a 41EB0E01 		adc	r1, r1, lr
 743 019e 8900     		lsls	r1, r1, #2
 744 01a0 41EA9271 		orr	r1, r1, r2, lsr #30
 745 01a4 9200     		lsls	r2, r2, #2
 746 01a6 1218     		adds	r2, r2, r0
 747 01a8 4CEB0101 		adc	r1, ip, r1
 748 01ac 8900     		lsls	r1, r1, #2
 749 01ae 41EA9271 		orr	r1, r1, r2, lsr #30
 750 01b2 9200     		lsls	r2, r2, #2
 751 01b4 1018     		adds	r0, r2, r0
 752              		.loc 1 147 4 discriminator 3 view .LVU233
 753 01b6 4FEA6302 		asr	r2, r3, #1
 754 01ba 4FEAE373 		asr	r3, r3, #31
 755              	.LVL65:
 756              		.loc 1 147 4 discriminator 3 view .LVU234
 757 01be 4CEB0101 		adc	r1, ip, r1
 758 01c2 FFF7FEFF 		bl	__aeabi_ldivmod
 759              	.LVL66:
 760              		.loc 1 147 4 discriminator 3 view .LVU235
 761 01c6 0246     		mov	r2, r0
 762              	.LVL67:
 148:Core/Src/bmp_280.c **** 	var1 = (((int64_t)*dig_P9) * (p>>13) * (p>>13)) >> 25;
 763              		.loc 1 148 2 is_stmt 1 discriminator 3 view .LVU236
 764              		.loc 1 148 20 is_stmt 0 discriminator 3 view .LVU237
 765 01c8 B4F916C0 		ldrsh	ip, [r4, #22]
 766              		.loc 1 148 11 discriminator 3 view .LVU238
 767 01cc 4FEAEC79 		asr	r9, ip, #31
 768              		.loc 1 148 33 discriminator 3 view .LVU239
 769 01d0 430B     		lsrs	r3, r0, #13
 770 01d2 43EAC143 		orr	r3, r3, r1, lsl #19
 771 01d6 4FEA6138 		asr	r8, r1, #13
 772              		.loc 1 148 29 discriminator 3 view .LVU240
 773 01da 0CFB08FE 		mul	lr, ip, r8
ARM GAS  /tmp/ccB8Jy7R.s 			page 18


 774 01de 03FB09EE 		mla	lr, r3, r9, lr
 775 01e2 ACFB03C9 		umull	ip, r9, ip, r3
 776 01e6 CE44     		add	lr, lr, r9
 777              		.loc 1 148 39 discriminator 3 view .LVU241
 778 01e8 03FB0EFE 		mul	lr, r3, lr
 779 01ec 0CFB08EE 		mla	lr, ip, r8, lr
 780 01f0 A3FB0C3C 		umull	r3, ip, r3, ip
 781 01f4 E644     		add	lr, lr, ip
 782              		.loc 1 148 7 discriminator 3 view .LVU242
 783 01f6 4FEA536C 		lsr	ip, r3, #25
 784 01fa 4CEACE1C 		orr	ip, ip, lr, lsl #7
 785              	.LVL68:
 149:Core/Src/bmp_280.c **** 	var2 = (((int64_t)*dig_P8) * (p)) >> 19;
 786              		.loc 1 149 2 is_stmt 1 discriminator 3 view .LVU243
 787              		.loc 1 149 20 is_stmt 0 discriminator 3 view .LVU244
 788 01fe B4F91430 		ldrsh	r3, [r4, #20]
 789              		.loc 1 149 11 discriminator 3 view .LVU245
 790 0202 4FEAE379 		asr	r9, r3, #31
 791              		.loc 1 149 29 discriminator 3 view .LVU246
 792 0206 03FB01F8 		mul	r8, r3, r1
 793 020a 09FB0080 		mla	r0, r9, r0, r8
 794              	.LVL69:
 795              		.loc 1 149 29 discriminator 3 view .LVU247
 796 020e A3FB0238 		umull	r3, r8, r3, r2
 797 0212 8044     		add	r8, r8, r0
 798              		.loc 1 149 7 discriminator 3 view .LVU248
 799 0214 D80C     		lsrs	r0, r3, #19
 800 0216 40EA4830 		orr	r0, r0, r8, lsl #13
 801              	.LVL70:
 150:Core/Src/bmp_280.c **** 	p = ((p + (var1) + (var2)) >> 8) + (((int64_t)*dig_P7)<<4);
 802              		.loc 1 150 2 is_stmt 1 discriminator 3 view .LVU249
 803              		.loc 1 150 10 is_stmt 0 discriminator 3 view .LVU250
 804 021a 12EB0C03 		adds	r3, r2, ip
 805 021e 41EB6E61 		adc	r1, r1, lr, asr #25
 806              	.LVL71:
 807              		.loc 1 150 19 discriminator 3 view .LVU251
 808 0222 1B18     		adds	r3, r3, r0
 809 0224 41EBE841 		adc	r1, r1, r8, asr #19
 810              		.loc 1 150 29 discriminator 3 view .LVU252
 811 0228 1B0A     		lsrs	r3, r3, #8
 812 022a 43EA0163 		orr	r3, r3, r1, lsl #24
 813              		.loc 1 150 48 discriminator 3 view .LVU253
 814 022e B4F91200 		ldrsh	r0, [r4, #18]
 815              	.LVL72:
 151:Core/Src/bmp_280.c **** 	p = (uint32_t)p; 
 816              		.loc 1 151 2 is_stmt 1 discriminator 3 view .LVU254
 152:Core/Src/bmp_280.c **** 
 153:Core/Src/bmp_280.c **** 
 154:Core/Src/bmp_280.c **** 	bmp->bmpPres = p/(100.0f*256.0f);
 817              		.loc 1 154 2 discriminator 3 view .LVU255
 818              		.loc 1 154 18 is_stmt 0 discriminator 3 view .LVU256
 819 0232 03EB0010 		add	r0, r3, r0, lsl #4
 820              	.LVL73:
 821              		.loc 1 154 18 discriminator 3 view .LVU257
 822 0236 3146     		mov	r1, r6
 823              	.LVL74:
 824              		.loc 1 154 18 discriminator 3 view .LVU258
ARM GAS  /tmp/ccB8Jy7R.s 			page 19


 825 0238 FFF7FEFF 		bl	__aeabi_l2f
 826              	.LVL75:
 827              		.loc 1 154 18 discriminator 3 view .LVU259
 828 023c 06EE900A 		vmov	s13, r0
 829 0240 9FED257A 		vldr.32	s14, .L18+40
 830 0244 C6EE877A 		vdiv.f32	s15, s13, s14
 831              		.loc 1 154 15 discriminator 3 view .LVU260
 832 0248 C4ED077A 		vstr.32	s15, [r4, #28]
 155:Core/Src/bmp_280.c **** 	bmp->bmpAlt = ((44330.0f*(1.0f-pow(bmp->bmpPres/1013.25f, 1.0f/5.255f))));
 833              		.loc 1 155 2 is_stmt 1 discriminator 3 view .LVU261
 834              		.loc 1 155 49 is_stmt 0 discriminator 3 view .LVU262
 835 024c 9FED237A 		vldr.32	s14, .L18+44
 836 0250 87EE870A 		vdiv.f32	s0, s15, s14
 837              		.loc 1 155 33 discriminator 3 view .LVU263
 838 0254 9FED161B 		vldr.64	d1, .L18
 839 0258 B7EEC00A 		vcvt.f64.f32	d0, s0
 840 025c FFF7FEFF 		bl	pow
 841              	.LVL76:
 842              		.loc 1 155 32 discriminator 3 view .LVU264
 843 0260 B7EE007B 		vmov.f64	d7, #1.0e+0
 844 0264 37EE407B 		vsub.f64	d7, d7, d0
 845              		.loc 1 155 26 discriminator 3 view .LVU265
 846 0268 9FED130B 		vldr.64	d0, .L18+8
 847 026c 27EE007B 		vmul.f64	d7, d7, d0
 848 0270 B7EEC77B 		vcvt.f32.f64	s14, d7
 849              		.loc 1 155 14 discriminator 3 view .LVU266
 850 0274 84ED087A 		vstr.32	s14, [r4, #32]
 156:Core/Src/bmp_280.c **** 
 157:Core/Src/bmp_280.c **** //	sendS("f", bmp->bmpPres);newL();
 158:Core/Src/bmp_280.c **** 
 159:Core/Src/bmp_280.c **** 
 160:Core/Src/bmp_280.c **** 	pSum += bmp->bmpAlt;
 851              		.loc 1 160 2 is_stmt 1 discriminator 3 view .LVU267
 852              		.loc 1 160 7 is_stmt 0 discriminator 3 view .LVU268
 853 0278 38EE078A 		vadd.f32	s16, s16, s14
 854              	.LVL77:
 161:Core/Src/bmp_280.c **** //	sendMati((uint8_t *) &dataPRx, 1, 7);
 162:Core/Src/bmp_280.c **** 
 163:Core/Src/bmp_280.c ****         HAL_Delay(KALMAN_PREDICT_TIME_ALT);
 855              		.loc 1 163 9 is_stmt 1 discriminator 3 view .LVU269
 856 027c 0A20     		movs	r0, #10
 857 027e FFF7FEFF 		bl	HAL_Delay
 858              	.LVL78:
 859              	.LBE3:
 120:Core/Src/bmp_280.c ****         {
 860              		.loc 1 120 38 discriminator 3 view .LVU270
 120:Core/Src/bmp_280.c ****         {
 861              		.loc 1 120 39 is_stmt 0 discriminator 3 view .LVU271
 862 0282 0135     		adds	r5, r5, #1
 863              	.LVL79:
 120:Core/Src/bmp_280.c ****         {
 864              		.loc 1 120 39 discriminator 3 view .LVU272
 865 0284 ADB2     		uxth	r5, r5
 866              	.LVL80:
 867              	.L15:
 120:Core/Src/bmp_280.c ****         {
 868              		.loc 1 120 30 is_stmt 1 discriminator 1 view .LVU273
ARM GAS  /tmp/ccB8Jy7R.s 			page 20


 120:Core/Src/bmp_280.c ****         {
 869              		.loc 1 120 9 is_stmt 0 discriminator 1 view .LVU274
 870 0286 BD42     		cmp	r5, r7
 871 0288 FFF4CCAE 		bcc	.L16
 872              	.LBE4:
 164:Core/Src/bmp_280.c ****         }
 165:Core/Src/bmp_280.c **** 
 166:Core/Src/bmp_280.c ****         bmp->bmpAltCal = pSum/it;
 873              		.loc 1 166 9 is_stmt 1 view .LVU275
 874              		.loc 1 166 30 is_stmt 0 view .LVU276
 875 028c 07EE907A 		vmov	s15, r7	@ int
 876 0290 F8EEE77A 		vcvt.f32.s32	s15, s15
 877 0294 88EE277A 		vdiv.f32	s14, s16, s15
 878              		.loc 1 166 24 view .LVU277
 879 0298 84ED097A 		vstr.32	s14, [r4, #36]
 167:Core/Src/bmp_280.c ****         sendS("c", "Altitude Calibration completed\n\r");
 880              		.loc 1 167 9 is_stmt 1 view .LVU278
 881 029c 1049     		ldr	r1, .L18+48
 882 029e 0948     		ldr	r0, .L18+20
 883 02a0 FFF7FEFF 		bl	sendS
 884              	.LVL81:
 168:Core/Src/bmp_280.c **** }
 885              		.loc 1 168 1 is_stmt 0 view .LVU279
 886 02a4 06B0     		add	sp, sp, #24
 887              	.LCFI7:
 888              		.cfi_def_cfa_offset 40
 889              		@ sp needed
 890 02a6 BDEC028B 		vldm	sp!, {d8}
 891              	.LCFI8:
 892              		.cfi_restore 80
 893              		.cfi_restore 81
 894              		.cfi_def_cfa_offset 32
 895              	.LVL82:
 896              		.loc 1 168 1 view .LVU280
 897 02aa BDE8F087 		pop	{r4, r5, r6, r7, r8, r9, r10, pc}
 898              	.LVL83:
 899              	.L19:
 900              		.loc 1 168 1 view .LVU281
 901 02ae 00BF     		.align	3
 902              	.L18:
 903 02b0 000000C0 		.word	-1073741824
 904 02b4 955BC83F 		.word	1070095253
 905 02b8 00000000 		.word	0
 906 02bc 40A5E540 		.word	1088791872
 907 02c0 00000000 		.word	.LC10
 908 02c4 24000000 		.word	.LC1
 909 02c8 00000000 		.word	0
 910 02cc 000C0258 		.word	1476529152
 911 02d0 00000000 		.word	hspi3
 912 02d4 0000C842 		.word	1120403456
 913 02d8 0000C846 		.word	1187512320
 914 02dc 00507D44 		.word	1149063168
 915 02e0 24000000 		.word	.LC11
 916              		.cfi_endproc
 917              	.LFE354:
 919              		.section	.text.bmp280_PresTempRead,"ax",%progbits
 920              		.align	1
ARM GAS  /tmp/ccB8Jy7R.s 			page 21


 921              		.global	bmp280_PresTempRead
 922              		.syntax unified
 923              		.thumb
 924              		.thumb_func
 925              		.fpu fpv5-d16
 927              	bmp280_PresTempRead:
 928              	.LVL84:
 929              	.LFB355:
 169:Core/Src/bmp_280.c **** 
 170:Core/Src/bmp_280.c **** void bmp280_PresTempRead(bmp280 *bmp, uint8_t* data)
 171:Core/Src/bmp_280.c **** {
 930              		.loc 1 171 1 is_stmt 1 view -0
 931              		.cfi_startproc
 932              		@ args = 0, pretend = 0, frame = 0
 933              		@ frame_needed = 0, uses_anonymous_args = 0
 934              		.loc 1 171 1 is_stmt 0 view .LVU283
 935 0000 2DE9F843 		push	{r3, r4, r5, r6, r7, r8, r9, lr}
 936              	.LCFI9:
 937              		.cfi_def_cfa_offset 32
 938              		.cfi_offset 3, -32
 939              		.cfi_offset 4, -28
 940              		.cfi_offset 5, -24
 941              		.cfi_offset 6, -20
 942              		.cfi_offset 7, -16
 943              		.cfi_offset 8, -12
 944              		.cfi_offset 9, -8
 945              		.cfi_offset 14, -4
 946 0004 0446     		mov	r4, r0
 172:Core/Src/bmp_280.c **** 	/* Remove the next line if the sensor is used in alone stand */
 173:Core/Src/bmp_280.c **** 	bmp->bmpAltCal = 0;
 947              		.loc 1 173 2 is_stmt 1 view .LVU284
 948              		.loc 1 173 17 is_stmt 0 view .LVU285
 949 0006 0023     		movs	r3, #0
 950 0008 4362     		str	r3, [r0, #36]	@ float
 174:Core/Src/bmp_280.c **** 	uint16_t* dig_T1 = (uint16_t *) &(bmp->trimPar[0]);
 951              		.loc 1 174 2 is_stmt 1 view .LVU286
 952              	.LVL85:
 175:Core/Src/bmp_280.c **** 	int16_t* dig_T2 = &(bmp->trimPar[1]);
 953              		.loc 1 175 2 view .LVU287
 176:Core/Src/bmp_280.c **** 	int16_t* dig_T3 = &(bmp->trimPar[2]);
 954              		.loc 1 176 2 view .LVU288
 177:Core/Src/bmp_280.c **** 	uint16_t* dig_P1 = (uint16_t *) &(bmp->trimPar[3]);
 955              		.loc 1 177 2 view .LVU289
 178:Core/Src/bmp_280.c **** 	int16_t* dig_P2 = &(bmp->trimPar[4]);
 956              		.loc 1 178 2 view .LVU290
 179:Core/Src/bmp_280.c **** 	int16_t* dig_P3 = &(bmp->trimPar[5]);
 957              		.loc 1 179 2 view .LVU291
 180:Core/Src/bmp_280.c **** 	int16_t* dig_P4 = &(bmp->trimPar[6]);
 958              		.loc 1 180 2 view .LVU292
 181:Core/Src/bmp_280.c **** 	int16_t* dig_P5 = &(bmp->trimPar[7]);
 959              		.loc 1 181 2 view .LVU293
 182:Core/Src/bmp_280.c **** 	int16_t* dig_P6 = &(bmp->trimPar[8]);
 960              		.loc 1 182 2 view .LVU294
 183:Core/Src/bmp_280.c **** 	int16_t* dig_P7 = &(bmp->trimPar[9]);
 961              		.loc 1 183 2 view .LVU295
 184:Core/Src/bmp_280.c **** 	int16_t* dig_P8 = &(bmp->trimPar[10]);
 962              		.loc 1 184 2 view .LVU296
ARM GAS  /tmp/ccB8Jy7R.s 			page 22


 185:Core/Src/bmp_280.c **** 	int16_t* dig_P9 = &(bmp->trimPar[11]);
 963              		.loc 1 185 2 view .LVU297
 186:Core/Src/bmp_280.c **** 
 187:Core/Src/bmp_280.c **** 	int32_t pres = (data[1] << 12) | (data[2] << 4) | (data[3] >> 4);
 964              		.loc 1 187 2 view .LVU298
 965              		.loc 1 187 22 is_stmt 0 view .LVU299
 966 000a 4878     		ldrb	r0, [r1, #1]	@ zero_extendqisi2
 967              	.LVL86:
 968              		.loc 1 187 40 view .LVU300
 969 000c 91F802C0 		ldrb	ip, [r1, #2]	@ zero_extendqisi2
 970              		.loc 1 187 44 view .LVU301
 971 0010 4FEA0C1C 		lsl	ip, ip, #4
 972              		.loc 1 187 33 view .LVU302
 973 0014 4CEA003C 		orr	ip, ip, r0, lsl #12
 974              		.loc 1 187 57 view .LVU303
 975 0018 C878     		ldrb	r0, [r1, #3]	@ zero_extendqisi2
 976              		.loc 1 187 10 view .LVU304
 977 001a 4CEA101C 		orr	ip, ip, r0, lsr #4
 978              	.LVL87:
 188:Core/Src/bmp_280.c **** 
 189:Core/Src/bmp_280.c **** 	int32_t temp = (data[4] << 12) | (data[5] << 4) | (data[6] >> 4); 
 979              		.loc 1 189 2 is_stmt 1 view .LVU305
 980              		.loc 1 189 22 is_stmt 0 view .LVU306
 981 001e 0B79     		ldrb	r3, [r1, #4]	@ zero_extendqisi2
 982              		.loc 1 189 40 view .LVU307
 983 0020 4A79     		ldrb	r2, [r1, #5]	@ zero_extendqisi2
 984              		.loc 1 189 44 view .LVU308
 985 0022 1201     		lsls	r2, r2, #4
 986              		.loc 1 189 33 view .LVU309
 987 0024 42EA0332 		orr	r2, r2, r3, lsl #12
 988              		.loc 1 189 57 view .LVU310
 989 0028 8979     		ldrb	r1, [r1, #6]	@ zero_extendqisi2
 990              	.LVL88:
 991              		.loc 1 189 10 view .LVU311
 992 002a 42EA1112 		orr	r2, r2, r1, lsr #4
 993              	.LVL89:
 190:Core/Src/bmp_280.c **** 
 191:Core/Src/bmp_280.c **** 
 192:Core/Src/bmp_280.c **** 	int64_t var1 = ((((temp>>3) - ((signed long int)*dig_T1<<1))) * ((signed long int)*dig_T2)) >> 11;
 994              		.loc 1 192 2 is_stmt 1 view .LVU312
 995              		.loc 1 192 50 is_stmt 0 view .LVU313
 996 002e 2188     		ldrh	r1, [r4]
 997              		.loc 1 192 57 view .LVU314
 998 0030 4B00     		lsls	r3, r1, #1
 999              		.loc 1 192 30 view .LVU315
 1000 0032 C3EBE203 		rsb	r3, r3, r2, asr #3
 1001              		.loc 1 192 84 view .LVU316
 1002 0036 B4F90200 		ldrsh	r0, [r4, #2]
 1003              		.loc 1 192 64 view .LVU317
 1004 003a 03FB00F0 		mul	r0, r3, r0
 1005              	.LVL90:
 193:Core/Src/bmp_280.c **** 	int64_t var2 = (((((temp>>4) - ((signed long int) *dig_T1)) * ((temp>>4) - ((signed long int)*dig_
 1006              		.loc 1 193 2 is_stmt 1 view .LVU318
 1007              		.loc 1 193 31 is_stmt 0 view .LVU319
 1008 003e C1EB2211 		rsb	r1, r1, r2, asr #4
 1009              		.loc 1 193 62 view .LVU320
 1010 0042 01FB01F3 		mul	r3, r1, r1
ARM GAS  /tmp/ccB8Jy7R.s 			page 23


 1011              		.loc 1 193 106 view .LVU321
 1012 0046 1B13     		asrs	r3, r3, #12
 1013              		.loc 1 193 133 view .LVU322
 1014 0048 B4F90410 		ldrsh	r1, [r4, #4]
 1015              		.loc 1 193 113 view .LVU323
 1016 004c 01FB03F3 		mul	r3, r1, r3
 1017              		.loc 1 193 143 view .LVU324
 1018 0050 9B13     		asrs	r3, r3, #14
 1019              	.LVL91:
 194:Core/Src/bmp_280.c **** 	int32_t t_fine = var1 + var2;
 1020              		.loc 1 194 2 is_stmt 1 view .LVU325
 1021              		.loc 1 194 24 is_stmt 0 view .LVU326
 1022 0052 03EBE023 		add	r3, r3, r0, asr #11
 1023              	.LVL92:
 195:Core/Src/bmp_280.c **** 	bmp->bmpTemp = (t_fine * 5 + 128) >> 8;
 1024              		.loc 1 195 2 is_stmt 1 view .LVU327
 1025              		.loc 1 195 25 is_stmt 0 view .LVU328
 1026 0056 03EB8302 		add	r2, r3, r3, lsl #2
 1027              	.LVL93:
 1028              		.loc 1 195 29 view .LVU329
 1029 005a 8032     		adds	r2, r2, #128
 1030              		.loc 1 195 36 view .LVU330
 1031 005c 1212     		asrs	r2, r2, #8
 1032              		.loc 1 195 15 view .LVU331
 1033 005e 07EE902A 		vmov	s15, r2	@ int
 1034 0062 F8EEE77A 		vcvt.f32.s32	s15, s15
 1035 0066 C4ED067A 		vstr.32	s15, [r4, #24]
 1036              	.LVL94:
 196:Core/Src/bmp_280.c **** 	bmp->bmpTemp = bmp->bmpTemp/100.0f;
 1037              		.loc 1 196 2 is_stmt 1 view .LVU332
 1038              		.loc 1 196 29 is_stmt 0 view .LVU333
 1039 006a DFED776A 		vldr.32	s13, .L22+16
 1040 006e 87EEA67A 		vdiv.f32	s14, s15, s13
 1041              		.loc 1 196 15 view .LVU334
 1042 0072 84ED067A 		vstr.32	s14, [r4, #24]
 197:Core/Src/bmp_280.c **** 
 198:Core/Src/bmp_280.c **** 	var1 = ((int64_t)t_fine) - 128000;
 1043              		.loc 1 198 2 is_stmt 1 view .LVU335
 1044              		.loc 1 198 10 is_stmt 0 view .LVU336
 1045 0076 D917     		asrs	r1, r3, #31
 1046              		.loc 1 198 7 view .LVU337
 1047 0078 B3F5FA33 		subs	r3, r3, #128000
 1048              	.LVL95:
 1049              		.loc 1 198 7 view .LVU338
 1050 007c 41F1FF31 		adc	r1, r1, #-1
 1051              	.LVL96:
 199:Core/Src/bmp_280.c **** 	var2 = (var1) * (var1) * (int64_t)*dig_P6;
 1052              		.loc 1 199 2 is_stmt 1 view .LVU339
 1053              		.loc 1 199 16 is_stmt 0 view .LVU340
 1054 0080 03FB01F7 		mul	r7, r3, r1
 1055 0084 A3FB0308 		umull	r0, r8, r3, r3
 1056 0088 08EB4708 		add	r8, r8, r7, lsl #1
 1057              		.loc 1 199 36 view .LVU341
 1058 008c B4F91020 		ldrsh	r2, [r4, #16]
 1059              		.loc 1 199 27 view .LVU342
 1060 0090 D617     		asrs	r6, r2, #31
 1061              		.loc 1 199 7 view .LVU343
ARM GAS  /tmp/ccB8Jy7R.s 			page 24


 1062 0092 00FB06F6 		mul	r6, r0, r6
 1063 0096 02FB0866 		mla	r6, r2, r8, r6
 1064 009a A0FB02E2 		umull	lr, r2, r0, r2
 1065 009e 1644     		add	r6, r6, r2
 1066              	.LVL97:
 200:Core/Src/bmp_280.c **** 	var2 = (var2) + (((var1)*(int64_t)*dig_P5)<<17);
 1067              		.loc 1 200 2 is_stmt 1 view .LVU344
 1068              		.loc 1 200 36 is_stmt 0 view .LVU345
 1069 00a0 B4F90E50 		ldrsh	r5, [r4, #14]
 1070              		.loc 1 200 27 view .LVU346
 1071 00a4 EA17     		asrs	r2, r5, #31
 1072              		.loc 1 200 26 view .LVU347
 1073 00a6 05FB01F7 		mul	r7, r5, r1
 1074 00aa 03FB0277 		mla	r7, r3, r2, r7
 1075 00ae A5FB0352 		umull	r5, r2, r5, r3
 1076 00b2 1744     		add	r7, r7, r2
 1077              		.loc 1 200 44 view .LVU348
 1078 00b4 7F04     		lsls	r7, r7, #17
 1079 00b6 47EAD537 		orr	r7, r7, r5, lsr #15
 1080 00ba 6A04     		lsls	r2, r5, #17
 1081              		.loc 1 200 7 view .LVU349
 1082 00bc 12EB0E02 		adds	r2, r2, lr
 1083 00c0 46EB0706 		adc	r6, r6, r7
 1084              	.LVL98:
 201:Core/Src/bmp_280.c **** 	var2 = (var2) + (((int64_t)*dig_P4)<<35);
 1085              		.loc 1 201 2 is_stmt 1 view .LVU350
 1086              		.loc 1 201 29 is_stmt 0 view .LVU351
 1087 00c4 B4F90C70 		ldrsh	r7, [r4, #12]
 1088              		.loc 1 201 37 view .LVU352
 1089 00c8 0025     		movs	r5, #0
 1090              		.loc 1 201 7 view .LVU353
 1091 00ca AA18     		adds	r2, r5, r2
 1092              	.LVL99:
 1093              		.loc 1 201 7 view .LVU354
 1094 00cc 06EBC706 		add	r6, r6, r7, lsl #3
 1095              	.LVL100:
 202:Core/Src/bmp_280.c **** 	var1 = (((var1) * (var1) * (int64_t)*dig_P3)>>8) + (((var1) * (int64_t)*dig_P2)<<12);
 1096              		.loc 1 202 2 is_stmt 1 view .LVU355
 1097              		.loc 1 202 38 is_stmt 0 view .LVU356
 1098 00d0 B4F90A90 		ldrsh	r9, [r4, #10]
 1099              		.loc 1 202 29 view .LVU357
 1100 00d4 4FEAE97E 		asr	lr, r9, #31
 1101              		.loc 1 202 27 view .LVU358
 1102 00d8 00FB0EFE 		mul	lr, r0, lr
 1103 00dc 09FB08EE 		mla	lr, r9, r8, lr
 1104 00e0 A0FB0909 		umull	r0, r9, r0, r9
 1105 00e4 0EEB0907 		add	r7, lr, r9
 1106              		.loc 1 202 46 view .LVU359
 1107 00e8 000A     		lsrs	r0, r0, #8
 1108 00ea 40EA0760 		orr	r0, r0, r7, lsl #24
 1109              		.loc 1 202 73 view .LVU360
 1110 00ee B4F90880 		ldrsh	r8, [r4, #8]
 1111              		.loc 1 202 64 view .LVU361
 1112 00f2 4FEAE87E 		asr	lr, r8, #31
 1113              		.loc 1 202 62 view .LVU362
 1114 00f6 08FB01F1 		mul	r1, r8, r1
 1115              	.LVL101:
ARM GAS  /tmp/ccB8Jy7R.s 			page 25


 1116              		.loc 1 202 62 view .LVU363
 1117 00fa 03FB0E1E 		mla	lr, r3, lr, r1
 1118 00fe A8FB0383 		umull	r8, r3, r8, r3
 1119              	.LVL102:
 1120              		.loc 1 202 62 view .LVU364
 1121 0102 9E44     		add	lr, lr, r3
 1122              		.loc 1 202 81 view .LVU365
 1123 0104 4FEA0E3E 		lsl	lr, lr, #12
 1124 0108 4EEA185E 		orr	lr, lr, r8, lsr #20
 1125 010c 4FEA0833 		lsl	r3, r8, #12
 1126              		.loc 1 202 7 view .LVU366
 1127 0110 C318     		adds	r3, r0, r3
 1128 0112 4EEB272E 		adc	lr, lr, r7, asr #8
 1129              	.LVL103:
 203:Core/Src/bmp_280.c **** 	var1 = (((((int64_t)1)<<47)+(var1)))*((int64_t)*dig_P1)>>33;
 1130              		.loc 1 203 2 is_stmt 1 view .LVU367
 1131              		.loc 1 203 29 is_stmt 0 view .LVU368
 1132 0116 0EF5004E 		add	lr, lr, #32768
 1133              	.LVL104:
 1134              		.loc 1 203 49 view .LVU369
 1135 011a E188     		ldrh	r1, [r4, #6]
 1136              		.loc 1 203 38 view .LVU370
 1137 011c A3FB0130 		umull	r3, r0, r3, r1
 1138              	.LVL105:
 1139              		.loc 1 203 38 view .LVU371
 1140 0120 01FB0E0E 		mla	lr, r1, lr, r0
 1141              	.LVL106:
 204:Core/Src/bmp_280.c **** 	int64_t p = 1048576-(pres);
 1142              		.loc 1 204 2 is_stmt 1 view .LVU372
 1143              		.loc 1 204 21 is_stmt 0 view .LVU373
 1144 0124 CCF58010 		rsb	r0, ip, #1048576
 1145              	.LVL107:
 205:Core/Src/bmp_280.c **** 	p = (((p<<31)-(var2))*3125)/(var1);
 1146              		.loc 1 205 2 is_stmt 1 view .LVU374
 1147              		.loc 1 205 10 is_stmt 0 view .LVU375
 1148 0128 4FEA600C 		asr	ip, r0, #1
 1149              	.LVL108:
 1150              		.loc 1 205 10 view .LVU376
 1151 012c C007     		lsls	r0, r0, #31
 1152              	.LVL109:
 1153              		.loc 1 205 15 view .LVU377
 1154 012e 801A     		subs	r0, r0, r2
 1155 0130 6CEB060C 		sbc	ip, ip, r6
 1156              		.loc 1 205 23 view .LVU378
 1157 0134 0218     		adds	r2, r0, r0
 1158              	.LVL110:
 1159              		.loc 1 205 23 view .LVU379
 1160 0136 4CEB0C01 		adc	r1, ip, ip
 1161 013a 1218     		adds	r2, r2, r0
 1162 013c 4CEB0101 		adc	r1, ip, r1
 1163 0140 8B01     		lsls	r3, r1, #6
 1164 0142 43EA9263 		orr	r3, r3, r2, lsr #26
 1165 0146 9601     		lsls	r6, r2, #6
 1166 0148 9219     		adds	r2, r2, r6
 1167 014a 41EB0301 		adc	r1, r1, r3
 1168 014e 8900     		lsls	r1, r1, #2
 1169 0150 41EA9271 		orr	r1, r1, r2, lsr #30
ARM GAS  /tmp/ccB8Jy7R.s 			page 26


 1170 0154 9200     		lsls	r2, r2, #2
 1171 0156 1218     		adds	r2, r2, r0
 1172 0158 4CEB0101 		adc	r1, ip, r1
 1173 015c 8900     		lsls	r1, r1, #2
 1174 015e 41EA9271 		orr	r1, r1, r2, lsr #30
 1175 0162 9200     		lsls	r2, r2, #2
 1176 0164 1018     		adds	r0, r2, r0
 1177              		.loc 1 205 4 view .LVU380
 1178 0166 4FEA6E02 		asr	r2, lr, #1
 1179 016a 4FEAEE73 		asr	r3, lr, #31
 1180 016e 4CEB0101 		adc	r1, ip, r1
 1181 0172 FFF7FEFF 		bl	__aeabi_ldivmod
 1182              	.LVL111:
 1183              		.loc 1 205 4 view .LVU381
 1184 0176 0346     		mov	r3, r0
 1185              	.LVL112:
 206:Core/Src/bmp_280.c **** 	var1 = (((int64_t)*dig_P9) * (p>>13) * (p>>13)) >> 25;
 1186              		.loc 1 206 2 is_stmt 1 view .LVU382
 1187              		.loc 1 206 20 is_stmt 0 view .LVU383
 1188 0178 B4F91660 		ldrsh	r6, [r4, #22]
 1189              		.loc 1 206 11 view .LVU384
 1190 017c 4FEAE67E 		asr	lr, r6, #31
 1191              		.loc 1 206 33 view .LVU385
 1192 0180 420B     		lsrs	r2, r0, #13
 1193 0182 42EAC142 		orr	r2, r2, r1, lsl #19
 1194 0186 4F13     		asrs	r7, r1, #13
 1195              		.loc 1 206 29 view .LVU386
 1196 0188 06FB07FC 		mul	ip, r6, r7
 1197 018c 02FB0ECC 		mla	ip, r2, lr, ip
 1198 0190 A6FB026E 		umull	r6, lr, r6, r2
 1199 0194 F444     		add	ip, ip, lr
 1200              		.loc 1 206 39 view .LVU387
 1201 0196 02FB0CFC 		mul	ip, r2, ip
 1202 019a 06FB07CC 		mla	ip, r6, r7, ip
 1203 019e A2FB0662 		umull	r6, r2, r2, r6
 1204 01a2 9444     		add	ip, ip, r2
 1205              		.loc 1 206 7 view .LVU388
 1206 01a4 760E     		lsrs	r6, r6, #25
 1207 01a6 46EACC16 		orr	r6, r6, ip, lsl #7
 1208              	.LVL113:
 207:Core/Src/bmp_280.c **** 	var2 = (((int64_t)*dig_P8) * (p)) >> 19;
 1209              		.loc 1 207 2 is_stmt 1 view .LVU389
 1210              		.loc 1 207 20 is_stmt 0 view .LVU390
 1211 01aa B4F91420 		ldrsh	r2, [r4, #20]
 1212              		.loc 1 207 11 view .LVU391
 1213 01ae 4FEAE27E 		asr	lr, r2, #31
 1214              		.loc 1 207 29 view .LVU392
 1215 01b2 02FB01F7 		mul	r7, r2, r1
 1216 01b6 0EFB0077 		mla	r7, lr, r0, r7
 1217 01ba A2FB0002 		umull	r0, r2, r2, r0
 1218              	.LVL114:
 1219              		.loc 1 207 29 view .LVU393
 1220 01be 3A44     		add	r2, r2, r7
 1221              		.loc 1 207 7 view .LVU394
 1222 01c0 C00C     		lsrs	r0, r0, #19
 1223 01c2 40EA4230 		orr	r0, r0, r2, lsl #13
 1224              	.LVL115:
ARM GAS  /tmp/ccB8Jy7R.s 			page 27


 208:Core/Src/bmp_280.c **** 	p = ((p + (var1) + (var2)) >> 8) + (((int64_t)*dig_P7)<<4);
 1225              		.loc 1 208 2 is_stmt 1 view .LVU395
 1226              		.loc 1 208 10 is_stmt 0 view .LVU396
 1227 01c6 9B19     		adds	r3, r3, r6
 1228              	.LVL116:
 1229              		.loc 1 208 10 view .LVU397
 1230 01c8 41EB6C61 		adc	r1, r1, ip, asr #25
 1231              		.loc 1 208 19 view .LVU398
 1232 01cc 1B18     		adds	r3, r3, r0
 1233 01ce 41EBE241 		adc	r1, r1, r2, asr #19
 1234              		.loc 1 208 29 view .LVU399
 1235 01d2 1B0A     		lsrs	r3, r3, #8
 1236 01d4 43EA0163 		orr	r3, r3, r1, lsl #24
 1237              		.loc 1 208 48 view .LVU400
 1238 01d8 B4F91200 		ldrsh	r0, [r4, #18]
 1239              	.LVL117:
 209:Core/Src/bmp_280.c **** 	p = (uint32_t)p; 
 1240              		.loc 1 209 2 is_stmt 1 view .LVU401
 210:Core/Src/bmp_280.c **** 
 211:Core/Src/bmp_280.c **** 
 212:Core/Src/bmp_280.c **** 	bmp->bmpPres = p/(100.0f*256.0f);
 1241              		.loc 1 212 2 view .LVU402
 1242              		.loc 1 212 18 is_stmt 0 view .LVU403
 1243 01dc 03EB0010 		add	r0, r3, r0, lsl #4
 1244              	.LVL118:
 1245              		.loc 1 212 18 view .LVU404
 1246 01e0 2946     		mov	r1, r5
 1247              	.LVL119:
 1248              		.loc 1 212 18 view .LVU405
 1249 01e2 FFF7FEFF 		bl	__aeabi_l2f
 1250              	.LVL120:
 1251              		.loc 1 212 18 view .LVU406
 1252 01e6 06EE900A 		vmov	s13, r0
 1253 01ea 9FED187A 		vldr.32	s14, .L22+20
 1254 01ee C6EE877A 		vdiv.f32	s15, s13, s14
 1255              		.loc 1 212 15 view .LVU407
 1256 01f2 C4ED077A 		vstr.32	s15, [r4, #28]
 213:Core/Src/bmp_280.c **** 	bmp->bmpAlt = ((44330.0f*(1.0f-pow(bmp->bmpPres/1013.25f, 1.0f/5.255f))));
 1257              		.loc 1 213 2 is_stmt 1 view .LVU408
 1258              		.loc 1 213 49 is_stmt 0 view .LVU409
 1259 01f6 9FED167A 		vldr.32	s14, .L22+24
 1260 01fa 87EE870A 		vdiv.f32	s0, s15, s14
 1261              		.loc 1 213 33 view .LVU410
 1262 01fe 9FED0E1B 		vldr.64	d1, .L22
 1263 0202 B7EEC00A 		vcvt.f64.f32	d0, s0
 1264 0206 FFF7FEFF 		bl	pow
 1265              	.LVL121:
 1266              		.loc 1 213 32 view .LVU411
 1267 020a B7EE007B 		vmov.f64	d7, #1.0e+0
 1268 020e 37EE407B 		vsub.f64	d7, d7, d0
 1269              		.loc 1 213 26 view .LVU412
 1270 0212 9FED0B0B 		vldr.64	d0, .L22+8
 1271 0216 27EE007B 		vmul.f64	d7, d7, d0
 1272 021a B7EEC77B 		vcvt.f32.f64	s14, d7
 1273              		.loc 1 213 14 view .LVU413
 1274 021e 84ED087A 		vstr.32	s14, [r4, #32]
 214:Core/Src/bmp_280.c **** 
ARM GAS  /tmp/ccB8Jy7R.s 			page 28


 215:Core/Src/bmp_280.c **** 	bmp->bmpAlt = bmp->bmpAlt - bmp->bmpAltCal;
 1275              		.loc 1 215 2 is_stmt 1 view .LVU414
 1276              		.loc 1 215 33 is_stmt 0 view .LVU415
 1277 0222 D4ED097A 		vldr.32	s15, [r4, #36]
 1278              		.loc 1 215 28 view .LVU416
 1279 0226 37EE677A 		vsub.f32	s14, s14, s15
 1280              		.loc 1 215 14 view .LVU417
 1281 022a 84ED087A 		vstr.32	s14, [r4, #32]
 216:Core/Src/bmp_280.c **** 
 217:Core/Src/bmp_280.c **** }
 1282              		.loc 1 217 1 view .LVU418
 1283 022e BDE8F883 		pop	{r3, r4, r5, r6, r7, r8, r9, pc}
 1284              	.LVL122:
 1285              	.L23:
 1286              		.loc 1 217 1 view .LVU419
 1287 0232 00BFAFF3 		.align	3
 1287      0080
 1288              	.L22:
 1289 0238 000000C0 		.word	-1073741824
 1290 023c 955BC83F 		.word	1070095253
 1291 0240 00000000 		.word	0
 1292 0244 40A5E540 		.word	1088791872
 1293 0248 0000C842 		.word	1120403456
 1294 024c 0000C846 		.word	1187512320
 1295 0250 00507D44 		.word	1149063168
 1296              		.cfi_endproc
 1297              	.LFE355:
 1299              		.text
 1300              	.Letext0:
 1301              		.file 2 "/usr/lib/gcc/arm-none-eabi/10.3.1/include/stdint.h"
 1302              		.file 3 "Drivers/CMSIS/Device/ST/STM32H7xx/Include/stm32h723xx.h"
 1303              		.file 4 "Drivers/STM32H7xx_HAL_Driver/Inc/stm32h7xx_hal_def.h"
 1304              		.file 5 "Drivers/STM32H7xx_HAL_Driver/Inc/stm32h7xx_hal_gpio.h"
 1305              		.file 6 "Drivers/STM32H7xx_HAL_Driver/Inc/stm32h7xx_hal_dma.h"
 1306              		.file 7 "Drivers/STM32H7xx_HAL_Driver/Inc/stm32h7xx_hal_spi.h"
 1307              		.file 8 "Core/Inc/BMP_280.h"
 1308              		.file 9 "Drivers/STM32H7xx_HAL_Driver/Inc/stm32h7xx_hal.h"
 1309              		.file 10 "Core/Inc/DefFuncs.h"
 1310              		.file 11 "/usr/include/newlib/math.h"
ARM GAS  /tmp/ccB8Jy7R.s 			page 29


DEFINED SYMBOLS
                            *ABS*:0000000000000000 bmp_280.c
     /tmp/ccB8Jy7R.s:17     .rodata.bmp280_init.str1.4:0000000000000000 $d
     /tmp/ccB8Jy7R.s:49     .text.bmp280_init:0000000000000000 $t
     /tmp/ccB8Jy7R.s:57     .text.bmp280_init:0000000000000000 bmp280_init
     /tmp/ccB8Jy7R.s:415    .text.bmp280_init:00000000000001f8 $d
     /tmp/ccB8Jy7R.s:431    .rodata.bmp280_PresCal.str1.4:0000000000000000 $d
     /tmp/ccB8Jy7R.s:440    .text.bmp280_PresCal:0000000000000000 $t
     /tmp/ccB8Jy7R.s:447    .text.bmp280_PresCal:0000000000000000 bmp280_PresCal
     /tmp/ccB8Jy7R.s:903    .text.bmp280_PresCal:00000000000002b0 $d
     /tmp/ccB8Jy7R.s:920    .text.bmp280_PresTempRead:0000000000000000 $t
     /tmp/ccB8Jy7R.s:927    .text.bmp280_PresTempRead:0000000000000000 bmp280_PresTempRead
     /tmp/ccB8Jy7R.s:1289   .text.bmp280_PresTempRead:0000000000000238 $d

UNDEFINED SYMBOLS
HAL_GPIO_WritePin
HAL_SPI_TransmitReceive
sendS
HAL_Delay
HAL_SPI_Transmit
hspi3
__aeabi_ldivmod
__aeabi_l2f
pow
