ARM GAS  /tmp/cczq88uR.s 			page 1


   1              		.cpu cortex-m7
   2              		.eabi_attribute 28, 1
   3              		.eabi_attribute 20, 1
   4              		.eabi_attribute 21, 1
   5              		.eabi_attribute 23, 3
   6              		.eabi_attribute 24, 1
   7              		.eabi_attribute 25, 1
   8              		.eabi_attribute 26, 1
   9              		.eabi_attribute 30, 1
  10              		.eabi_attribute 34, 1
  11              		.eabi_attribute 18, 4
  12              		.file	"fatfs.c"
  13              		.text
  14              	.Ltext0:
  15              		.cfi_sections	.debug_frame
  16              		.section	.text.MX_FATFS_Init,"ax",%progbits
  17              		.align	1
  18              		.global	MX_FATFS_Init
  19              		.arch armv7e-m
  20              		.syntax unified
  21              		.thumb
  22              		.thumb_func
  23              		.fpu fpv5-d16
  25              	MX_FATFS_Init:
  26              	.LFB350:
  27              		.file 1 "FATFS/App/fatfs.c"
   1:FATFS/App/fatfs.c **** /* USER CODE BEGIN Header */
   2:FATFS/App/fatfs.c **** /**
   3:FATFS/App/fatfs.c ****   ******************************************************************************
   4:FATFS/App/fatfs.c ****   * @file   fatfs.c
   5:FATFS/App/fatfs.c ****   * @brief  Code for fatfs applications
   6:FATFS/App/fatfs.c ****   ******************************************************************************
   7:FATFS/App/fatfs.c ****   * @attention
   8:FATFS/App/fatfs.c ****   *
   9:FATFS/App/fatfs.c ****   * Copyright (c) 2025 STMicroelectronics.
  10:FATFS/App/fatfs.c ****   * All rights reserved.
  11:FATFS/App/fatfs.c ****   *
  12:FATFS/App/fatfs.c ****   * This software is licensed under terms that can be found in the LICENSE file
  13:FATFS/App/fatfs.c ****   * in the root directory of this software component.
  14:FATFS/App/fatfs.c ****   * If no LICENSE file comes with this software, it is provided AS-IS.
  15:FATFS/App/fatfs.c ****   *
  16:FATFS/App/fatfs.c ****   ******************************************************************************
  17:FATFS/App/fatfs.c ****   */
  18:FATFS/App/fatfs.c **** /* USER CODE END Header */
  19:FATFS/App/fatfs.c **** #include "fatfs.h"
  20:FATFS/App/fatfs.c **** 
  21:FATFS/App/fatfs.c **** uint8_t retUSER;    /* Return value for USER */
  22:FATFS/App/fatfs.c **** char USERPath[4];   /* USER logical drive path */
  23:FATFS/App/fatfs.c **** FATFS USERFatFS;    /* File system object for USER logical drive */
  24:FATFS/App/fatfs.c **** FIL USERFile;       /* File object for USER */
  25:FATFS/App/fatfs.c **** 
  26:FATFS/App/fatfs.c **** /* USER CODE BEGIN Variables */
  27:FATFS/App/fatfs.c **** 
  28:FATFS/App/fatfs.c **** /* USER CODE END Variables */
  29:FATFS/App/fatfs.c **** 
  30:FATFS/App/fatfs.c **** void MX_FATFS_Init(void)
  31:FATFS/App/fatfs.c **** {
ARM GAS  /tmp/cczq88uR.s 			page 2


  28              		.loc 1 31 1 view -0
  29              		.cfi_startproc
  30              		@ args = 0, pretend = 0, frame = 0
  31              		@ frame_needed = 0, uses_anonymous_args = 0
  32 0000 08B5     		push	{r3, lr}
  33              	.LCFI0:
  34              		.cfi_def_cfa_offset 8
  35              		.cfi_offset 3, -8
  36              		.cfi_offset 14, -4
  32:FATFS/App/fatfs.c ****   /*## FatFS: Link the USER driver ###########################*/
  33:FATFS/App/fatfs.c ****   retUSER = FATFS_LinkDriver(&USER_Driver, USERPath);
  37              		.loc 1 33 3 view .LVU1
  38              		.loc 1 33 13 is_stmt 0 view .LVU2
  39 0002 0349     		ldr	r1, .L3
  40 0004 0348     		ldr	r0, .L3+4
  41 0006 FFF7FEFF 		bl	FATFS_LinkDriver
  42              	.LVL0:
  43              		.loc 1 33 11 view .LVU3
  44 000a 034B     		ldr	r3, .L3+8
  45 000c 1870     		strb	r0, [r3]
  34:FATFS/App/fatfs.c **** 
  35:FATFS/App/fatfs.c ****   /* USER CODE BEGIN Init */
  36:FATFS/App/fatfs.c ****   /* additional user code for init */
  37:FATFS/App/fatfs.c ****   /* USER CODE END Init */
  38:FATFS/App/fatfs.c **** }
  46              		.loc 1 38 1 view .LVU4
  47 000e 08BD     		pop	{r3, pc}
  48              	.L4:
  49              		.align	2
  50              	.L3:
  51 0010 00000000 		.word	.LANCHOR0
  52 0014 00000000 		.word	USER_Driver
  53 0018 00000000 		.word	.LANCHOR1
  54              		.cfi_endproc
  55              	.LFE350:
  57              		.section	.text.get_fattime,"ax",%progbits
  58              		.align	1
  59              		.global	get_fattime
  60              		.syntax unified
  61              		.thumb
  62              		.thumb_func
  63              		.fpu fpv5-d16
  65              	get_fattime:
  66              	.LFB351:
  39:FATFS/App/fatfs.c **** 
  40:FATFS/App/fatfs.c **** /**
  41:FATFS/App/fatfs.c ****   * @brief  Gets Time from RTC
  42:FATFS/App/fatfs.c ****   * @param  None
  43:FATFS/App/fatfs.c ****   * @retval Time in DWORD
  44:FATFS/App/fatfs.c ****   */
  45:FATFS/App/fatfs.c **** DWORD get_fattime(void)
  46:FATFS/App/fatfs.c **** {
  67              		.loc 1 46 1 is_stmt 1 view -0
  68              		.cfi_startproc
  69              		@ args = 0, pretend = 0, frame = 0
  70              		@ frame_needed = 0, uses_anonymous_args = 0
  71              		@ link register save eliminated.
ARM GAS  /tmp/cczq88uR.s 			page 3


  47:FATFS/App/fatfs.c ****   /* USER CODE BEGIN get_fattime */
  48:FATFS/App/fatfs.c ****   return 0;
  72              		.loc 1 48 3 view .LVU6
  49:FATFS/App/fatfs.c ****   /* USER CODE END get_fattime */
  50:FATFS/App/fatfs.c **** }
  73              		.loc 1 50 1 is_stmt 0 view .LVU7
  74 0000 0020     		movs	r0, #0
  75 0002 7047     		bx	lr
  76              		.cfi_endproc
  77              	.LFE351:
  79              		.global	USERFile
  80              		.global	USERFatFS
  81              		.global	USERPath
  82              		.global	retUSER
  83              		.section	.bss.USERFatFS,"aw",%nobits
  84              		.align	2
  87              	USERFatFS:
  88 0000 00000000 		.space	4152
  88      00000000 
  88      00000000 
  88      00000000 
  88      00000000 
  89              		.section	.bss.USERFile,"aw",%nobits
  90              		.align	2
  93              	USERFile:
  94 0000 00000000 		.space	4144
  94      00000000 
  94      00000000 
  94      00000000 
  94      00000000 
  95              		.section	.bss.USERPath,"aw",%nobits
  96              		.align	2
  97              		.set	.LANCHOR0,. + 0
 100              	USERPath:
 101 0000 00000000 		.space	4
 102              		.section	.bss.retUSER,"aw",%nobits
 103              		.set	.LANCHOR1,. + 0
 106              	retUSER:
 107 0000 00       		.space	1
 108              		.text
 109              	.Letext0:
 110              		.file 2 "Middlewares/Third_Party/FatFs/src/integer.h"
 111              		.file 3 "/usr/lib/gcc/arm-none-eabi/10.3.1/include/stdint.h"
 112              		.file 4 "Middlewares/Third_Party/FatFs/src/ff.h"
 113              		.file 5 "Middlewares/Third_Party/FatFs/src/diskio.h"
 114              		.file 6 "Middlewares/Third_Party/FatFs/src/ff_gen_drv.h"
 115              		.file 7 "FATFS/Target/user_diskio.h"
 116              		.file 8 "FATFS/App/fatfs.h"
ARM GAS  /tmp/cczq88uR.s 			page 4


DEFINED SYMBOLS
                            *ABS*:0000000000000000 fatfs.c
     /tmp/cczq88uR.s:17     .text.MX_FATFS_Init:0000000000000000 $t
     /tmp/cczq88uR.s:25     .text.MX_FATFS_Init:0000000000000000 MX_FATFS_Init
     /tmp/cczq88uR.s:51     .text.MX_FATFS_Init:0000000000000010 $d
     /tmp/cczq88uR.s:58     .text.get_fattime:0000000000000000 $t
     /tmp/cczq88uR.s:65     .text.get_fattime:0000000000000000 get_fattime
     /tmp/cczq88uR.s:93     .bss.USERFile:0000000000000000 USERFile
     /tmp/cczq88uR.s:87     .bss.USERFatFS:0000000000000000 USERFatFS
     /tmp/cczq88uR.s:100    .bss.USERPath:0000000000000000 USERPath
     /tmp/cczq88uR.s:106    .bss.retUSER:0000000000000000 retUSER
     /tmp/cczq88uR.s:84     .bss.USERFatFS:0000000000000000 $d
     /tmp/cczq88uR.s:90     .bss.USERFile:0000000000000000 $d
     /tmp/cczq88uR.s:96     .bss.USERPath:0000000000000000 $d
     /tmp/cczq88uR.s:107    .bss.retUSER:0000000000000000 $d

UNDEFINED SYMBOLS
FATFS_LinkDriver
USER_Driver
