ARM GAS  /tmp/ccoeL0NL.s 			page 1


   1              		.cpu cortex-m7
   2              		.eabi_attribute 28, 1
   3              		.eabi_attribute 20, 1
   4              		.eabi_attribute 21, 1
   5              		.eabi_attribute 23, 3
   6              		.eabi_attribute 24, 1
   7              		.eabi_attribute 25, 1
   8              		.eabi_attribute 26, 1
   9              		.eabi_attribute 30, 1
  10              		.eabi_attribute 34, 1
  11              		.eabi_attribute 18, 4
  12              		.file	"GEKF.c"
  13              		.text
  14              	.Ltext0:
  15              		.cfi_sections	.debug_frame
  16              		.section	.text.GroundEKF_init,"ax",%progbits
  17              		.align	1
  18              		.global	GroundEKF_init
  19              		.arch armv7e-m
  20              		.syntax unified
  21              		.thumb
  22              		.thumb_func
  23              		.fpu fpv5-d16
  25              	GroundEKF_init:
  26              	.LVL0:
  27              	.LFB148:
  28              		.file 1 "Core/Src/GEKF.c"
   1:Core/Src/GEKF.c **** /******************************************** This document contains the Ground EKF Algorithm for c
   2:Core/Src/GEKF.c **** 
   3:Core/Src/GEKF.c **** #include "GEKF.h"
   4:Core/Src/GEKF.c **** #include "EKF_Helpers.h"
   5:Core/Src/GEKF.c **** #include "arm_math.h"
   6:Core/Src/GEKF.c **** #include "string.h"
   7:Core/Src/GEKF.c **** #include "DefFuncs.h"
   8:Core/Src/GEKF.c **** 
   9:Core/Src/GEKF.c **** uint8_t converged;
  10:Core/Src/GEKF.c **** float eps = 0.000001;
  11:Core/Src/GEKF.c **** 
  12:Core/Src/GEKF.c **** 
  13:Core/Src/GEKF.c **** float PI7x7[7 * 7] = {1.0f, 0, 0, 0, 0, 0, 0,
  14:Core/Src/GEKF.c ****                       0, 1.0f, 0, 0, 0, 0, 0,
  15:Core/Src/GEKF.c ****                       0, 0, 1.0f, 0, 0, 0, 0,
  16:Core/Src/GEKF.c ****                       0, 0, 0, 1.0f, 0, 0, 0,
  17:Core/Src/GEKF.c ****                       0, 0, 0, 0, 1.0f, 0, 0,
  18:Core/Src/GEKF.c ****                       0, 0, 0, 0, 0, 1.0f, 0,
  19:Core/Src/GEKF.c ****                       0, 0, 0, 0, 0, 0, 1.0f};
  20:Core/Src/GEKF.c **** 
  21:Core/Src/GEKF.c **** float AI7x7[7 * 7] = {1.0f, 0, 0, 0, 0, 0, 0,
  22:Core/Src/GEKF.c ****                       0, 1.0f, 0, 0, 0, 0, 0,
  23:Core/Src/GEKF.c ****                       0, 0, 1.0f, 0, 0, 0, 0,
  24:Core/Src/GEKF.c ****                       0, 0, 0, 1.0f, 0, 0, 0,
  25:Core/Src/GEKF.c ****                       0, 0, 0, 0, 1.0f, 0, 0,
  26:Core/Src/GEKF.c ****                       0, 0, 0, 0, 0, 1.0f, 0,
  27:Core/Src/GEKF.c ****                       0, 0, 0, 0, 0, 0, 1.0f};
  28:Core/Src/GEKF.c **** 
  29:Core/Src/GEKF.c **** float HI7x7[7 * 7] = {1.0f, 0, 0, 0, 0, 0, 0,
  30:Core/Src/GEKF.c ****                       0, 1.0f, 0, 0, 0, 0, 0,
ARM GAS  /tmp/ccoeL0NL.s 			page 2


  31:Core/Src/GEKF.c ****                       0, 0, 1.0f, 0, 0, 0, 0,
  32:Core/Src/GEKF.c ****                       0, 0, 0, 1.0f, 0, 0, 0,
  33:Core/Src/GEKF.c ****                       0, 0, 0, 0, 1.0f, 0, 0,
  34:Core/Src/GEKF.c ****                       0, 0, 0, 0, 0, 1.0f, 0,
  35:Core/Src/GEKF.c ****                       0, 0, 0, 0, 0, 0, 1.0f};
  36:Core/Src/GEKF.c **** 
  37:Core/Src/GEKF.c **** float QI7x7[7 * 7] = {1.0f, 0, 0, 0, 0, 0, 0,
  38:Core/Src/GEKF.c ****                       0, 1.0f, 0, 0, 0, 0, 0,
  39:Core/Src/GEKF.c ****                       0, 0, 1.0f, 0, 0, 0, 0,
  40:Core/Src/GEKF.c ****                       0, 0, 0, 1.0f, 0, 0, 0,
  41:Core/Src/GEKF.c ****                       0, 0, 0, 0, 1.0f, 0, 0,
  42:Core/Src/GEKF.c ****                       0, 0, 0, 0, 0, 1.0f, 0,
  43:Core/Src/GEKF.c ****                       0, 0, 0, 0, 0, 0, 1.0f};
  44:Core/Src/GEKF.c **** 
  45:Core/Src/GEKF.c **** float RI7x7[7 * 7] = {1.0f, 0, 0, 0, 0, 0, 0,
  46:Core/Src/GEKF.c ****                       0, 1.0f, 0, 0, 0, 0, 0,
  47:Core/Src/GEKF.c ****                       0, 0, 1.0f, 0, 0, 0, 0,
  48:Core/Src/GEKF.c ****                       0, 0, 0, 1.0f, 0, 0, 0,
  49:Core/Src/GEKF.c ****                       0, 0, 0, 0, 1.0f, 0, 0,
  50:Core/Src/GEKF.c ****                       0, 0, 0, 0, 0, 1.0f, 0,
  51:Core/Src/GEKF.c ****                       0, 0, 0, 0, 0, 0, 1.0f};
  52:Core/Src/GEKF.c **** 
  53:Core/Src/GEKF.c **** float PI6x6[6 * 6] = {1.0f, 0, 0, 0, 0, 0,
  54:Core/Src/GEKF.c ****                       0, 1.0f, 0, 0, 0, 0,
  55:Core/Src/GEKF.c ****                       0, 0, 1.0f, 0, 0, 0,
  56:Core/Src/GEKF.c ****                       0, 0, 0, 1.0f, 0, 0,
  57:Core/Src/GEKF.c ****                       0, 0, 0, 0, 1.0f, 0,
  58:Core/Src/GEKF.c ****                       0, 0, 0, 0, 0, 1.0f};
  59:Core/Src/GEKF.c **** 
  60:Core/Src/GEKF.c **** float AI6x6[6 * 6] = {1.0f, 0, 0, 0, 0, 0,
  61:Core/Src/GEKF.c ****                       0, 1.0f, 0, 0, 0, 0,
  62:Core/Src/GEKF.c ****                       0, 0, 1.0f, 0, 0, 0,
  63:Core/Src/GEKF.c ****                       0, 0, 0, 1.0f, 0, 0,
  64:Core/Src/GEKF.c ****                       0, 0, 0, 0, 1.0f, 0,
  65:Core/Src/GEKF.c ****                       0, 0, 0, 0, 0, 1.0f};
  66:Core/Src/GEKF.c **** 
  67:Core/Src/GEKF.c **** float HI6x6[6 * 6] = {1.0f, 0, 0, 0, 0, 0,
  68:Core/Src/GEKF.c ****                       0, 1.0f, 0, 0, 0, 0,
  69:Core/Src/GEKF.c ****                       0, 0, 1.0f, 0, 0, 0,
  70:Core/Src/GEKF.c ****                       0, 0, 0, 1.0f, 0, 0,
  71:Core/Src/GEKF.c ****                       0, 0, 0, 0, 1.0f, 0,
  72:Core/Src/GEKF.c ****                       0, 0, 0, 0, 0, 1.0f};
  73:Core/Src/GEKF.c **** 
  74:Core/Src/GEKF.c **** float QI6x6[6 * 6] = {1.0f, 0, 0, 0, 0, 0,
  75:Core/Src/GEKF.c ****                       0, 1.0f, 0, 0, 0, 0,
  76:Core/Src/GEKF.c ****                       0, 0, 1.0f, 0, 0, 0,
  77:Core/Src/GEKF.c ****                       0, 0, 0, 1.0f, 0, 0,
  78:Core/Src/GEKF.c ****                       0, 0, 0, 0, 1.0f, 0,
  79:Core/Src/GEKF.c ****                       0, 0, 0, 0, 0, 1.0f};
  80:Core/Src/GEKF.c **** 
  81:Core/Src/GEKF.c **** float RI6x6[6 * 6] = {1.0f, 0, 0, 0, 0, 0,
  82:Core/Src/GEKF.c ****                       0, 1.0f, 0, 0, 0, 0,
  83:Core/Src/GEKF.c ****                       0, 0, 1.0f, 0, 0, 0,
  84:Core/Src/GEKF.c ****                       0, 0, 0, 1.0f, 0, 0,
  85:Core/Src/GEKF.c ****                       0, 0, 0, 0, 1.0f, 0,
  86:Core/Src/GEKF.c ****                       0, 0, 0, 0, 0, 1.0f};
  87:Core/Src/GEKF.c **** 
ARM GAS  /tmp/ccoeL0NL.s 			page 3


  88:Core/Src/GEKF.c **** 
  89:Core/Src/GEKF.c **** float K_init_7x7[7 * 7];
  90:Core/Src/GEKF.c **** float K_init_6x6[6 * 6];
  91:Core/Src/GEKF.c **** 
  92:Core/Src/GEKF.c **** float x_init_7[7];
  93:Core/Src/GEKF.c **** float C_init_7[7];
  94:Core/Src/GEKF.c **** float x_init_6[6];
  95:Core/Src/GEKF.c **** float C_init_6[6];
  96:Core/Src/GEKF.c **** 
  97:Core/Src/GEKF.c **** float z_init_6[6];
  98:Core/Src/GEKF.c **** 
  99:Core/Src/GEKF.c **** float HP7x7[7 * 7];
 100:Core/Src/GEKF.c **** float HP6x6[6 * 6];
 101:Core/Src/GEKF.c **** 
 102:Core/Src/GEKF.c **** float HPHt7x7[7 * 7];
 103:Core/Src/GEKF.c **** float HPHt6x6[6 * 6];
 104:Core/Src/GEKF.c **** 
 105:Core/Src/GEKF.c **** float HPHtR7x7[7 * 7];
 106:Core/Src/GEKF.c **** float HPHtR6x6[6 * 6];
 107:Core/Src/GEKF.c **** 
 108:Core/Src/GEKF.c **** float HPHtRI7x7[7 * 7];
 109:Core/Src/GEKF.c **** float HPHtRI6x6[6 * 6];
 110:Core/Src/GEKF.c **** 
 111:Core/Src/GEKF.c **** float HPHtRIHt7x7[7 * 7];
 112:Core/Src/GEKF.c **** float HPHtRIHt6x6[6 * 6];
 113:Core/Src/GEKF.c **** 
 114:Core/Src/GEKF.c **** float KH7x7[7 * 7];
 115:Core/Src/GEKF.c **** float KH6x6[6 * 6];
 116:Core/Src/GEKF.c **** 
 117:Core/Src/GEKF.c **** float IKH7x7[7 * 7];
 118:Core/Src/GEKF.c **** float IKH6x6[6 * 6];
 119:Core/Src/GEKF.c **** 
 120:Core/Src/GEKF.c **** float IKHP7x7[7 * 7];
 121:Core/Src/GEKF.c **** float IKHP6x6[6 * 6];
 122:Core/Src/GEKF.c **** 
 123:Core/Src/GEKF.c **** float y7[7];
 124:Core/Src/GEKF.c **** float y6[6];
 125:Core/Src/GEKF.c **** 
 126:Core/Src/GEKF.c **** float Ky7[7];
 127:Core/Src/GEKF.c **** float Ky6[6];
 128:Core/Src/GEKF.c **** 
 129:Core/Src/GEKF.c **** float xtemp7[7];
 130:Core/Src/GEKF.c **** float xtemp6[6];
 131:Core/Src/GEKF.c **** 
 132:Core/Src/GEKF.c **** float Ptemp7x7[7 * 7];
 133:Core/Src/GEKF.c **** float Ptemp6x6[6 * 6];
 134:Core/Src/GEKF.c **** 
 135:Core/Src/GEKF.c **** 
 136:Core/Src/GEKF.c **** void GroundEKF_init(gekf* gkal, float Q, float R)
 137:Core/Src/GEKF.c **** {
  29              		.loc 1 137 1 view -0
  30              		.cfi_startproc
  31              		@ args = 0, pretend = 0, frame = 0
  32              		@ frame_needed = 0, uses_anonymous_args = 0
  33              		.loc 1 137 1 is_stmt 0 view .LVU1
  34 0000 10B5     		push	{r4, lr}
  35              	.LCFI0:
ARM GAS  /tmp/ccoeL0NL.s 			page 4


  36              		.cfi_def_cfa_offset 8
  37              		.cfi_offset 4, -8
  38              		.cfi_offset 14, -4
  39 0002 2DED028B 		vpush.64	{d8}
  40              	.LCFI1:
  41              		.cfi_def_cfa_offset 16
  42              		.cfi_offset 80, -16
  43              		.cfi_offset 81, -12
  44 0006 0446     		mov	r4, r0
  45 0008 F0EE408A 		vmov.f32	s17, s0
  46 000c B0EE608A 		vmov.f32	s16, s1
 138:Core/Src/GEKF.c **** 	arm_mat_init_f32(&gkal->x, 7, 1, x_init_7);
  47              		.loc 1 138 2 is_stmt 1 view .LVU2
  48 0010 484B     		ldr	r3, .L5
  49 0012 0122     		movs	r2, #1
  50 0014 0721     		movs	r1, #7
  51 0016 FFF7FEFF 		bl	arm_mat_init_f32
  52              	.LVL1:
 139:Core/Src/GEKF.c **** 
 140:Core/Src/GEKF.c **** /*	gkal->x.pData[2] = -9.81f;  */
 141:Core/Src/GEKF.c **** 	/* Might need to include one barometer measurement to give a more accurate picture */
 142:Core/Src/GEKF.c **** /*	gkal->x.pData[6] = 243.0f; */
 143:Core/Src/GEKF.c **** 
 144:Core/Src/GEKF.c **** 	arm_mat_init_f32(&gkal->P, 7, 7, PI7x7);
  53              		.loc 1 144 2 view .LVU3
  54 001a 474B     		ldr	r3, .L5+4
  55 001c 0722     		movs	r2, #7
  56 001e 1146     		mov	r1, r2
  57 0020 04F10800 		add	r0, r4, #8
  58 0024 FFF7FEFF 		bl	arm_mat_init_f32
  59              	.LVL2:
 145:Core/Src/GEKF.c **** 
 146:Core/Src/GEKF.c **** 	arm_mat_init_f32(&gkal->A, 7, 7, AI7x7);
  60              		.loc 1 146 2 view .LVU4
  61 0028 444B     		ldr	r3, .L5+8
  62 002a 0722     		movs	r2, #7
  63 002c 1146     		mov	r1, r2
  64 002e 04F11000 		add	r0, r4, #16
  65 0032 FFF7FEFF 		bl	arm_mat_init_f32
  66              	.LVL3:
 147:Core/Src/GEKF.c **** 
 148:Core/Src/GEKF.c **** 	arm_mat_init_f32(&gkal->C, 7, 1, C_init_7);
  67              		.loc 1 148 2 view .LVU5
  68 0036 424B     		ldr	r3, .L5+12
  69 0038 0122     		movs	r2, #1
  70 003a 0721     		movs	r1, #7
  71 003c 04F11800 		add	r0, r4, #24
  72 0040 FFF7FEFF 		bl	arm_mat_init_f32
  73              	.LVL4:
 149:Core/Src/GEKF.c **** 
 150:Core/Src/GEKF.c **** 	arm_mat_init_f32(&gkal->H, 7, 7, HI7x7);
  74              		.loc 1 150 2 view .LVU6
  75 0044 3F4B     		ldr	r3, .L5+16
  76 0046 0722     		movs	r2, #7
  77 0048 1146     		mov	r1, r2
  78 004a 04F12000 		add	r0, r4, #32
  79 004e FFF7FEFF 		bl	arm_mat_init_f32
ARM GAS  /tmp/ccoeL0NL.s 			page 5


  80              	.LVL5:
 151:Core/Src/GEKF.c **** 
 152:Core/Src/GEKF.c **** 	arm_mat_init_f32(&gkal->K, 7, 7, K_init_7x7);
  81              		.loc 1 152 2 view .LVU7
  82 0052 3D4B     		ldr	r3, .L5+20
  83 0054 0722     		movs	r2, #7
  84 0056 1146     		mov	r1, r2
  85 0058 04F12800 		add	r0, r4, #40
  86 005c FFF7FEFF 		bl	arm_mat_init_f32
  87              	.LVL6:
 153:Core/Src/GEKF.c **** 
 154:Core/Src/GEKF.c **** 	arm_mat_init_f32(&gkal->Q, 7, 7, QI7x7);
  88              		.loc 1 154 2 view .LVU8
  89 0060 3A4B     		ldr	r3, .L5+24
  90 0062 0722     		movs	r2, #7
  91 0064 1146     		mov	r1, r2
  92 0066 04F13000 		add	r0, r4, #48
  93 006a FFF7FEFF 		bl	arm_mat_init_f32
  94              	.LVL7:
 155:Core/Src/GEKF.c **** 
 156:Core/Src/GEKF.c **** 	arm_mat_init_f32(&gkal->R, 7, 7, RI7x7);
  95              		.loc 1 156 2 view .LVU9
  96 006e 384B     		ldr	r3, .L5+28
  97 0070 0722     		movs	r2, #7
  98 0072 1146     		mov	r1, r2
  99 0074 04F13800 		add	r0, r4, #56
 100 0078 FFF7FEFF 		bl	arm_mat_init_f32
 101              	.LVL8:
 157:Core/Src/GEKF.c **** 	for (int i = 0; i < 7; i++)
 102              		.loc 1 157 2 view .LVU10
 103              	.LBB2:
 104              		.loc 1 157 7 view .LVU11
 105              		.loc 1 157 11 is_stmt 0 view .LVU12
 106 007c 0023     		movs	r3, #0
 107              		.loc 1 157 2 view .LVU13
 108 007e 12E0     		b	.L2
 109              	.LVL9:
 110              	.L3:
 158:Core/Src/GEKF.c **** 	{
 159:Core/Src/GEKF.c **** 		gkal->Q.pData[i*8] = gkal->Q.pData[i*8] * Q;
 111              		.loc 1 159 3 is_stmt 1 discriminator 3 view .LVU14
 112              		.loc 1 159 31 is_stmt 0 discriminator 3 view .LVU15
 113 0080 626B     		ldr	r2, [r4, #52]
 114              		.loc 1 159 37 discriminator 3 view .LVU16
 115 0082 02EB4312 		add	r2, r2, r3, lsl #5
 116 0086 D2ED007A 		vldr.32	s15, [r2]
 117              		.loc 1 159 43 discriminator 3 view .LVU17
 118 008a 67EEA87A 		vmul.f32	s15, s15, s17
 119              		.loc 1 159 22 discriminator 3 view .LVU18
 120 008e C2ED007A 		vstr.32	s15, [r2]
 160:Core/Src/GEKF.c **** 		gkal->R.pData[i*8] = gkal->R.pData[i*8] * R;
 121              		.loc 1 160 3 is_stmt 1 discriminator 3 view .LVU19
 122              		.loc 1 160 31 is_stmt 0 discriminator 3 view .LVU20
 123 0092 E26B     		ldr	r2, [r4, #60]
 124              		.loc 1 160 37 discriminator 3 view .LVU21
 125 0094 02EB4312 		add	r2, r2, r3, lsl #5
 126 0098 D2ED007A 		vldr.32	s15, [r2]
ARM GAS  /tmp/ccoeL0NL.s 			page 6


 127              		.loc 1 160 43 discriminator 3 view .LVU22
 128 009c 67EE887A 		vmul.f32	s15, s15, s16
 129              		.loc 1 160 22 discriminator 3 view .LVU23
 130 00a0 C2ED007A 		vstr.32	s15, [r2]
 157:Core/Src/GEKF.c **** 	for (int i = 0; i < 7; i++)
 131              		.loc 1 157 25 is_stmt 1 discriminator 3 view .LVU24
 157:Core/Src/GEKF.c **** 	for (int i = 0; i < 7; i++)
 132              		.loc 1 157 26 is_stmt 0 discriminator 3 view .LVU25
 133 00a4 0133     		adds	r3, r3, #1
 134              	.LVL10:
 135              	.L2:
 157:Core/Src/GEKF.c **** 	for (int i = 0; i < 7; i++)
 136              		.loc 1 157 18 is_stmt 1 discriminator 1 view .LVU26
 157:Core/Src/GEKF.c **** 	for (int i = 0; i < 7; i++)
 137              		.loc 1 157 2 is_stmt 0 discriminator 1 view .LVU27
 138 00a6 062B     		cmp	r3, #6
 139 00a8 EADD     		ble	.L3
 140              	.LBE2:
 161:Core/Src/GEKF.c **** 	}
 162:Core/Src/GEKF.c **** 
 163:Core/Src/GEKF.c **** 	arm_mat_init_f32(&gkal->HPHtR, 7, 7, HPHtR7x7);
 141              		.loc 1 163 2 is_stmt 1 view .LVU28
 142 00aa 2A4B     		ldr	r3, .L5+32
 143              	.LVL11:
 144              		.loc 1 163 2 is_stmt 0 view .LVU29
 145 00ac 0722     		movs	r2, #7
 146 00ae 1146     		mov	r1, r2
 147 00b0 04F15000 		add	r0, r4, #80
 148 00b4 FFF7FEFF 		bl	arm_mat_init_f32
 149              	.LVL12:
 164:Core/Src/GEKF.c **** 	arm_mat_init_f32(&gkal->HPHtRI, 7, 7, HPHtRI7x7);
 150              		.loc 1 164 2 is_stmt 1 view .LVU30
 151 00b8 274B     		ldr	r3, .L5+36
 152 00ba 0722     		movs	r2, #7
 153 00bc 1146     		mov	r1, r2
 154 00be 04F15800 		add	r0, r4, #88
 155 00c2 FFF7FEFF 		bl	arm_mat_init_f32
 156              	.LVL13:
 165:Core/Src/GEKF.c **** 	arm_mat_init_f32(&gkal->KH, 7, 7, KH7x7);
 157              		.loc 1 165 2 view .LVU31
 158 00c6 254B     		ldr	r3, .L5+40
 159 00c8 0722     		movs	r2, #7
 160 00ca 1146     		mov	r1, r2
 161 00cc 04F16800 		add	r0, r4, #104
 162 00d0 FFF7FEFF 		bl	arm_mat_init_f32
 163              	.LVL14:
 166:Core/Src/GEKF.c **** 	arm_mat_init_f32(&gkal->IKH, 7, 7, IKH7x7);
 164              		.loc 1 166 2 view .LVU32
 165 00d4 224B     		ldr	r3, .L5+44
 166 00d6 0722     		movs	r2, #7
 167 00d8 1146     		mov	r1, r2
 168 00da 04F17000 		add	r0, r4, #112
 169 00de FFF7FEFF 		bl	arm_mat_init_f32
 170              	.LVL15:
 167:Core/Src/GEKF.c **** 	arm_mat_init_f32(&gkal->IKHP, 7, 7, IKHP7x7);
 171              		.loc 1 167 2 view .LVU33
 172 00e2 204B     		ldr	r3, .L5+48
ARM GAS  /tmp/ccoeL0NL.s 			page 7


 173 00e4 0722     		movs	r2, #7
 174 00e6 1146     		mov	r1, r2
 175 00e8 04F17800 		add	r0, r4, #120
 176 00ec FFF7FEFF 		bl	arm_mat_init_f32
 177              	.LVL16:
 168:Core/Src/GEKF.c **** 	arm_mat_init_f32(&gkal->Ptemp, 7, 7, Ptemp7x7);
 178              		.loc 1 168 2 view .LVU34
 179 00f0 1D4B     		ldr	r3, .L5+52
 180 00f2 0722     		movs	r2, #7
 181 00f4 1146     		mov	r1, r2
 182 00f6 04F19800 		add	r0, r4, #152
 183 00fa FFF7FEFF 		bl	arm_mat_init_f32
 184              	.LVL17:
 169:Core/Src/GEKF.c **** 	arm_mat_init_f32(&gkal->y, 7, 1, y7);
 185              		.loc 1 169 2 view .LVU35
 186 00fe 1B4B     		ldr	r3, .L5+56
 187 0100 0122     		movs	r2, #1
 188 0102 0721     		movs	r1, #7
 189 0104 04F18000 		add	r0, r4, #128
 190 0108 FFF7FEFF 		bl	arm_mat_init_f32
 191              	.LVL18:
 170:Core/Src/GEKF.c **** 	arm_mat_init_f32(&gkal->Ky, 7, 1, Ky7);
 192              		.loc 1 170 2 view .LVU36
 193 010c 184B     		ldr	r3, .L5+60
 194 010e 0122     		movs	r2, #1
 195 0110 0721     		movs	r1, #7
 196 0112 04F18800 		add	r0, r4, #136
 197 0116 FFF7FEFF 		bl	arm_mat_init_f32
 198              	.LVL19:
 171:Core/Src/GEKF.c **** 	arm_mat_init_f32(&gkal->xtemp, 7, 1, xtemp7);
 199              		.loc 1 171 2 view .LVU37
 200 011a 164B     		ldr	r3, .L5+64
 201 011c 0122     		movs	r2, #1
 202 011e 0721     		movs	r1, #7
 203 0120 04F19000 		add	r0, r4, #144
 204 0124 FFF7FEFF 		bl	arm_mat_init_f32
 205              	.LVL20:
 172:Core/Src/GEKF.c **** 
 173:Core/Src/GEKF.c **** 	gkal->armed = 0;
 206              		.loc 1 173 2 view .LVU38
 207              		.loc 1 173 14 is_stmt 0 view .LVU39
 208 0128 0023     		movs	r3, #0
 209 012a 84F8A830 		strb	r3, [r4, #168]
 174:Core/Src/GEKF.c **** 
 175:Core/Src/GEKF.c **** }
 210              		.loc 1 175 1 view .LVU40
 211 012e BDEC028B 		vldm	sp!, {d8}
 212              	.LCFI2:
 213              		.cfi_restore 80
 214              		.cfi_restore 81
 215              		.cfi_def_cfa_offset 8
 216              	.LVL21:
 217              		.loc 1 175 1 view .LVU41
 218 0132 10BD     		pop	{r4, pc}
 219              	.LVL22:
 220              	.L6:
 221              		.loc 1 175 1 view .LVU42
ARM GAS  /tmp/ccoeL0NL.s 			page 8


 222              		.align	2
 223              	.L5:
 224 0134 00000000 		.word	.LANCHOR0
 225 0138 00000000 		.word	.LANCHOR1
 226 013c 00000000 		.word	.LANCHOR2
 227 0140 00000000 		.word	.LANCHOR3
 228 0144 00000000 		.word	.LANCHOR4
 229 0148 00000000 		.word	.LANCHOR5
 230 014c 00000000 		.word	.LANCHOR6
 231 0150 00000000 		.word	.LANCHOR7
 232 0154 00000000 		.word	.LANCHOR8
 233 0158 00000000 		.word	.LANCHOR9
 234 015c 00000000 		.word	.LANCHOR10
 235 0160 00000000 		.word	.LANCHOR11
 236 0164 00000000 		.word	.LANCHOR12
 237 0168 00000000 		.word	.LANCHOR13
 238 016c 00000000 		.word	.LANCHOR14
 239 0170 00000000 		.word	.LANCHOR15
 240 0174 00000000 		.word	.LANCHOR16
 241              		.cfi_endproc
 242              	.LFE148:
 244              		.section	.text.GroundEKF_PredictStep,"ax",%progbits
 245              		.align	1
 246              		.global	GroundEKF_PredictStep
 247              		.syntax unified
 248              		.thumb
 249              		.thumb_func
 250              		.fpu fpv5-d16
 252              	GroundEKF_PredictStep:
 253              	.LVL23:
 254              	.LFB149:
 176:Core/Src/GEKF.c **** 
 177:Core/Src/GEKF.c **** arm_status GroundEKF_PredictStep(gekf* gkal)
 178:Core/Src/GEKF.c **** {
 255              		.loc 1 178 1 is_stmt 1 view -0
 256              		.cfi_startproc
 257              		@ args = 0, pretend = 0, frame = 0
 258              		@ frame_needed = 0, uses_anonymous_args = 0
 259              		@ link register save eliminated.
 179:Core/Src/GEKF.c **** 	arm_status status;
 260              		.loc 1 179 2 view .LVU44
 180:Core/Src/GEKF.c **** 	status = ARM_MATH_SUCCESS;
 261              		.loc 1 180 2 view .LVU45
 181:Core/Src/GEKF.c **** 
 182:Core/Src/GEKF.c **** 	for (int i = 0; i < 7; i++) gkal->P.pData[i*8] += gkal->Q.pData[i*8]; 
 262              		.loc 1 182 2 view .LVU46
 263              	.LBB3:
 264              		.loc 1 182 7 view .LVU47
 265              		.loc 1 182 11 is_stmt 0 view .LVU48
 266 0000 0023     		movs	r3, #0
 267              		.loc 1 182 2 view .LVU49
 268 0002 0EE0     		b	.L8
 269              	.LVL24:
 270              	.L9:
 271              		.loc 1 182 30 is_stmt 1 discriminator 3 view .LVU50
 272              		.loc 1 182 37 is_stmt 0 discriminator 3 view .LVU51
 273 0004 C268     		ldr	r2, [r0, #12]
ARM GAS  /tmp/ccoeL0NL.s 			page 9


 274              		.loc 1 182 49 discriminator 3 view .LVU52
 275 0006 02EB4312 		add	r2, r2, r3, lsl #5
 276              		.loc 1 182 59 discriminator 3 view .LVU53
 277 000a 416B     		ldr	r1, [r0, #52]
 278              		.loc 1 182 65 discriminator 3 view .LVU54
 279 000c 01EB4311 		add	r1, r1, r3, lsl #5
 280 0010 91ED007A 		vldr.32	s14, [r1]
 281              		.loc 1 182 49 discriminator 3 view .LVU55
 282 0014 D2ED007A 		vldr.32	s15, [r2]
 283 0018 77EE877A 		vadd.f32	s15, s15, s14
 284 001c C2ED007A 		vstr.32	s15, [r2]
 285              		.loc 1 182 25 is_stmt 1 discriminator 3 view .LVU56
 286              		.loc 1 182 26 is_stmt 0 discriminator 3 view .LVU57
 287 0020 0133     		adds	r3, r3, #1
 288              	.LVL25:
 289              	.L8:
 290              		.loc 1 182 18 is_stmt 1 discriminator 1 view .LVU58
 291              		.loc 1 182 2 is_stmt 0 discriminator 1 view .LVU59
 292 0022 062B     		cmp	r3, #6
 293 0024 EEDD     		ble	.L9
 294              	.LBE3:
 183:Core/Src/GEKF.c **** //	sendMat(gkal->P.pData, 7, 7);newL();
 184:Core/Src/GEKF.c **** 
 185:Core/Src/GEKF.c **** 	return status;
 295              		.loc 1 185 2 is_stmt 1 view .LVU60
 186:Core/Src/GEKF.c **** 
 187:Core/Src/GEKF.c **** }
 296              		.loc 1 187 1 is_stmt 0 view .LVU61
 297 0026 0020     		movs	r0, #0
 298              	.LVL26:
 299              		.loc 1 187 1 view .LVU62
 300 0028 7047     		bx	lr
 301              		.cfi_endproc
 302              	.LFE149:
 304              		.section	.text.GroundEKF_KalmanGain,"ax",%progbits
 305              		.align	1
 306              		.global	GroundEKF_KalmanGain
 307              		.syntax unified
 308              		.thumb
 309              		.thumb_func
 310              		.fpu fpv5-d16
 312              	GroundEKF_KalmanGain:
 313              	.LVL27:
 314              	.LFB150:
 188:Core/Src/GEKF.c **** 
 189:Core/Src/GEKF.c **** arm_status GroundEKF_KalmanGain(gekf* gkal)
 190:Core/Src/GEKF.c **** {
 315              		.loc 1 190 1 is_stmt 1 view -0
 316              		.cfi_startproc
 317              		@ args = 0, pretend = 0, frame = 0
 318              		@ frame_needed = 0, uses_anonymous_args = 0
 319              		.loc 1 190 1 is_stmt 0 view .LVU64
 320 0000 70B5     		push	{r4, r5, r6, lr}
 321              	.LCFI3:
 322              		.cfi_def_cfa_offset 16
 323              		.cfi_offset 4, -16
 324              		.cfi_offset 5, -12
ARM GAS  /tmp/ccoeL0NL.s 			page 10


 325              		.cfi_offset 6, -8
 326              		.cfi_offset 14, -4
 327 0002 0446     		mov	r4, r0
 191:Core/Src/GEKF.c **** 	arm_status status;
 328              		.loc 1 191 2 is_stmt 1 view .LVU65
 192:Core/Src/GEKF.c **** 	status = ARM_MATH_SUCCESS;
 329              		.loc 1 192 2 view .LVU66
 330              	.LVL28:
 193:Core/Src/GEKF.c **** 
 194:Core/Src/GEKF.c **** 
 195:Core/Src/GEKF.c **** 	/* R = H*P*H' + R */
 196:Core/Src/GEKF.c **** 	memcpy(gkal->HPHtR.pData, gkal->P.pData, (gkal->P.numCols*gkal->P.numRows*4));
 331              		.loc 1 196 2 view .LVU67
 332              		.loc 1 196 51 is_stmt 0 view .LVU68
 333 0004 4289     		ldrh	r2, [r0, #10]
 334              		.loc 1 196 67 view .LVU69
 335 0006 0389     		ldrh	r3, [r0, #8]
 336              		.loc 1 196 59 view .LVU70
 337 0008 03FB02F2 		mul	r2, r3, r2
 338              		.loc 1 196 2 view .LVU71
 339 000c 9200     		lsls	r2, r2, #2
 340 000e C168     		ldr	r1, [r0, #12]
 341 0010 406D     		ldr	r0, [r0, #84]
 342              	.LVL29:
 343              		.loc 1 196 2 view .LVU72
 344 0012 FFF7FEFF 		bl	memcpy
 345              	.LVL30:
 197:Core/Src/GEKF.c **** 	for (int i = 0; i < 7; i++) gkal->HPHtR.pData[i*8] += gkal->R.pData[i*8]; 
 346              		.loc 1 197 2 is_stmt 1 view .LVU73
 347              	.LBB4:
 348              		.loc 1 197 7 view .LVU74
 349              		.loc 1 197 11 is_stmt 0 view .LVU75
 350 0016 0023     		movs	r3, #0
 351              		.loc 1 197 2 view .LVU76
 352 0018 0EE0     		b	.L11
 353              	.LVL31:
 354              	.L12:
 355              		.loc 1 197 30 is_stmt 1 discriminator 3 view .LVU77
 356              		.loc 1 197 41 is_stmt 0 discriminator 3 view .LVU78
 357 001a 626D     		ldr	r2, [r4, #84]
 358              		.loc 1 197 53 discriminator 3 view .LVU79
 359 001c 02EB4312 		add	r2, r2, r3, lsl #5
 360              		.loc 1 197 63 discriminator 3 view .LVU80
 361 0020 E16B     		ldr	r1, [r4, #60]
 362              		.loc 1 197 69 discriminator 3 view .LVU81
 363 0022 01EB4311 		add	r1, r1, r3, lsl #5
 364 0026 91ED007A 		vldr.32	s14, [r1]
 365              		.loc 1 197 53 discriminator 3 view .LVU82
 366 002a D2ED007A 		vldr.32	s15, [r2]
 367 002e 77EE877A 		vadd.f32	s15, s15, s14
 368 0032 C2ED007A 		vstr.32	s15, [r2]
 369              		.loc 1 197 25 is_stmt 1 discriminator 3 view .LVU83
 370              		.loc 1 197 26 is_stmt 0 discriminator 3 view .LVU84
 371 0036 0133     		adds	r3, r3, #1
 372              	.LVL32:
 373              	.L11:
 374              		.loc 1 197 18 is_stmt 1 discriminator 1 view .LVU85
ARM GAS  /tmp/ccoeL0NL.s 			page 11


 375              		.loc 1 197 2 is_stmt 0 discriminator 1 view .LVU86
 376 0038 062B     		cmp	r3, #6
 377 003a EEDD     		ble	.L12
 378              	.LBE4:
 198:Core/Src/GEKF.c **** /*	sendMat(gkal->HPHtR.pData, 7, 7);sendS("c", "\n\r"); */
 199:Core/Src/GEKF.c **** 
 200:Core/Src/GEKF.c **** 	/* R = (R)^-1 */
 201:Core/Src/GEKF.c **** 	status |= arm_mat_inverse_f32(&gkal->HPHtR, &gkal->HPHtRI); 
 379              		.loc 1 201 2 is_stmt 1 view .LVU87
 380              		.loc 1 201 12 is_stmt 0 view .LVU88
 381 003c 04F15806 		add	r6, r4, #88
 382 0040 3146     		mov	r1, r6
 383 0042 04F15000 		add	r0, r4, #80
 384 0046 FFF7FEFF 		bl	arm_mat_inverse_f32
 385              	.LVL33:
 386              		.loc 1 201 12 view .LVU89
 387 004a 0546     		mov	r5, r0
 388              	.LVL34:
 202:Core/Src/GEKF.c **** /*	sendMat(gkal->HPHtRI.pData, 7, 7);sendS("c", "\n\r"); */
 203:Core/Src/GEKF.c **** 
 204:Core/Src/GEKF.c **** 	/* P*H'*R */
 205:Core/Src/GEKF.c **** 	status |= arm_mat_mult_f32(&gkal->P, &gkal->HPHtRI, &gkal->K); 
 389              		.loc 1 205 2 is_stmt 1 view .LVU90
 390              		.loc 1 205 12 is_stmt 0 view .LVU91
 391 004c 04F12802 		add	r2, r4, #40
 392 0050 3146     		mov	r1, r6
 393 0052 04F10800 		add	r0, r4, #8
 394 0056 FFF7FEFF 		bl	arm_mat_mult_f32
 395              	.LVL35:
 396              		.loc 1 205 9 view .LVU92
 397 005a 2843     		orrs	r0, r0, r5
 398              	.LVL36:
 206:Core/Src/GEKF.c **** /*	sendMat(gkal->K.pData, 7, 7);sendS("c", "\n\r"); */
 207:Core/Src/GEKF.c **** 	
 208:Core/Src/GEKF.c **** 
 209:Core/Src/GEKF.c **** 
 210:Core/Src/GEKF.c **** 	return status;
 399              		.loc 1 210 2 is_stmt 1 view .LVU93
 211:Core/Src/GEKF.c **** }
 400              		.loc 1 211 1 is_stmt 0 view .LVU94
 401 005c 40B2     		sxtb	r0, r0
 402              		.loc 1 211 1 view .LVU95
 403 005e 70BD     		pop	{r4, r5, r6, pc}
 404              		.loc 1 211 1 view .LVU96
 405              		.cfi_endproc
 406              	.LFE150:
 408              		.section	.text.GroundEKF_UpdateCovariance,"ax",%progbits
 409              		.align	1
 410              		.global	GroundEKF_UpdateCovariance
 411              		.syntax unified
 412              		.thumb
 413              		.thumb_func
 414              		.fpu fpv5-d16
 416              	GroundEKF_UpdateCovariance:
 417              	.LVL37:
 418              	.LFB151:
 212:Core/Src/GEKF.c **** 
ARM GAS  /tmp/ccoeL0NL.s 			page 12


 213:Core/Src/GEKF.c **** 
 214:Core/Src/GEKF.c **** arm_status GroundEKF_UpdateCovariance(gekf* gkal)
 215:Core/Src/GEKF.c **** {
 419              		.loc 1 215 1 is_stmt 1 view -0
 420              		.cfi_startproc
 421              		@ args = 0, pretend = 0, frame = 0
 422              		@ frame_needed = 0, uses_anonymous_args = 0
 423              		.loc 1 215 1 is_stmt 0 view .LVU98
 424 0000 38B5     		push	{r3, r4, r5, lr}
 425              	.LCFI4:
 426              		.cfi_def_cfa_offset 16
 427              		.cfi_offset 3, -16
 428              		.cfi_offset 4, -12
 429              		.cfi_offset 5, -8
 430              		.cfi_offset 14, -4
 431 0002 0446     		mov	r4, r0
 216:Core/Src/GEKF.c **** 	arm_status status;
 432              		.loc 1 216 2 is_stmt 1 view .LVU99
 217:Core/Src/GEKF.c **** 	status = ARM_MATH_SUCCESS;
 433              		.loc 1 217 2 view .LVU100
 434              	.LVL38:
 218:Core/Src/GEKF.c **** 
 219:Core/Src/GEKF.c **** 	/* R = I - KH */
 220:Core/Src/GEKF.c **** 	memcpy(gkal->IKH.pData, gkal->K.pData, gkal->K.numCols*gkal->K.numRows*4);
 435              		.loc 1 220 2 view .LVU101
 436              		.loc 1 220 48 is_stmt 0 view .LVU102
 437 0004 428D     		ldrh	r2, [r0, #42]
 438              		.loc 1 220 64 view .LVU103
 439 0006 038D     		ldrh	r3, [r0, #40]
 440              		.loc 1 220 56 view .LVU104
 441 0008 03FB02F2 		mul	r2, r3, r2
 442              		.loc 1 220 2 view .LVU105
 443 000c 9200     		lsls	r2, r2, #2
 444 000e C16A     		ldr	r1, [r0, #44]
 445 0010 406F     		ldr	r0, [r0, #116]
 446              	.LVL39:
 447              		.loc 1 220 2 view .LVU106
 448 0012 FFF7FEFF 		bl	memcpy
 449              	.LVL40:
 221:Core/Src/GEKF.c **** 	for (int i = 0; i < 7; i++) gkal->IKH.pData[i*8] = 1.0f - gkal->IKH.pData[i*8];
 450              		.loc 1 221 2 is_stmt 1 view .LVU107
 451              	.LBB5:
 452              		.loc 1 221 7 view .LVU108
 453              		.loc 1 221 11 is_stmt 0 view .LVU109
 454 0016 0022     		movs	r2, #0
 455              		.loc 1 221 2 view .LVU110
 456 0018 0BE0     		b	.L15
 457              	.LVL41:
 458              	.L16:
 459              		.loc 1 221 30 is_stmt 1 discriminator 3 view .LVU111
 460              		.loc 1 221 69 is_stmt 0 discriminator 3 view .LVU112
 461 001a 636F     		ldr	r3, [r4, #116]
 462              		.loc 1 221 75 discriminator 3 view .LVU113
 463 001c 03EB4213 		add	r3, r3, r2, lsl #5
 464 0020 93ED007A 		vldr.32	s14, [r3]
 465              		.loc 1 221 58 discriminator 3 view .LVU114
 466 0024 F7EE007A 		vmov.f32	s15, #1.0e+0
ARM GAS  /tmp/ccoeL0NL.s 			page 13


 467 0028 77EEC77A 		vsub.f32	s15, s15, s14
 468              		.loc 1 221 51 discriminator 3 view .LVU115
 469 002c C3ED007A 		vstr.32	s15, [r3]
 470              		.loc 1 221 25 is_stmt 1 discriminator 3 view .LVU116
 471              		.loc 1 221 26 is_stmt 0 discriminator 3 view .LVU117
 472 0030 0132     		adds	r2, r2, #1
 473              	.LVL42:
 474              	.L15:
 475              		.loc 1 221 18 is_stmt 1 discriminator 1 view .LVU118
 476              		.loc 1 221 2 is_stmt 0 discriminator 1 view .LVU119
 477 0032 062A     		cmp	r2, #6
 478 0034 F1DD     		ble	.L16
 479              	.LBE5:
 222:Core/Src/GEKF.c **** /*	sendMat(gkal->IKH.pData, 7, 7);sendS("c", "\n\r"); */
 223:Core/Src/GEKF.c **** 
 224:Core/Src/GEKF.c **** 	/* P_n+1 = R*P_n */
 225:Core/Src/GEKF.c **** 	status |= arm_mat_mult_f32(&gkal->IKH, &gkal->P, &gkal->Ptemp);
 480              		.loc 1 225 2 is_stmt 1 view .LVU120
 481              		.loc 1 225 12 is_stmt 0 view .LVU121
 482 0036 04F19802 		add	r2, r4, #152
 483              	.LVL43:
 484              		.loc 1 225 12 view .LVU122
 485 003a 04F10801 		add	r1, r4, #8
 486 003e 04F17000 		add	r0, r4, #112
 487 0042 FFF7FEFF 		bl	arm_mat_mult_f32
 488              	.LVL44:
 489 0046 0546     		mov	r5, r0
 490              	.LVL45:
 226:Core/Src/GEKF.c **** 	memcpy(gkal->P.pData, gkal->Ptemp.pData, (gkal->P.numCols * gkal->P.numRows*4));
 491              		.loc 1 226 2 is_stmt 1 view .LVU123
 492              		.loc 1 226 51 is_stmt 0 view .LVU124
 493 0048 6289     		ldrh	r2, [r4, #10]
 494              		.loc 1 226 69 view .LVU125
 495 004a 2389     		ldrh	r3, [r4, #8]
 496              		.loc 1 226 60 view .LVU126
 497 004c 03FB02F2 		mul	r2, r3, r2
 498              		.loc 1 226 2 view .LVU127
 499 0050 9200     		lsls	r2, r2, #2
 500 0052 D4F89C10 		ldr	r1, [r4, #156]
 501 0056 E068     		ldr	r0, [r4, #12]
 502 0058 FFF7FEFF 		bl	memcpy
 503              	.LVL46:
 227:Core/Src/GEKF.c **** /*	sendMat(gkal->P.pData, 7, 7);sendS("c", "\n\r"); */
 228:Core/Src/GEKF.c **** 
 229:Core/Src/GEKF.c **** 
 230:Core/Src/GEKF.c **** 	return status;
 504              		.loc 1 230 2 is_stmt 1 view .LVU128
 231:Core/Src/GEKF.c **** 
 232:Core/Src/GEKF.c **** }
 505              		.loc 1 232 1 is_stmt 0 view .LVU129
 506 005c 2846     		mov	r0, r5
 507 005e 38BD     		pop	{r3, r4, r5, pc}
 508              		.loc 1 232 1 view .LVU130
 509              		.cfi_endproc
 510              	.LFE151:
 512              		.section	.text.GroundEKF_UpdateStep,"ax",%progbits
 513              		.align	1
ARM GAS  /tmp/ccoeL0NL.s 			page 14


 514              		.global	GroundEKF_UpdateStep
 515              		.syntax unified
 516              		.thumb
 517              		.thumb_func
 518              		.fpu fpv5-d16
 520              	GroundEKF_UpdateStep:
 521              	.LVL47:
 522              	.LFB152:
 233:Core/Src/GEKF.c **** 
 234:Core/Src/GEKF.c **** arm_status GroundEKF_UpdateStep(gekf* gkal)
 235:Core/Src/GEKF.c **** {
 523              		.loc 1 235 1 is_stmt 1 view -0
 524              		.cfi_startproc
 525              		@ args = 0, pretend = 0, frame = 0
 526              		@ frame_needed = 0, uses_anonymous_args = 0
 527              		.loc 1 235 1 is_stmt 0 view .LVU132
 528 0000 38B5     		push	{r3, r4, r5, lr}
 529              	.LCFI5:
 530              		.cfi_def_cfa_offset 16
 531              		.cfi_offset 3, -16
 532              		.cfi_offset 4, -12
 533              		.cfi_offset 5, -8
 534              		.cfi_offset 14, -4
 535 0002 0446     		mov	r4, r0
 236:Core/Src/GEKF.c **** 	arm_status status;
 536              		.loc 1 236 2 is_stmt 1 view .LVU133
 237:Core/Src/GEKF.c **** 	status = ARM_MATH_SUCCESS;
 537              		.loc 1 237 2 view .LVU134
 538              	.LVL48:
 238:Core/Src/GEKF.c **** 
 239:Core/Src/GEKF.c **** 	/* y = Z - C */
 240:Core/Src/GEKF.c **** 	memcpy(gkal->C.pData, gkal->x.pData, (gkal->x.numCols * gkal->x.numRows * 4));
 539              		.loc 1 240 2 view .LVU135
 540              		.loc 1 240 47 is_stmt 0 view .LVU136
 541 0004 4288     		ldrh	r2, [r0, #2]
 542              		.loc 1 240 65 view .LVU137
 543 0006 0388     		ldrh	r3, [r0]
 544              		.loc 1 240 56 view .LVU138
 545 0008 03FB02F2 		mul	r2, r3, r2
 546              		.loc 1 240 2 view .LVU139
 547 000c 9200     		lsls	r2, r2, #2
 548 000e 4168     		ldr	r1, [r0, #4]
 549 0010 C069     		ldr	r0, [r0, #28]
 550              	.LVL49:
 551              		.loc 1 240 2 view .LVU140
 552 0012 FFF7FEFF 		bl	memcpy
 553              	.LVL50:
 241:Core/Src/GEKF.c **** 	for (int i = 0; i < 7; i++) gkal->y.pData[i] = gkal->meas[i] - gkal->C.pData[i];
 554              		.loc 1 241 2 is_stmt 1 view .LVU141
 555              	.LBB6:
 556              		.loc 1 241 7 view .LVU142
 557              		.loc 1 241 11 is_stmt 0 view .LVU143
 558 0016 0023     		movs	r3, #0
 559              		.loc 1 241 2 view .LVU144
 560 0018 13E0     		b	.L19
 561              	.LVL51:
 562              	.L20:
ARM GAS  /tmp/ccoeL0NL.s 			page 15


 563              		.loc 1 241 30 is_stmt 1 discriminator 3 view .LVU145
 564              		.loc 1 241 59 is_stmt 0 discriminator 3 view .LVU146
 565 001a 03F12A02 		add	r2, r3, #42
 566 001e 04EB8202 		add	r2, r4, r2, lsl #2
 567 0022 D2ED017A 		vldr.32	s15, [r2, #4]
 568              		.loc 1 241 72 discriminator 3 view .LVU147
 569 0026 E269     		ldr	r2, [r4, #28]
 570              		.loc 1 241 78 discriminator 3 view .LVU148
 571 0028 02EB8302 		add	r2, r2, r3, lsl #2
 572 002c 92ED007A 		vldr.32	s14, [r2]
 573              		.loc 1 241 37 discriminator 3 view .LVU149
 574 0030 D4F88420 		ldr	r2, [r4, #132]
 575              		.loc 1 241 43 discriminator 3 view .LVU150
 576 0034 02EB8302 		add	r2, r2, r3, lsl #2
 577              		.loc 1 241 63 discriminator 3 view .LVU151
 578 0038 77EEC77A 		vsub.f32	s15, s15, s14
 579              		.loc 1 241 47 discriminator 3 view .LVU152
 580 003c C2ED007A 		vstr.32	s15, [r2]
 581              		.loc 1 241 25 is_stmt 1 discriminator 3 view .LVU153
 582              		.loc 1 241 26 is_stmt 0 discriminator 3 view .LVU154
 583 0040 0133     		adds	r3, r3, #1
 584              	.LVL52:
 585              	.L19:
 586              		.loc 1 241 18 is_stmt 1 discriminator 1 view .LVU155
 587              		.loc 1 241 2 is_stmt 0 discriminator 1 view .LVU156
 588 0042 062B     		cmp	r3, #6
 589 0044 E9DD     		ble	.L20
 590              	.LBE6:
 242:Core/Src/GEKF.c **** /*	sendMat(&meas->meas[1], 1, 1);sendS("c", "     ");sendMat(&meas->meas[6], 1, 1);sendS("c", "\n\r
 243:Core/Src/GEKF.c **** 
 244:Core/Src/GEKF.c **** 	/* R = K*y */
 245:Core/Src/GEKF.c **** 	status |= arm_mat_mult_f32(&gkal->K, &gkal->y, &gkal->Ky);
 591              		.loc 1 245 2 is_stmt 1 view .LVU157
 592              		.loc 1 245 12 is_stmt 0 view .LVU158
 593 0046 04F18802 		add	r2, r4, #136
 594 004a 04F18001 		add	r1, r4, #128
 595 004e 04F12800 		add	r0, r4, #40
 596 0052 FFF7FEFF 		bl	arm_mat_mult_f32
 597              	.LVL53:
 598              		.loc 1 245 12 view .LVU159
 599 0056 0546     		mov	r5, r0
 600              	.LVL54:
 246:Core/Src/GEKF.c **** 
 247:Core/Src/GEKF.c **** 	/* x_n+1 = x_n + R */
 248:Core/Src/GEKF.c **** 	for (int i = 0; i < 7; i++) gkal->xtemp.pData[i] = gkal->x.pData[i] + gkal->Ky.pData[i];
 601              		.loc 1 248 2 is_stmt 1 view .LVU160
 602              	.LBB7:
 603              		.loc 1 248 7 view .LVU161
 604              		.loc 1 248 11 is_stmt 0 view .LVU162
 605 0058 0023     		movs	r3, #0
 606              		.loc 1 248 2 view .LVU163
 607 005a 13E0     		b	.L21
 608              	.LVL55:
 609              	.L22:
 610              		.loc 1 248 30 is_stmt 1 discriminator 3 view .LVU164
 611              		.loc 1 248 60 is_stmt 0 discriminator 3 view .LVU165
 612 005c 6268     		ldr	r2, [r4, #4]
ARM GAS  /tmp/ccoeL0NL.s 			page 16


 613              		.loc 1 248 66 discriminator 3 view .LVU166
 614 005e 02EB8302 		add	r2, r2, r3, lsl #2
 615 0062 D2ED007A 		vldr.32	s15, [r2]
 616              		.loc 1 248 80 discriminator 3 view .LVU167
 617 0066 D4F88C20 		ldr	r2, [r4, #140]
 618              		.loc 1 248 86 discriminator 3 view .LVU168
 619 006a 02EB8302 		add	r2, r2, r3, lsl #2
 620 006e 92ED007A 		vldr.32	s14, [r2]
 621              		.loc 1 248 41 discriminator 3 view .LVU169
 622 0072 D4F89420 		ldr	r2, [r4, #148]
 623              		.loc 1 248 47 discriminator 3 view .LVU170
 624 0076 02EB8302 		add	r2, r2, r3, lsl #2
 625              		.loc 1 248 70 discriminator 3 view .LVU171
 626 007a 77EE877A 		vadd.f32	s15, s15, s14
 627              		.loc 1 248 51 discriminator 3 view .LVU172
 628 007e C2ED007A 		vstr.32	s15, [r2]
 629              		.loc 1 248 25 is_stmt 1 discriminator 3 view .LVU173
 630              		.loc 1 248 26 is_stmt 0 discriminator 3 view .LVU174
 631 0082 0133     		adds	r3, r3, #1
 632              	.LVL56:
 633              	.L21:
 634              		.loc 1 248 18 is_stmt 1 discriminator 1 view .LVU175
 635              		.loc 1 248 2 is_stmt 0 discriminator 1 view .LVU176
 636 0084 062B     		cmp	r3, #6
 637 0086 E9DD     		ble	.L22
 638              	.LBE7:
 249:Core/Src/GEKF.c **** 
 250:Core/Src/GEKF.c **** 	memcpy(gkal->x.pData, gkal->xtemp.pData, (gkal->xtemp.numCols * gkal->xtemp.numRows * 4));
 639              		.loc 1 250 2 is_stmt 1 view .LVU177
 640              		.loc 1 250 55 is_stmt 0 view .LVU178
 641 0088 B4F89220 		ldrh	r2, [r4, #146]
 642              		.loc 1 250 77 view .LVU179
 643 008c B4F89030 		ldrh	r3, [r4, #144]
 644              	.LVL57:
 645              		.loc 1 250 64 view .LVU180
 646 0090 03FB02F2 		mul	r2, r3, r2
 647              		.loc 1 250 2 view .LVU181
 648 0094 9200     		lsls	r2, r2, #2
 649 0096 D4F89410 		ldr	r1, [r4, #148]
 650 009a 6068     		ldr	r0, [r4, #4]
 651 009c FFF7FEFF 		bl	memcpy
 652              	.LVL58:
 251:Core/Src/GEKF.c **** 
 252:Core/Src/GEKF.c **** 	return status;
 653              		.loc 1 252 2 is_stmt 1 view .LVU182
 253:Core/Src/GEKF.c **** }
 654              		.loc 1 253 1 is_stmt 0 view .LVU183
 655 00a0 2846     		mov	r0, r5
 656 00a2 38BD     		pop	{r3, r4, r5, pc}
 657              		.loc 1 253 1 view .LVU184
 658              		.cfi_endproc
 659              	.LFE152:
 661              		.section	.text.GroundEKF_Converged,"ax",%progbits
 662              		.align	1
 663              		.global	GroundEKF_Converged
 664              		.syntax unified
 665              		.thumb
ARM GAS  /tmp/ccoeL0NL.s 			page 17


 666              		.thumb_func
 667              		.fpu fpv5-d16
 669              	GroundEKF_Converged:
 670              	.LVL59:
 671              	.LFB153:
 254:Core/Src/GEKF.c **** 
 255:Core/Src/GEKF.c **** uint8_t GroundEKF_Converged(gekf* gkal, sensors* meas)
 256:Core/Src/GEKF.c **** {
 672              		.loc 1 256 1 is_stmt 1 view -0
 673              		.cfi_startproc
 674              		@ args = 0, pretend = 0, frame = 0
 675              		@ frame_needed = 0, uses_anonymous_args = 0
 676              		@ link register save eliminated.
 677              		.loc 1 256 1 is_stmt 0 view .LVU186
 678 0000 8446     		mov	ip, r0
 257:Core/Src/GEKF.c **** 	uint8_t converged_f = 1;	
 679              		.loc 1 257 2 is_stmt 1 view .LVU187
 680              	.LVL60:
 258:Core/Src/GEKF.c **** //	sendMat(gkal->P.pData, 7, 7);newL();
 259:Core/Src/GEKF.c **** 	for (int i = 0; i < 7; i++)
 681              		.loc 1 259 2 view .LVU188
 682              	.LBB8:
 683              		.loc 1 259 7 view .LVU189
 684              		.loc 1 259 11 is_stmt 0 view .LVU190
 685 0002 0023     		movs	r3, #0
 686              	.LBE8:
 257:Core/Src/GEKF.c **** 	uint8_t converged_f = 1;	
 687              		.loc 1 257 10 view .LVU191
 688 0004 0120     		movs	r0, #1
 689              	.LVL61:
 690              	.LBB9:
 691              		.loc 1 259 2 view .LVU192
 692 0006 00E0     		b	.L25
 693              	.LVL62:
 694              	.L26:
 695              		.loc 1 259 25 is_stmt 1 discriminator 2 view .LVU193
 696              		.loc 1 259 26 is_stmt 0 discriminator 2 view .LVU194
 697 0008 0133     		adds	r3, r3, #1
 698              	.LVL63:
 699              	.L25:
 700              		.loc 1 259 18 is_stmt 1 discriminator 1 view .LVU195
 701              		.loc 1 259 2 is_stmt 0 discriminator 1 view .LVU196
 702 000a 062B     		cmp	r3, #6
 703 000c 13DC     		bgt	.L30
 260:Core/Src/GEKF.c **** 	{
 261:Core/Src/GEKF.c **** 		if ((gkal->P.pData[i*8] - 0.095125f) > eps)//0.0952)0.105126)
 704              		.loc 1 261 3 is_stmt 1 view .LVU197
 705              		.loc 1 261 15 is_stmt 0 view .LVU198
 706 000e DCF80C20 		ldr	r2, [ip, #12]
 707              		.loc 1 261 21 view .LVU199
 708 0012 02EB4312 		add	r2, r2, r3, lsl #5
 709 0016 D2ED007A 		vldr.32	s15, [r2]
 710              		.loc 1 261 27 view .LVU200
 711 001a 9FED1A7A 		vldr.32	s14, .L31
 712 001e 77EEC77A 		vsub.f32	s15, s15, s14
 713              		.loc 1 261 40 view .LVU201
 714 0022 194A     		ldr	r2, .L31+4
ARM GAS  /tmp/ccoeL0NL.s 			page 18


 715 0024 92ED007A 		vldr.32	s14, [r2]
 716              		.loc 1 261 6 view .LVU202
 717 0028 F4EEC77A 		vcmpe.f32	s15, s14
 718 002c F1EE10FA 		vmrs	APSR_nzcv, FPSCR
 719 0030 EADD     		ble	.L26
 262:Core/Src/GEKF.c **** 		{
 263:Core/Src/GEKF.c **** 			converged_f = 0;
 720              		.loc 1 263 16 view .LVU203
 721 0032 0020     		movs	r0, #0
 722              	.LVL64:
 723              		.loc 1 263 16 view .LVU204
 724 0034 E8E7     		b	.L26
 725              	.LVL65:
 726              	.L30:
 727              		.loc 1 263 16 view .LVU205
 728              	.LBE9:
 264:Core/Src/GEKF.c **** 		}
 265:Core/Src/GEKF.c **** 	}
 266:Core/Src/GEKF.c **** 
 267:Core/Src/GEKF.c **** 	if (converged_f) 
 729              		.loc 1 267 2 is_stmt 1 view .LVU206
 730              		.loc 1 267 5 is_stmt 0 view .LVU207
 731 0036 20B3     		cbz	r0, .L28
 268:Core/Src/GEKF.c **** 	{
 269:Core/Src/GEKF.c **** 		meas->accCalx = gkal->x.pData[0];
 732              		.loc 1 269 3 is_stmt 1 view .LVU208
 733              		.loc 1 269 26 is_stmt 0 view .LVU209
 734 0038 DCF80430 		ldr	r3, [ip, #4]
 735              	.LVL66:
 736              		.loc 1 269 32 view .LVU210
 737 003c 1B68     		ldr	r3, [r3]	@ float
 738              		.loc 1 269 17 view .LVU211
 739 003e 0B62     		str	r3, [r1, #32]	@ float
 270:Core/Src/GEKF.c **** 		meas->accCaly = gkal->x.pData[1];
 740              		.loc 1 270 3 is_stmt 1 view .LVU212
 741              		.loc 1 270 26 is_stmt 0 view .LVU213
 742 0040 DCF80430 		ldr	r3, [ip, #4]
 743              		.loc 1 270 17 view .LVU214
 744 0044 5B68     		ldr	r3, [r3, #4]	@ float
 745 0046 4B62     		str	r3, [r1, #36]	@ float
 271:Core/Src/GEKF.c **** 		meas->accCalz = 9.81f + gkal->x.pData[2];
 746              		.loc 1 271 3 is_stmt 1 view .LVU215
 747              		.loc 1 271 34 is_stmt 0 view .LVU216
 748 0048 DCF80430 		ldr	r3, [ip, #4]
 749              		.loc 1 271 40 view .LVU217
 750 004c D3ED027A 		vldr.32	s15, [r3, #8]
 751              		.loc 1 271 25 view .LVU218
 752 0050 9FED0E7A 		vldr.32	s14, .L31+8
 753 0054 77EE877A 		vadd.f32	s15, s15, s14
 754              		.loc 1 271 17 view .LVU219
 755 0058 C1ED0A7A 		vstr.32	s15, [r1, #40]
 272:Core/Src/GEKF.c **** 		meas->gyrCalx = gkal->x.pData[3];
 756              		.loc 1 272 3 is_stmt 1 view .LVU220
 757              		.loc 1 272 26 is_stmt 0 view .LVU221
 758 005c DCF80430 		ldr	r3, [ip, #4]
 759              		.loc 1 272 17 view .LVU222
 760 0060 DB68     		ldr	r3, [r3, #12]	@ float
ARM GAS  /tmp/ccoeL0NL.s 			page 19


 761 0062 CB62     		str	r3, [r1, #44]	@ float
 273:Core/Src/GEKF.c **** 		meas->gyrCaly = gkal->x.pData[4];
 762              		.loc 1 273 3 is_stmt 1 view .LVU223
 763              		.loc 1 273 26 is_stmt 0 view .LVU224
 764 0064 DCF80430 		ldr	r3, [ip, #4]
 765              		.loc 1 273 17 view .LVU225
 766 0068 1B69     		ldr	r3, [r3, #16]	@ float
 767 006a 0B63     		str	r3, [r1, #48]	@ float
 274:Core/Src/GEKF.c **** 		meas->gyrCalz = gkal->x.pData[5];
 768              		.loc 1 274 3 is_stmt 1 view .LVU226
 769              		.loc 1 274 26 is_stmt 0 view .LVU227
 770 006c DCF80430 		ldr	r3, [ip, #4]
 771              		.loc 1 274 17 view .LVU228
 772 0070 5B69     		ldr	r3, [r3, #20]	@ float
 773 0072 4B63     		str	r3, [r1, #52]	@ float
 275:Core/Src/GEKF.c **** 		meas->AltCal = gkal->x.pData[6];
 774              		.loc 1 275 3 is_stmt 1 view .LVU229
 775              		.loc 1 275 25 is_stmt 0 view .LVU230
 776 0074 DCF80430 		ldr	r3, [ip, #4]
 777              		.loc 1 275 16 view .LVU231
 778 0078 9B69     		ldr	r3, [r3, #24]	@ float
 779 007a 8B63     		str	r3, [r1, #56]	@ float
 276:Core/Src/GEKF.c **** 		gkal->armed = 1;
 780              		.loc 1 276 3 is_stmt 1 view .LVU232
 781              		.loc 1 276 15 is_stmt 0 view .LVU233
 782 007c 0123     		movs	r3, #1
 783 007e 8CF8A830 		strb	r3, [ip, #168]
 784              	.L28:
 277:Core/Src/GEKF.c **** //		sendS("f", meas->accCalx);space();sendS("f", meas->accCaly);space();sendS("f", meas->accCalz);s
 278:Core/Src/GEKF.c **** 
 279:Core/Src/GEKF.c **** 
 280:Core/Src/GEKF.c **** 
 281:Core/Src/GEKF.c **** 
 282:Core/Src/GEKF.c **** 
 283:Core/Src/GEKF.c **** 
 284:Core/Src/GEKF.c **** 	}
 285:Core/Src/GEKF.c **** 	
 286:Core/Src/GEKF.c **** 	return converged_f;
 785              		.loc 1 286 2 is_stmt 1 view .LVU234
 287:Core/Src/GEKF.c **** }
 786              		.loc 1 287 1 is_stmt 0 view .LVU235
 787 0082 7047     		bx	lr
 788              	.L32:
 789              		.align	2
 790              	.L31:
 791 0084 E5D0C23D 		.word	1036177637
 792 0088 00000000 		.word	.LANCHOR17
 793 008c C3F51C41 		.word	1092416963
 794              		.cfi_endproc
 795              	.LFE153:
 797              		.section	.text.GroundEKF_newMeas,"ax",%progbits
 798              		.align	1
 799              		.global	GroundEKF_newMeas
 800              		.syntax unified
 801              		.thumb
 802              		.thumb_func
 803              		.fpu fpv5-d16
ARM GAS  /tmp/ccoeL0NL.s 			page 20


 805              	GroundEKF_newMeas:
 806              	.LVL67:
 807              	.LFB154:
 288:Core/Src/GEKF.c **** 
 289:Core/Src/GEKF.c **** void GroundEKF_newMeas(gekf* gkal, sensors* meas)
 290:Core/Src/GEKF.c **** {
 808              		.loc 1 290 1 is_stmt 1 view -0
 809              		.cfi_startproc
 810              		@ args = 0, pretend = 0, frame = 0
 811              		@ frame_needed = 0, uses_anonymous_args = 0
 812              		.loc 1 290 1 is_stmt 0 view .LVU237
 813 0000 00B5     		push	{lr}
 814              	.LCFI6:
 815              		.cfi_def_cfa_offset 4
 816              		.cfi_offset 14, -4
 291:Core/Src/GEKF.c **** //	sendMat((float *) &meas->meas[0], 1, 7);newL();
 292:Core/Src/GEKF.c **** 	memcpy(&gkal->meas, &meas->meas, sizeof(gkal->meas));
 817              		.loc 1 292 2 is_stmt 1 view .LVU238
 818 0002 D1F800C0 		ldr	ip, [r1]	@ unaligned
 819 0006 4A68     		ldr	r2, [r1, #4]	@ unaligned
 820 0008 8B68     		ldr	r3, [r1, #8]	@ unaligned
 821 000a D1F80CE0 		ldr	lr, [r1, #12]	@ unaligned
 822 000e C0F8ACC0 		str	ip, [r0, #172]	@ unaligned
 823 0012 C0F8B020 		str	r2, [r0, #176]	@ unaligned
 824 0016 C0F8B430 		str	r3, [r0, #180]	@ unaligned
 825 001a C0F8B8E0 		str	lr, [r0, #184]	@ unaligned
 826 001e D1F810C0 		ldr	ip, [r1, #16]	@ unaligned
 827 0022 4A69     		ldr	r2, [r1, #20]	@ unaligned
 828 0024 8B69     		ldr	r3, [r1, #24]	@ unaligned
 829 0026 C0F8BCC0 		str	ip, [r0, #188]	@ unaligned
 830 002a C0F8C020 		str	r2, [r0, #192]	@ unaligned
 831 002e C0F8C430 		str	r3, [r0, #196]	@ unaligned
 293:Core/Src/GEKF.c **** }
 832              		.loc 1 293 1 is_stmt 0 view .LVU239
 833 0032 5DF804FB 		ldr	pc, [sp], #4
 834              		.cfi_endproc
 835              	.LFE154:
 837              		.section	.text.GroundEKF_run,"ax",%progbits
 838              		.align	1
 839              		.global	GroundEKF_run
 840              		.syntax unified
 841              		.thumb
 842              		.thumb_func
 843              		.fpu fpv5-d16
 845              	GroundEKF_run:
 846              	.LVL68:
 847              	.LFB155:
 294:Core/Src/GEKF.c **** 
 295:Core/Src/GEKF.c **** void GroundEKF_run(gekf* gkal, sensors* meas)
 296:Core/Src/GEKF.c **** {
 848              		.loc 1 296 1 is_stmt 1 view -0
 849              		.cfi_startproc
 850              		@ args = 0, pretend = 0, frame = 0
 851              		@ frame_needed = 0, uses_anonymous_args = 0
 852              		.loc 1 296 1 is_stmt 0 view .LVU241
 853 0000 38B5     		push	{r3, r4, r5, lr}
 854              	.LCFI7:
ARM GAS  /tmp/ccoeL0NL.s 			page 21


 855              		.cfi_def_cfa_offset 16
 856              		.cfi_offset 3, -16
 857              		.cfi_offset 4, -12
 858              		.cfi_offset 5, -8
 859              		.cfi_offset 14, -4
 860 0002 0446     		mov	r4, r0
 861 0004 0D46     		mov	r5, r1
 297:Core/Src/GEKF.c **** 	GroundEKF_PredictStep(gkal);
 862              		.loc 1 297 2 is_stmt 1 view .LVU242
 863 0006 FFF7FEFF 		bl	GroundEKF_PredictStep
 864              	.LVL69:
 298:Core/Src/GEKF.c **** 	GroundEKF_KalmanGain(gkal); 
 865              		.loc 1 298 2 view .LVU243
 866 000a 2046     		mov	r0, r4
 867 000c FFF7FEFF 		bl	GroundEKF_KalmanGain
 868              	.LVL70:
 299:Core/Src/GEKF.c **** 	GroundEKF_UpdateCovariance(gkal);
 869              		.loc 1 299 2 view .LVU244
 870 0010 2046     		mov	r0, r4
 871 0012 FFF7FEFF 		bl	GroundEKF_UpdateCovariance
 872              	.LVL71:
 300:Core/Src/GEKF.c **** 	GroundEKF_UpdateStep(gkal);
 873              		.loc 1 300 2 view .LVU245
 874 0016 2046     		mov	r0, r4
 875 0018 FFF7FEFF 		bl	GroundEKF_UpdateStep
 876              	.LVL72:
 301:Core/Src/GEKF.c **** 	converged = GroundEKF_Converged(gkal, meas); 
 877              		.loc 1 301 2 view .LVU246
 878              		.loc 1 301 14 is_stmt 0 view .LVU247
 879 001c 2946     		mov	r1, r5
 880 001e 2046     		mov	r0, r4
 881 0020 FFF7FEFF 		bl	GroundEKF_Converged
 882              	.LVL73:
 883              		.loc 1 301 12 view .LVU248
 884 0024 014B     		ldr	r3, .L37
 885 0026 1870     		strb	r0, [r3]
 302:Core/Src/GEKF.c **** 
 303:Core/Src/GEKF.c **** 
 304:Core/Src/GEKF.c **** //	sendS("f", gkal->x.pData[2]);sendS("c", "    ");sendS("f", gkal->x.pData[3]);sendS("c", "\n\r");
 305:Core/Src/GEKF.c **** //	sendMat(&gkal->meas[0], 1, 7);sendS("c", "\n\r"); 
 306:Core/Src/GEKF.c **** }
 886              		.loc 1 306 1 view .LVU249
 887 0028 38BD     		pop	{r3, r4, r5, pc}
 888              	.LVL74:
 889              	.L38:
 890              		.loc 1 306 1 view .LVU250
 891 002a 00BF     		.align	2
 892              	.L37:
 893 002c 00000000 		.word	.LANCHOR18
 894              		.cfi_endproc
 895              	.LFE155:
 897              		.global	Ptemp6x6
 898              		.global	Ptemp7x7
 899              		.global	xtemp6
 900              		.global	xtemp7
 901              		.global	Ky6
 902              		.global	Ky7
ARM GAS  /tmp/ccoeL0NL.s 			page 22


 903              		.global	y6
 904              		.global	y7
 905              		.global	IKHP6x6
 906              		.global	IKHP7x7
 907              		.global	IKH6x6
 908              		.global	IKH7x7
 909              		.global	KH6x6
 910              		.global	KH7x7
 911              		.global	HPHtRIHt6x6
 912              		.global	HPHtRIHt7x7
 913              		.global	HPHtRI6x6
 914              		.global	HPHtRI7x7
 915              		.global	HPHtR6x6
 916              		.global	HPHtR7x7
 917              		.global	HPHt6x6
 918              		.global	HPHt7x7
 919              		.global	HP6x6
 920              		.global	HP7x7
 921              		.global	z_init_6
 922              		.global	C_init_6
 923              		.global	x_init_6
 924              		.global	C_init_7
 925              		.global	x_init_7
 926              		.global	K_init_6x6
 927              		.global	K_init_7x7
 928              		.global	RI6x6
 929              		.global	QI6x6
 930              		.global	HI6x6
 931              		.global	AI6x6
 932              		.global	PI6x6
 933              		.global	RI7x7
 934              		.global	QI7x7
 935              		.global	HI7x7
 936              		.global	AI7x7
 937              		.global	PI7x7
 938              		.global	eps
 939              		.global	converged
 940              		.section	.bss.C_init_6,"aw",%nobits
 941              		.align	2
 944              	C_init_6:
 945 0000 00000000 		.space	24
 945      00000000 
 945      00000000 
 945      00000000 
 945      00000000 
 946              		.section	.bss.C_init_7,"aw",%nobits
 947              		.align	2
 948              		.set	.LANCHOR3,. + 0
 951              	C_init_7:
 952 0000 00000000 		.space	28
 952      00000000 
 952      00000000 
 952      00000000 
 952      00000000 
 953              		.section	.bss.HP6x6,"aw",%nobits
 954              		.align	2
 957              	HP6x6:
ARM GAS  /tmp/ccoeL0NL.s 			page 23


 958 0000 00000000 		.space	144
 958      00000000 
 958      00000000 
 958      00000000 
 958      00000000 
 959              		.section	.bss.HP7x7,"aw",%nobits
 960              		.align	2
 963              	HP7x7:
 964 0000 00000000 		.space	196
 964      00000000 
 964      00000000 
 964      00000000 
 964      00000000 
 965              		.section	.bss.HPHt6x6,"aw",%nobits
 966              		.align	2
 969              	HPHt6x6:
 970 0000 00000000 		.space	144
 970      00000000 
 970      00000000 
 970      00000000 
 970      00000000 
 971              		.section	.bss.HPHt7x7,"aw",%nobits
 972              		.align	2
 975              	HPHt7x7:
 976 0000 00000000 		.space	196
 976      00000000 
 976      00000000 
 976      00000000 
 976      00000000 
 977              		.section	.bss.HPHtR6x6,"aw",%nobits
 978              		.align	2
 981              	HPHtR6x6:
 982 0000 00000000 		.space	144
 982      00000000 
 982      00000000 
 982      00000000 
 982      00000000 
 983              		.section	.bss.HPHtR7x7,"aw",%nobits
 984              		.align	2
 985              		.set	.LANCHOR8,. + 0
 988              	HPHtR7x7:
 989 0000 00000000 		.space	196
 989      00000000 
 989      00000000 
 989      00000000 
 989      00000000 
 990              		.section	.bss.HPHtRI6x6,"aw",%nobits
 991              		.align	2
 994              	HPHtRI6x6:
 995 0000 00000000 		.space	144
 995      00000000 
 995      00000000 
 995      00000000 
 995      00000000 
 996              		.section	.bss.HPHtRI7x7,"aw",%nobits
 997              		.align	2
 998              		.set	.LANCHOR9,. + 0
ARM GAS  /tmp/ccoeL0NL.s 			page 24


 1001              	HPHtRI7x7:
 1002 0000 00000000 		.space	196
 1002      00000000 
 1002      00000000 
 1002      00000000 
 1002      00000000 
 1003              		.section	.bss.HPHtRIHt6x6,"aw",%nobits
 1004              		.align	2
 1007              	HPHtRIHt6x6:
 1008 0000 00000000 		.space	144
 1008      00000000 
 1008      00000000 
 1008      00000000 
 1008      00000000 
 1009              		.section	.bss.HPHtRIHt7x7,"aw",%nobits
 1010              		.align	2
 1013              	HPHtRIHt7x7:
 1014 0000 00000000 		.space	196
 1014      00000000 
 1014      00000000 
 1014      00000000 
 1014      00000000 
 1015              		.section	.bss.IKH6x6,"aw",%nobits
 1016              		.align	2
 1019              	IKH6x6:
 1020 0000 00000000 		.space	144
 1020      00000000 
 1020      00000000 
 1020      00000000 
 1020      00000000 
 1021              		.section	.bss.IKH7x7,"aw",%nobits
 1022              		.align	2
 1023              		.set	.LANCHOR11,. + 0
 1026              	IKH7x7:
 1027 0000 00000000 		.space	196
 1027      00000000 
 1027      00000000 
 1027      00000000 
 1027      00000000 
 1028              		.section	.bss.IKHP6x6,"aw",%nobits
 1029              		.align	2
 1032              	IKHP6x6:
 1033 0000 00000000 		.space	144
 1033      00000000 
 1033      00000000 
 1033      00000000 
 1033      00000000 
 1034              		.section	.bss.IKHP7x7,"aw",%nobits
 1035              		.align	2
 1036              		.set	.LANCHOR12,. + 0
 1039              	IKHP7x7:
 1040 0000 00000000 		.space	196
 1040      00000000 
 1040      00000000 
 1040      00000000 
 1040      00000000 
 1041              		.section	.bss.KH6x6,"aw",%nobits
ARM GAS  /tmp/ccoeL0NL.s 			page 25


 1042              		.align	2
 1045              	KH6x6:
 1046 0000 00000000 		.space	144
 1046      00000000 
 1046      00000000 
 1046      00000000 
 1046      00000000 
 1047              		.section	.bss.KH7x7,"aw",%nobits
 1048              		.align	2
 1049              		.set	.LANCHOR10,. + 0
 1052              	KH7x7:
 1053 0000 00000000 		.space	196
 1053      00000000 
 1053      00000000 
 1053      00000000 
 1053      00000000 
 1054              		.section	.bss.K_init_6x6,"aw",%nobits
 1055              		.align	2
 1058              	K_init_6x6:
 1059 0000 00000000 		.space	144
 1059      00000000 
 1059      00000000 
 1059      00000000 
 1059      00000000 
 1060              		.section	.bss.K_init_7x7,"aw",%nobits
 1061              		.align	2
 1062              		.set	.LANCHOR5,. + 0
 1065              	K_init_7x7:
 1066 0000 00000000 		.space	196
 1066      00000000 
 1066      00000000 
 1066      00000000 
 1066      00000000 
 1067              		.section	.bss.Ky6,"aw",%nobits
 1068              		.align	2
 1071              	Ky6:
 1072 0000 00000000 		.space	24
 1072      00000000 
 1072      00000000 
 1072      00000000 
 1072      00000000 
 1073              		.section	.bss.Ky7,"aw",%nobits
 1074              		.align	2
 1075              		.set	.LANCHOR15,. + 0
 1078              	Ky7:
 1079 0000 00000000 		.space	28
 1079      00000000 
 1079      00000000 
 1079      00000000 
 1079      00000000 
 1080              		.section	.bss.Ptemp6x6,"aw",%nobits
 1081              		.align	2
 1084              	Ptemp6x6:
 1085 0000 00000000 		.space	144
 1085      00000000 
 1085      00000000 
 1085      00000000 
ARM GAS  /tmp/ccoeL0NL.s 			page 26


 1085      00000000 
 1086              		.section	.bss.Ptemp7x7,"aw",%nobits
 1087              		.align	2
 1088              		.set	.LANCHOR13,. + 0
 1091              	Ptemp7x7:
 1092 0000 00000000 		.space	196
 1092      00000000 
 1092      00000000 
 1092      00000000 
 1092      00000000 
 1093              		.section	.bss.converged,"aw",%nobits
 1094              		.set	.LANCHOR18,. + 0
 1097              	converged:
 1098 0000 00       		.space	1
 1099              		.section	.bss.x_init_6,"aw",%nobits
 1100              		.align	2
 1103              	x_init_6:
 1104 0000 00000000 		.space	24
 1104      00000000 
 1104      00000000 
 1104      00000000 
 1104      00000000 
 1105              		.section	.bss.x_init_7,"aw",%nobits
 1106              		.align	2
 1107              		.set	.LANCHOR0,. + 0
 1110              	x_init_7:
 1111 0000 00000000 		.space	28
 1111      00000000 
 1111      00000000 
 1111      00000000 
 1111      00000000 
 1112              		.section	.bss.xtemp6,"aw",%nobits
 1113              		.align	2
 1116              	xtemp6:
 1117 0000 00000000 		.space	24
 1117      00000000 
 1117      00000000 
 1117      00000000 
 1117      00000000 
 1118              		.section	.bss.xtemp7,"aw",%nobits
 1119              		.align	2
 1120              		.set	.LANCHOR16,. + 0
 1123              	xtemp7:
 1124 0000 00000000 		.space	28
 1124      00000000 
 1124      00000000 
 1124      00000000 
 1124      00000000 
 1125              		.section	.bss.y6,"aw",%nobits
 1126              		.align	2
 1129              	y6:
 1130 0000 00000000 		.space	24
 1130      00000000 
 1130      00000000 
 1130      00000000 
 1130      00000000 
 1131              		.section	.bss.y7,"aw",%nobits
ARM GAS  /tmp/ccoeL0NL.s 			page 27


 1132              		.align	2
 1133              		.set	.LANCHOR14,. + 0
 1136              	y7:
 1137 0000 00000000 		.space	28
 1137      00000000 
 1137      00000000 
 1137      00000000 
 1137      00000000 
 1138              		.section	.bss.z_init_6,"aw",%nobits
 1139              		.align	2
 1142              	z_init_6:
 1143 0000 00000000 		.space	24
 1143      00000000 
 1143      00000000 
 1143      00000000 
 1143      00000000 
 1144              		.section	.data.AI6x6,"aw"
 1145              		.align	2
 1148              	AI6x6:
 1149 0000 0000803F 		.word	1065353216
 1150 0004 00000000 		.word	0
 1151 0008 00000000 		.word	0
 1152 000c 00000000 		.word	0
 1153 0010 00000000 		.word	0
 1154 0014 00000000 		.word	0
 1155 0018 00000000 		.word	0
 1156 001c 0000803F 		.word	1065353216
 1157 0020 00000000 		.word	0
 1158 0024 00000000 		.word	0
 1159 0028 00000000 		.word	0
 1160 002c 00000000 		.word	0
 1161 0030 00000000 		.word	0
 1162 0034 00000000 		.word	0
 1163 0038 0000803F 		.word	1065353216
 1164 003c 00000000 		.word	0
 1165 0040 00000000 		.word	0
 1166 0044 00000000 		.word	0
 1167 0048 00000000 		.word	0
 1168 004c 00000000 		.word	0
 1169 0050 00000000 		.word	0
 1170 0054 0000803F 		.word	1065353216
 1171 0058 00000000 		.word	0
 1172 005c 00000000 		.word	0
 1173 0060 00000000 		.word	0
 1174 0064 00000000 		.word	0
 1175 0068 00000000 		.word	0
 1176 006c 00000000 		.word	0
 1177 0070 0000803F 		.word	1065353216
 1178 0074 00000000 		.word	0
 1179 0078 00000000 		.word	0
 1180 007c 00000000 		.word	0
 1181 0080 00000000 		.word	0
 1182 0084 00000000 		.word	0
 1183 0088 00000000 		.word	0
 1184 008c 0000803F 		.word	1065353216
 1185              		.section	.data.AI7x7,"aw"
 1186              		.align	2
ARM GAS  /tmp/ccoeL0NL.s 			page 28


 1187              		.set	.LANCHOR2,. + 0
 1190              	AI7x7:
 1191 0000 0000803F 		.word	1065353216
 1192 0004 00000000 		.word	0
 1193 0008 00000000 		.word	0
 1194 000c 00000000 		.word	0
 1195 0010 00000000 		.word	0
 1196 0014 00000000 		.word	0
 1197 0018 00000000 		.word	0
 1198 001c 00000000 		.word	0
 1199 0020 0000803F 		.word	1065353216
 1200 0024 00000000 		.word	0
 1201 0028 00000000 		.word	0
 1202 002c 00000000 		.word	0
 1203 0030 00000000 		.word	0
 1204 0034 00000000 		.word	0
 1205 0038 00000000 		.word	0
 1206 003c 00000000 		.word	0
 1207 0040 0000803F 		.word	1065353216
 1208 0044 00000000 		.word	0
 1209 0048 00000000 		.word	0
 1210 004c 00000000 		.word	0
 1211 0050 00000000 		.word	0
 1212 0054 00000000 		.word	0
 1213 0058 00000000 		.word	0
 1214 005c 00000000 		.word	0
 1215 0060 0000803F 		.word	1065353216
 1216 0064 00000000 		.word	0
 1217 0068 00000000 		.word	0
 1218 006c 00000000 		.word	0
 1219 0070 00000000 		.word	0
 1220 0074 00000000 		.word	0
 1221 0078 00000000 		.word	0
 1222 007c 00000000 		.word	0
 1223 0080 0000803F 		.word	1065353216
 1224 0084 00000000 		.word	0
 1225 0088 00000000 		.word	0
 1226 008c 00000000 		.word	0
 1227 0090 00000000 		.word	0
 1228 0094 00000000 		.word	0
 1229 0098 00000000 		.word	0
 1230 009c 00000000 		.word	0
 1231 00a0 0000803F 		.word	1065353216
 1232 00a4 00000000 		.word	0
 1233 00a8 00000000 		.word	0
 1234 00ac 00000000 		.word	0
 1235 00b0 00000000 		.word	0
 1236 00b4 00000000 		.word	0
 1237 00b8 00000000 		.word	0
 1238 00bc 00000000 		.word	0
 1239 00c0 0000803F 		.word	1065353216
 1240              		.section	.data.HI6x6,"aw"
 1241              		.align	2
 1244              	HI6x6:
 1245 0000 0000803F 		.word	1065353216
 1246 0004 00000000 		.word	0
 1247 0008 00000000 		.word	0
ARM GAS  /tmp/ccoeL0NL.s 			page 29


 1248 000c 00000000 		.word	0
 1249 0010 00000000 		.word	0
 1250 0014 00000000 		.word	0
 1251 0018 00000000 		.word	0
 1252 001c 0000803F 		.word	1065353216
 1253 0020 00000000 		.word	0
 1254 0024 00000000 		.word	0
 1255 0028 00000000 		.word	0
 1256 002c 00000000 		.word	0
 1257 0030 00000000 		.word	0
 1258 0034 00000000 		.word	0
 1259 0038 0000803F 		.word	1065353216
 1260 003c 00000000 		.word	0
 1261 0040 00000000 		.word	0
 1262 0044 00000000 		.word	0
 1263 0048 00000000 		.word	0
 1264 004c 00000000 		.word	0
 1265 0050 00000000 		.word	0
 1266 0054 0000803F 		.word	1065353216
 1267 0058 00000000 		.word	0
 1268 005c 00000000 		.word	0
 1269 0060 00000000 		.word	0
 1270 0064 00000000 		.word	0
 1271 0068 00000000 		.word	0
 1272 006c 00000000 		.word	0
 1273 0070 0000803F 		.word	1065353216
 1274 0074 00000000 		.word	0
 1275 0078 00000000 		.word	0
 1276 007c 00000000 		.word	0
 1277 0080 00000000 		.word	0
 1278 0084 00000000 		.word	0
 1279 0088 00000000 		.word	0
 1280 008c 0000803F 		.word	1065353216
 1281              		.section	.data.HI7x7,"aw"
 1282              		.align	2
 1283              		.set	.LANCHOR4,. + 0
 1286              	HI7x7:
 1287 0000 0000803F 		.word	1065353216
 1288 0004 00000000 		.word	0
 1289 0008 00000000 		.word	0
 1290 000c 00000000 		.word	0
 1291 0010 00000000 		.word	0
 1292 0014 00000000 		.word	0
 1293 0018 00000000 		.word	0
 1294 001c 00000000 		.word	0
 1295 0020 0000803F 		.word	1065353216
 1296 0024 00000000 		.word	0
 1297 0028 00000000 		.word	0
 1298 002c 00000000 		.word	0
 1299 0030 00000000 		.word	0
 1300 0034 00000000 		.word	0
 1301 0038 00000000 		.word	0
 1302 003c 00000000 		.word	0
 1303 0040 0000803F 		.word	1065353216
 1304 0044 00000000 		.word	0
 1305 0048 00000000 		.word	0
 1306 004c 00000000 		.word	0
ARM GAS  /tmp/ccoeL0NL.s 			page 30


 1307 0050 00000000 		.word	0
 1308 0054 00000000 		.word	0
 1309 0058 00000000 		.word	0
 1310 005c 00000000 		.word	0
 1311 0060 0000803F 		.word	1065353216
 1312 0064 00000000 		.word	0
 1313 0068 00000000 		.word	0
 1314 006c 00000000 		.word	0
 1315 0070 00000000 		.word	0
 1316 0074 00000000 		.word	0
 1317 0078 00000000 		.word	0
 1318 007c 00000000 		.word	0
 1319 0080 0000803F 		.word	1065353216
 1320 0084 00000000 		.word	0
 1321 0088 00000000 		.word	0
 1322 008c 00000000 		.word	0
 1323 0090 00000000 		.word	0
 1324 0094 00000000 		.word	0
 1325 0098 00000000 		.word	0
 1326 009c 00000000 		.word	0
 1327 00a0 0000803F 		.word	1065353216
 1328 00a4 00000000 		.word	0
 1329 00a8 00000000 		.word	0
 1330 00ac 00000000 		.word	0
 1331 00b0 00000000 		.word	0
 1332 00b4 00000000 		.word	0
 1333 00b8 00000000 		.word	0
 1334 00bc 00000000 		.word	0
 1335 00c0 0000803F 		.word	1065353216
 1336              		.section	.data.PI6x6,"aw"
 1337              		.align	2
 1340              	PI6x6:
 1341 0000 0000803F 		.word	1065353216
 1342 0004 00000000 		.word	0
 1343 0008 00000000 		.word	0
 1344 000c 00000000 		.word	0
 1345 0010 00000000 		.word	0
 1346 0014 00000000 		.word	0
 1347 0018 00000000 		.word	0
 1348 001c 0000803F 		.word	1065353216
 1349 0020 00000000 		.word	0
 1350 0024 00000000 		.word	0
 1351 0028 00000000 		.word	0
 1352 002c 00000000 		.word	0
 1353 0030 00000000 		.word	0
 1354 0034 00000000 		.word	0
 1355 0038 0000803F 		.word	1065353216
 1356 003c 00000000 		.word	0
 1357 0040 00000000 		.word	0
 1358 0044 00000000 		.word	0
 1359 0048 00000000 		.word	0
 1360 004c 00000000 		.word	0
 1361 0050 00000000 		.word	0
 1362 0054 0000803F 		.word	1065353216
 1363 0058 00000000 		.word	0
 1364 005c 00000000 		.word	0
 1365 0060 00000000 		.word	0
ARM GAS  /tmp/ccoeL0NL.s 			page 31


 1366 0064 00000000 		.word	0
 1367 0068 00000000 		.word	0
 1368 006c 00000000 		.word	0
 1369 0070 0000803F 		.word	1065353216
 1370 0074 00000000 		.word	0
 1371 0078 00000000 		.word	0
 1372 007c 00000000 		.word	0
 1373 0080 00000000 		.word	0
 1374 0084 00000000 		.word	0
 1375 0088 00000000 		.word	0
 1376 008c 0000803F 		.word	1065353216
 1377              		.section	.data.PI7x7,"aw"
 1378              		.align	2
 1379              		.set	.LANCHOR1,. + 0
 1382              	PI7x7:
 1383 0000 0000803F 		.word	1065353216
 1384 0004 00000000 		.word	0
 1385 0008 00000000 		.word	0
 1386 000c 00000000 		.word	0
 1387 0010 00000000 		.word	0
 1388 0014 00000000 		.word	0
 1389 0018 00000000 		.word	0
 1390 001c 00000000 		.word	0
 1391 0020 0000803F 		.word	1065353216
 1392 0024 00000000 		.word	0
 1393 0028 00000000 		.word	0
 1394 002c 00000000 		.word	0
 1395 0030 00000000 		.word	0
 1396 0034 00000000 		.word	0
 1397 0038 00000000 		.word	0
 1398 003c 00000000 		.word	0
 1399 0040 0000803F 		.word	1065353216
 1400 0044 00000000 		.word	0
 1401 0048 00000000 		.word	0
 1402 004c 00000000 		.word	0
 1403 0050 00000000 		.word	0
 1404 0054 00000000 		.word	0
 1405 0058 00000000 		.word	0
 1406 005c 00000000 		.word	0
 1407 0060 0000803F 		.word	1065353216
 1408 0064 00000000 		.word	0
 1409 0068 00000000 		.word	0
 1410 006c 00000000 		.word	0
 1411 0070 00000000 		.word	0
 1412 0074 00000000 		.word	0
 1413 0078 00000000 		.word	0
 1414 007c 00000000 		.word	0
 1415 0080 0000803F 		.word	1065353216
 1416 0084 00000000 		.word	0
 1417 0088 00000000 		.word	0
 1418 008c 00000000 		.word	0
 1419 0090 00000000 		.word	0
 1420 0094 00000000 		.word	0
 1421 0098 00000000 		.word	0
 1422 009c 00000000 		.word	0
 1423 00a0 0000803F 		.word	1065353216
 1424 00a4 00000000 		.word	0
ARM GAS  /tmp/ccoeL0NL.s 			page 32


 1425 00a8 00000000 		.word	0
 1426 00ac 00000000 		.word	0
 1427 00b0 00000000 		.word	0
 1428 00b4 00000000 		.word	0
 1429 00b8 00000000 		.word	0
 1430 00bc 00000000 		.word	0
 1431 00c0 0000803F 		.word	1065353216
 1432              		.section	.data.QI6x6,"aw"
 1433              		.align	2
 1436              	QI6x6:
 1437 0000 0000803F 		.word	1065353216
 1438 0004 00000000 		.word	0
 1439 0008 00000000 		.word	0
 1440 000c 00000000 		.word	0
 1441 0010 00000000 		.word	0
 1442 0014 00000000 		.word	0
 1443 0018 00000000 		.word	0
 1444 001c 0000803F 		.word	1065353216
 1445 0020 00000000 		.word	0
 1446 0024 00000000 		.word	0
 1447 0028 00000000 		.word	0
 1448 002c 00000000 		.word	0
 1449 0030 00000000 		.word	0
 1450 0034 00000000 		.word	0
 1451 0038 0000803F 		.word	1065353216
 1452 003c 00000000 		.word	0
 1453 0040 00000000 		.word	0
 1454 0044 00000000 		.word	0
 1455 0048 00000000 		.word	0
 1456 004c 00000000 		.word	0
 1457 0050 00000000 		.word	0
 1458 0054 0000803F 		.word	1065353216
 1459 0058 00000000 		.word	0
 1460 005c 00000000 		.word	0
 1461 0060 00000000 		.word	0
 1462 0064 00000000 		.word	0
 1463 0068 00000000 		.word	0
 1464 006c 00000000 		.word	0
 1465 0070 0000803F 		.word	1065353216
 1466 0074 00000000 		.word	0
 1467 0078 00000000 		.word	0
 1468 007c 00000000 		.word	0
 1469 0080 00000000 		.word	0
 1470 0084 00000000 		.word	0
 1471 0088 00000000 		.word	0
 1472 008c 0000803F 		.word	1065353216
 1473              		.section	.data.QI7x7,"aw"
 1474              		.align	2
 1475              		.set	.LANCHOR6,. + 0
 1478              	QI7x7:
 1479 0000 0000803F 		.word	1065353216
 1480 0004 00000000 		.word	0
 1481 0008 00000000 		.word	0
 1482 000c 00000000 		.word	0
 1483 0010 00000000 		.word	0
 1484 0014 00000000 		.word	0
 1485 0018 00000000 		.word	0
ARM GAS  /tmp/ccoeL0NL.s 			page 33


 1486 001c 00000000 		.word	0
 1487 0020 0000803F 		.word	1065353216
 1488 0024 00000000 		.word	0
 1489 0028 00000000 		.word	0
 1490 002c 00000000 		.word	0
 1491 0030 00000000 		.word	0
 1492 0034 00000000 		.word	0
 1493 0038 00000000 		.word	0
 1494 003c 00000000 		.word	0
 1495 0040 0000803F 		.word	1065353216
 1496 0044 00000000 		.word	0
 1497 0048 00000000 		.word	0
 1498 004c 00000000 		.word	0
 1499 0050 00000000 		.word	0
 1500 0054 00000000 		.word	0
 1501 0058 00000000 		.word	0
 1502 005c 00000000 		.word	0
 1503 0060 0000803F 		.word	1065353216
 1504 0064 00000000 		.word	0
 1505 0068 00000000 		.word	0
 1506 006c 00000000 		.word	0
 1507 0070 00000000 		.word	0
 1508 0074 00000000 		.word	0
 1509 0078 00000000 		.word	0
 1510 007c 00000000 		.word	0
 1511 0080 0000803F 		.word	1065353216
 1512 0084 00000000 		.word	0
 1513 0088 00000000 		.word	0
 1514 008c 00000000 		.word	0
 1515 0090 00000000 		.word	0
 1516 0094 00000000 		.word	0
 1517 0098 00000000 		.word	0
 1518 009c 00000000 		.word	0
 1519 00a0 0000803F 		.word	1065353216
 1520 00a4 00000000 		.word	0
 1521 00a8 00000000 		.word	0
 1522 00ac 00000000 		.word	0
 1523 00b0 00000000 		.word	0
 1524 00b4 00000000 		.word	0
 1525 00b8 00000000 		.word	0
 1526 00bc 00000000 		.word	0
 1527 00c0 0000803F 		.word	1065353216
 1528              		.section	.data.RI6x6,"aw"
 1529              		.align	2
 1532              	RI6x6:
 1533 0000 0000803F 		.word	1065353216
 1534 0004 00000000 		.word	0
 1535 0008 00000000 		.word	0
 1536 000c 00000000 		.word	0
 1537 0010 00000000 		.word	0
 1538 0014 00000000 		.word	0
 1539 0018 00000000 		.word	0
 1540 001c 0000803F 		.word	1065353216
 1541 0020 00000000 		.word	0
 1542 0024 00000000 		.word	0
 1543 0028 00000000 		.word	0
 1544 002c 00000000 		.word	0
ARM GAS  /tmp/ccoeL0NL.s 			page 34


 1545 0030 00000000 		.word	0
 1546 0034 00000000 		.word	0
 1547 0038 0000803F 		.word	1065353216
 1548 003c 00000000 		.word	0
 1549 0040 00000000 		.word	0
 1550 0044 00000000 		.word	0
 1551 0048 00000000 		.word	0
 1552 004c 00000000 		.word	0
 1553 0050 00000000 		.word	0
 1554 0054 0000803F 		.word	1065353216
 1555 0058 00000000 		.word	0
 1556 005c 00000000 		.word	0
 1557 0060 00000000 		.word	0
 1558 0064 00000000 		.word	0
 1559 0068 00000000 		.word	0
 1560 006c 00000000 		.word	0
 1561 0070 0000803F 		.word	1065353216
 1562 0074 00000000 		.word	0
 1563 0078 00000000 		.word	0
 1564 007c 00000000 		.word	0
 1565 0080 00000000 		.word	0
 1566 0084 00000000 		.word	0
 1567 0088 00000000 		.word	0
 1568 008c 0000803F 		.word	1065353216
 1569              		.section	.data.RI7x7,"aw"
 1570              		.align	2
 1571              		.set	.LANCHOR7,. + 0
 1574              	RI7x7:
 1575 0000 0000803F 		.word	1065353216
 1576 0004 00000000 		.word	0
 1577 0008 00000000 		.word	0
 1578 000c 00000000 		.word	0
 1579 0010 00000000 		.word	0
 1580 0014 00000000 		.word	0
 1581 0018 00000000 		.word	0
 1582 001c 00000000 		.word	0
 1583 0020 0000803F 		.word	1065353216
 1584 0024 00000000 		.word	0
 1585 0028 00000000 		.word	0
 1586 002c 00000000 		.word	0
 1587 0030 00000000 		.word	0
 1588 0034 00000000 		.word	0
 1589 0038 00000000 		.word	0
 1590 003c 00000000 		.word	0
 1591 0040 0000803F 		.word	1065353216
 1592 0044 00000000 		.word	0
 1593 0048 00000000 		.word	0
 1594 004c 00000000 		.word	0
 1595 0050 00000000 		.word	0
 1596 0054 00000000 		.word	0
 1597 0058 00000000 		.word	0
 1598 005c 00000000 		.word	0
 1599 0060 0000803F 		.word	1065353216
 1600 0064 00000000 		.word	0
 1601 0068 00000000 		.word	0
 1602 006c 00000000 		.word	0
 1603 0070 00000000 		.word	0
ARM GAS  /tmp/ccoeL0NL.s 			page 35


 1604 0074 00000000 		.word	0
 1605 0078 00000000 		.word	0
 1606 007c 00000000 		.word	0
 1607 0080 0000803F 		.word	1065353216
 1608 0084 00000000 		.word	0
 1609 0088 00000000 		.word	0
 1610 008c 00000000 		.word	0
 1611 0090 00000000 		.word	0
 1612 0094 00000000 		.word	0
 1613 0098 00000000 		.word	0
 1614 009c 00000000 		.word	0
 1615 00a0 0000803F 		.word	1065353216
 1616 00a4 00000000 		.word	0
 1617 00a8 00000000 		.word	0
 1618 00ac 00000000 		.word	0
 1619 00b0 00000000 		.word	0
 1620 00b4 00000000 		.word	0
 1621 00b8 00000000 		.word	0
 1622 00bc 00000000 		.word	0
 1623 00c0 0000803F 		.word	1065353216
 1624              		.section	.data.eps,"aw"
 1625              		.align	2
 1626              		.set	.LANCHOR17,. + 0
 1629              	eps:
 1630 0000 BD378635 		.word	897988541
 1631              		.text
 1632              	.Letext0:
 1633              		.file 2 "/usr/include/newlib/machine/_default_types.h"
 1634              		.file 3 "/usr/include/newlib/sys/_stdint.h"
 1635              		.file 4 "Drivers/CMSIS/DSP/Include/arm_math.h"
 1636              		.file 5 "Core/Inc/Sensors.h"
 1637              		.file 6 "Core/Inc/GEKF.h"
 1638              		.file 7 "Core/Inc/EKF_Helpers.h"
 1639              		.file 8 "<built-in>"
ARM GAS  /tmp/ccoeL0NL.s 			page 36


DEFINED SYMBOLS
                            *ABS*:0000000000000000 GEKF.c
     /tmp/ccoeL0NL.s:17     .text.GroundEKF_init:0000000000000000 $t
     /tmp/ccoeL0NL.s:25     .text.GroundEKF_init:0000000000000000 GroundEKF_init
     /tmp/ccoeL0NL.s:224    .text.GroundEKF_init:0000000000000134 $d
     /tmp/ccoeL0NL.s:245    .text.GroundEKF_PredictStep:0000000000000000 $t
     /tmp/ccoeL0NL.s:252    .text.GroundEKF_PredictStep:0000000000000000 GroundEKF_PredictStep
     /tmp/ccoeL0NL.s:305    .text.GroundEKF_KalmanGain:0000000000000000 $t
     /tmp/ccoeL0NL.s:312    .text.GroundEKF_KalmanGain:0000000000000000 GroundEKF_KalmanGain
     /tmp/ccoeL0NL.s:409    .text.GroundEKF_UpdateCovariance:0000000000000000 $t
     /tmp/ccoeL0NL.s:416    .text.GroundEKF_UpdateCovariance:0000000000000000 GroundEKF_UpdateCovariance
     /tmp/ccoeL0NL.s:513    .text.GroundEKF_UpdateStep:0000000000000000 $t
     /tmp/ccoeL0NL.s:520    .text.GroundEKF_UpdateStep:0000000000000000 GroundEKF_UpdateStep
     /tmp/ccoeL0NL.s:662    .text.GroundEKF_Converged:0000000000000000 $t
     /tmp/ccoeL0NL.s:669    .text.GroundEKF_Converged:0000000000000000 GroundEKF_Converged
     /tmp/ccoeL0NL.s:791    .text.GroundEKF_Converged:0000000000000084 $d
     /tmp/ccoeL0NL.s:798    .text.GroundEKF_newMeas:0000000000000000 $t
     /tmp/ccoeL0NL.s:805    .text.GroundEKF_newMeas:0000000000000000 GroundEKF_newMeas
     /tmp/ccoeL0NL.s:838    .text.GroundEKF_run:0000000000000000 $t
     /tmp/ccoeL0NL.s:845    .text.GroundEKF_run:0000000000000000 GroundEKF_run
     /tmp/ccoeL0NL.s:893    .text.GroundEKF_run:000000000000002c $d
     /tmp/ccoeL0NL.s:1084   .bss.Ptemp6x6:0000000000000000 Ptemp6x6
     /tmp/ccoeL0NL.s:1091   .bss.Ptemp7x7:0000000000000000 Ptemp7x7
     /tmp/ccoeL0NL.s:1116   .bss.xtemp6:0000000000000000 xtemp6
     /tmp/ccoeL0NL.s:1123   .bss.xtemp7:0000000000000000 xtemp7
     /tmp/ccoeL0NL.s:1071   .bss.Ky6:0000000000000000 Ky6
     /tmp/ccoeL0NL.s:1078   .bss.Ky7:0000000000000000 Ky7
     /tmp/ccoeL0NL.s:1129   .bss.y6:0000000000000000 y6
     /tmp/ccoeL0NL.s:1136   .bss.y7:0000000000000000 y7
     /tmp/ccoeL0NL.s:1032   .bss.IKHP6x6:0000000000000000 IKHP6x6
     /tmp/ccoeL0NL.s:1039   .bss.IKHP7x7:0000000000000000 IKHP7x7
     /tmp/ccoeL0NL.s:1019   .bss.IKH6x6:0000000000000000 IKH6x6
     /tmp/ccoeL0NL.s:1026   .bss.IKH7x7:0000000000000000 IKH7x7
     /tmp/ccoeL0NL.s:1045   .bss.KH6x6:0000000000000000 KH6x6
     /tmp/ccoeL0NL.s:1052   .bss.KH7x7:0000000000000000 KH7x7
     /tmp/ccoeL0NL.s:1007   .bss.HPHtRIHt6x6:0000000000000000 HPHtRIHt6x6
     /tmp/ccoeL0NL.s:1013   .bss.HPHtRIHt7x7:0000000000000000 HPHtRIHt7x7
     /tmp/ccoeL0NL.s:994    .bss.HPHtRI6x6:0000000000000000 HPHtRI6x6
     /tmp/ccoeL0NL.s:1001   .bss.HPHtRI7x7:0000000000000000 HPHtRI7x7
     /tmp/ccoeL0NL.s:981    .bss.HPHtR6x6:0000000000000000 HPHtR6x6
     /tmp/ccoeL0NL.s:988    .bss.HPHtR7x7:0000000000000000 HPHtR7x7
     /tmp/ccoeL0NL.s:969    .bss.HPHt6x6:0000000000000000 HPHt6x6
     /tmp/ccoeL0NL.s:975    .bss.HPHt7x7:0000000000000000 HPHt7x7
     /tmp/ccoeL0NL.s:957    .bss.HP6x6:0000000000000000 HP6x6
     /tmp/ccoeL0NL.s:963    .bss.HP7x7:0000000000000000 HP7x7
     /tmp/ccoeL0NL.s:1142   .bss.z_init_6:0000000000000000 z_init_6
     /tmp/ccoeL0NL.s:944    .bss.C_init_6:0000000000000000 C_init_6
     /tmp/ccoeL0NL.s:1103   .bss.x_init_6:0000000000000000 x_init_6
     /tmp/ccoeL0NL.s:951    .bss.C_init_7:0000000000000000 C_init_7
     /tmp/ccoeL0NL.s:1110   .bss.x_init_7:0000000000000000 x_init_7
     /tmp/ccoeL0NL.s:1058   .bss.K_init_6x6:0000000000000000 K_init_6x6
     /tmp/ccoeL0NL.s:1065   .bss.K_init_7x7:0000000000000000 K_init_7x7
     /tmp/ccoeL0NL.s:1532   .data.RI6x6:0000000000000000 RI6x6
     /tmp/ccoeL0NL.s:1436   .data.QI6x6:0000000000000000 QI6x6
     /tmp/ccoeL0NL.s:1244   .data.HI6x6:0000000000000000 HI6x6
     /tmp/ccoeL0NL.s:1148   .data.AI6x6:0000000000000000 AI6x6
     /tmp/ccoeL0NL.s:1340   .data.PI6x6:0000000000000000 PI6x6
ARM GAS  /tmp/ccoeL0NL.s 			page 37


     /tmp/ccoeL0NL.s:1574   .data.RI7x7:0000000000000000 RI7x7
     /tmp/ccoeL0NL.s:1478   .data.QI7x7:0000000000000000 QI7x7
     /tmp/ccoeL0NL.s:1286   .data.HI7x7:0000000000000000 HI7x7
     /tmp/ccoeL0NL.s:1190   .data.AI7x7:0000000000000000 AI7x7
     /tmp/ccoeL0NL.s:1382   .data.PI7x7:0000000000000000 PI7x7
     /tmp/ccoeL0NL.s:1629   .data.eps:0000000000000000 eps
     /tmp/ccoeL0NL.s:1097   .bss.converged:0000000000000000 converged
     /tmp/ccoeL0NL.s:941    .bss.C_init_6:0000000000000000 $d
     /tmp/ccoeL0NL.s:947    .bss.C_init_7:0000000000000000 $d
     /tmp/ccoeL0NL.s:954    .bss.HP6x6:0000000000000000 $d
     /tmp/ccoeL0NL.s:960    .bss.HP7x7:0000000000000000 $d
     /tmp/ccoeL0NL.s:966    .bss.HPHt6x6:0000000000000000 $d
     /tmp/ccoeL0NL.s:972    .bss.HPHt7x7:0000000000000000 $d
     /tmp/ccoeL0NL.s:978    .bss.HPHtR6x6:0000000000000000 $d
     /tmp/ccoeL0NL.s:984    .bss.HPHtR7x7:0000000000000000 $d
     /tmp/ccoeL0NL.s:991    .bss.HPHtRI6x6:0000000000000000 $d
     /tmp/ccoeL0NL.s:997    .bss.HPHtRI7x7:0000000000000000 $d
     /tmp/ccoeL0NL.s:1004   .bss.HPHtRIHt6x6:0000000000000000 $d
     /tmp/ccoeL0NL.s:1010   .bss.HPHtRIHt7x7:0000000000000000 $d
     /tmp/ccoeL0NL.s:1016   .bss.IKH6x6:0000000000000000 $d
     /tmp/ccoeL0NL.s:1022   .bss.IKH7x7:0000000000000000 $d
     /tmp/ccoeL0NL.s:1029   .bss.IKHP6x6:0000000000000000 $d
     /tmp/ccoeL0NL.s:1035   .bss.IKHP7x7:0000000000000000 $d
     /tmp/ccoeL0NL.s:1042   .bss.KH6x6:0000000000000000 $d
     /tmp/ccoeL0NL.s:1048   .bss.KH7x7:0000000000000000 $d
     /tmp/ccoeL0NL.s:1055   .bss.K_init_6x6:0000000000000000 $d
     /tmp/ccoeL0NL.s:1061   .bss.K_init_7x7:0000000000000000 $d
     /tmp/ccoeL0NL.s:1068   .bss.Ky6:0000000000000000 $d
     /tmp/ccoeL0NL.s:1074   .bss.Ky7:0000000000000000 $d
     /tmp/ccoeL0NL.s:1081   .bss.Ptemp6x6:0000000000000000 $d
     /tmp/ccoeL0NL.s:1087   .bss.Ptemp7x7:0000000000000000 $d
     /tmp/ccoeL0NL.s:1098   .bss.converged:0000000000000000 $d
     /tmp/ccoeL0NL.s:1100   .bss.x_init_6:0000000000000000 $d
     /tmp/ccoeL0NL.s:1106   .bss.x_init_7:0000000000000000 $d
     /tmp/ccoeL0NL.s:1113   .bss.xtemp6:0000000000000000 $d
     /tmp/ccoeL0NL.s:1119   .bss.xtemp7:0000000000000000 $d
     /tmp/ccoeL0NL.s:1126   .bss.y6:0000000000000000 $d
     /tmp/ccoeL0NL.s:1132   .bss.y7:0000000000000000 $d
     /tmp/ccoeL0NL.s:1139   .bss.z_init_6:0000000000000000 $d
     /tmp/ccoeL0NL.s:1145   .data.AI6x6:0000000000000000 $d
     /tmp/ccoeL0NL.s:1186   .data.AI7x7:0000000000000000 $d
     /tmp/ccoeL0NL.s:1241   .data.HI6x6:0000000000000000 $d
     /tmp/ccoeL0NL.s:1282   .data.HI7x7:0000000000000000 $d
     /tmp/ccoeL0NL.s:1337   .data.PI6x6:0000000000000000 $d
     /tmp/ccoeL0NL.s:1378   .data.PI7x7:0000000000000000 $d
     /tmp/ccoeL0NL.s:1433   .data.QI6x6:0000000000000000 $d
     /tmp/ccoeL0NL.s:1474   .data.QI7x7:0000000000000000 $d
     /tmp/ccoeL0NL.s:1529   .data.RI6x6:0000000000000000 $d
     /tmp/ccoeL0NL.s:1570   .data.RI7x7:0000000000000000 $d
     /tmp/ccoeL0NL.s:1625   .data.eps:0000000000000000 $d

UNDEFINED SYMBOLS
arm_mat_init_f32
memcpy
arm_mat_inverse_f32
arm_mat_mult_f32
