ARM GAS  /tmp/cc981PHF.s 			page 1


   1              		.cpu cortex-m7
   2              		.eabi_attribute 28, 1
   3              		.eabi_attribute 20, 1
   4              		.eabi_attribute 21, 1
   5              		.eabi_attribute 23, 3
   6              		.eabi_attribute 24, 1
   7              		.eabi_attribute 25, 1
   8              		.eabi_attribute 26, 1
   9              		.eabi_attribute 30, 1
  10              		.eabi_attribute 34, 1
  11              		.eabi_attribute 18, 4
  12              		.file	"main.c"
  13              		.text
  14              	.Ltext0:
  15              		.cfi_sections	.debug_frame
  16              		.section	.text.main,"ax",%progbits
  17              		.align	1
  18              		.global	main
  19              		.arch armv7e-m
  20              		.syntax unified
  21              		.thumb
  22              		.thumb_func
  23              		.fpu fpv5-d16
  25              	main:
  26              	.LFB353:
  27              		.file 1 "Core/Src/main.c"
   1:Core/Src/main.c **** #include "init.h"
   2:Core/Src/main.c **** #include "DefFuncs.h"
   3:Core/Src/main.c **** #include "stdio.h"
   4:Core/Src/main.c **** #include "string.h"
   5:Core/Src/main.c **** #include "StateMachine.h"
   6:Core/Src/main.c **** #include "Time.h"
   7:Core/Src/main.c **** 
   8:Core/Src/main.c **** 
   9:Core/Src/main.c **** 
  10:Core/Src/main.c **** int main(void)
  11:Core/Src/main.c **** {
  28              		.loc 1 11 1 view -0
  29              		.cfi_startproc
  30              		@ Volatile: function does not return.
  31              		@ args = 0, pretend = 0, frame = 0
  32              		@ frame_needed = 0, uses_anonymous_args = 0
  33 0000 08B5     		push	{r3, lr}
  34              	.LCFI0:
  35              		.cfi_def_cfa_offset 8
  36              		.cfi_offset 3, -8
  37              		.cfi_offset 14, -4
  12:Core/Src/main.c ****        init();
  38              		.loc 1 12 8 view .LVU1
  39 0002 FFF7FEFF 		bl	init
  40              	.LVL0:
  13:Core/Src/main.c ****        HAL_GPIO_WritePin(GPIOE, GPIO_PIN_2, GPIO_PIN_RESET);
  41              		.loc 1 13 8 view .LVU2
  42 0006 094C     		ldr	r4, .L4
  43 0008 0022     		movs	r2, #0
  44 000a 0421     		movs	r1, #4
  45 000c 2046     		mov	r0, r4
ARM GAS  /tmp/cc981PHF.s 			page 2


  46 000e FFF7FEFF 		bl	HAL_GPIO_WritePin
  47              	.LVL1:
  14:Core/Src/main.c ****        statemachine_init();
  48              		.loc 1 14 8 view .LVU3
  49 0012 FFF7FEFF 		bl	statemachine_init
  50              	.LVL2:
  15:Core/Src/main.c ****        HAL_GPIO_WritePin(GPIOE, GPIO_PIN_2, GPIO_PIN_SET);
  51              		.loc 1 15 8 view .LVU4
  52 0016 0122     		movs	r2, #1
  53 0018 0421     		movs	r1, #4
  54 001a 2046     		mov	r0, r4
  55 001c FFF7FEFF 		bl	HAL_GPIO_WritePin
  56              	.LVL3:
  57              	.L2:
  16:Core/Src/main.c **** 
  17:Core/Src/main.c **** 		      
  18:Core/Src/main.c **** 		      
  19:Core/Src/main.c ****        while(1) 
  58              		.loc 1 19 8 discriminator 1 view .LVU5
  20:Core/Src/main.c ****        {
  21:Core/Src/main.c **** 	       statemachine_run();
  59              		.loc 1 21 9 discriminator 1 view .LVU6
  60 0020 FFF7FEFF 		bl	statemachine_run
  61              	.LVL4:
  22:Core/Src/main.c **** 	       delay_us(20);
  62              		.loc 1 22 9 discriminator 1 view .LVU7
  63 0024 1420     		movs	r0, #20
  64 0026 FFF7FEFF 		bl	delay_us
  65              	.LVL5:
  19:Core/Src/main.c ****        {
  66              		.loc 1 19 13 discriminator 1 view .LVU8
  67 002a F9E7     		b	.L2
  68              	.L5:
  69              		.align	2
  70              	.L4:
  71 002c 00100258 		.word	1476530176
  72              		.cfi_endproc
  73              	.LFE353:
  75              		.text
  76              	.Letext0:
  77              		.file 2 "/usr/lib/gcc/arm-none-eabi/10.3.1/include/stdint.h"
  78              		.file 3 "Drivers/CMSIS/Device/ST/STM32H7xx/Include/stm32h723xx.h"
  79              		.file 4 "Core/Inc/init.h"
  80              		.file 5 "Drivers/STM32H7xx_HAL_Driver/Inc/stm32h7xx_hal_gpio.h"
  81              		.file 6 "Core/Inc/StateMachine.h"
  82              		.file 7 "Core/Inc/Time.h"
ARM GAS  /tmp/cc981PHF.s 			page 3


DEFINED SYMBOLS
                            *ABS*:0000000000000000 main.c
     /tmp/cc981PHF.s:17     .text.main:0000000000000000 $t
     /tmp/cc981PHF.s:25     .text.main:0000000000000000 main
     /tmp/cc981PHF.s:71     .text.main:000000000000002c $d

UNDEFINED SYMBOLS
init
HAL_GPIO_WritePin
statemachine_init
statemachine_run
delay_us
